2025-11-25 10:50:13.854 DEBUG: [ContentDelivery.Uploader] ContentDelivery version 2.154.1 (15401).
2025-11-25 10:50:13.854 DEBUG: [ContentDelivery.Uploader] Created log file at path '/private/var/folders/f9/dc_bp3291t71k5_gwsz6fzs80000gn/T/SFParkingZoneFinder_2025-11-25_10-50-10.347.xcdistributionlogs/ContentDelivery.log'.
2025-11-25 10:50:13.855 DEBUG: [ContentDelivery.Uploader] Show Progress: Contacting Apple Services…
2025-11-25 10:50:13.855 DEBUG: [ContentDelivery.Uploader] APNS device token specified (bundle ID 'com.apple.dt.Xcode.ITunesSoftwareService').
2025-11-25 10:50:13.855 DEBUG: [ContentDelivery.Uploader] Will request push notifications for upload.
2025-11-25 10:50:13.855 DEBUG: [ContentDelivery.Uploader] Will request push notifications for upload.
2025-11-25 10:50:13.857 DEBUG: [ContentDelivery.Uploader] Created NSURLSession with ID=com.apple.cds_07CCCEF7-FA3D-406A-B685-83DCC9896AF5, timeoutIntervalForRequest=900s, timeoutIntervalForResource=604800s
2025-11-25 10:50:13.857 DEBUG: [ContentDelivery.Uploader] CDUploader has network connectivity (May use cellular if available).
2025-11-25 10:50:13.857 DEBUG: [ContentDelivery.Uploader] CDUploader now has network connectivity.
2025-11-25 10:50:13.857 DEBUG: [ContentDelivery.Uploader] 
=======================================
REQUEST CREATE CONTAINER (ASSET_UPLOAD) REQUEST:

         URL: https://contentdelivery.itunes.apple.com/MZContentDeliveryService/iris/provider/043353e8-4ec0-4021-ae7b-91d7b5844c53/v1/builds
     timeout: 900 seconds
      method: POST
 httpHeaders: {
    Accept = "application/json";
    "Accept-Language" = "en-US";
    "Content-Type" = "application/json";
    "User-Agent" = "com.apple.dt.Xcode.ITunesSoftwareService/1.0-22782 (Macintosh; macOS 14.4 23E5205c (arm64)) ContentDelivery/2.154.1-15401";
    "X-Apple-App-Info" = "com.apple.gs.xcode.auth";
    "X-Apple-GS-Token" = "**hidden value**";
    "X-Apple-I-Client-Time" = "2025-11-25T18:50:13Z";
    "X-Apple-I-Identity-Id" = "001207-05-c63d5e19-1b24-4744-ace6-0e053fa915cf";
    "X-Apple-I-Locale" = "en_US";
    "X-Apple-I-MD" = "AAAABQAAABB2QVajFm+ULYZX6Lq06v47AAAAAQ==";
    "X-Apple-I-MD-LU" = 46474BC070086D6D0A95AF50BD2027CFB3112A566FD1C37BFB41737DF3D0484A;
    "X-Apple-I-MD-M" = fLTFZ0cRxY21D0Z55y6ixIcaruug3IhwBLXglo6DXeauaqUlVbmY2oZGqvCfqjNimWPixcUstR7gNpIO;
    "X-Apple-I-MD-RINFO" = 84215040;
    "X-Apple-I-TimeZone" = PST;
    "X-MMe-Client-Info" = "<MacBookPro17,1> <macOS;14.4;23E5205c> <com.apple.AuthKit/1 (com.apple.dt.Xcode.ITunesSoftwareService/22782)>";
    "X-Mme-Device-Id" = "C4C9D203-1396-59DC-B692-9D340B8447F1";
}
    httpBody: {"data":{"attributes":{"cfBundleShortVersionString":"1.0","cfBundleVersion":"1","platform":"IOS"},"relationships":{"app":{"data":{"id":"6755738321","type":"apps"}},"deliveryNotifications":{"data":[{"id":"${notification}","type":"deliveryNotifications"}]}},"type":"builds"},"included":[{"attributes":{"deliveryMechanism":"APNS","deviceId":"33e3e5a1faf7e031f41f6c674cbfa8a8a262df2b299e2c25ba4dc94579bd0d88","environment":"PRODUCTION","sourceApplication":"XCODE"},"id":"${notification}","type":"deliveryNotifications"}]}
========================================
2025-11-25 10:50:13.898 DEBUG: [ContentDelivery.Uploader] Download task 1 sent 517 bytes (517 of 517 bytes sent).
2025-11-25 10:50:14.300 DEBUG: [ContentDelivery.Uploader] Download task 1 did write 4384 bytes.
2025-11-25 10:50:14.300 DEBUG: [ContentDelivery.Uploader] Download task 1 did write file: file:///var/folders/f9/dc_bp3291t71k5_gwsz6fzs80000gn/T/CFNetworkDownload_R7ImCf.tmp
2025-11-25 10:50:14.300 DEBUG: [ContentDelivery.Uploader] 
=======================================
REQUEST CREATE CONTAINER (ASSET_UPLOAD) RESPONSE:

         URL: https://contentdelivery.itunes.apple.com/MZContentDeliveryService/iris/provider/043353e8-4ec0-4021-ae7b-91d7b5844c53/v1/builds
 status code: 201 (created)
 httpHeaders: {
    "Content-Length" = 4384;
    "Content-Type" = "application/json";
    Date = "Tue, 25 Nov 2025 18:50:14 GMT";
    Location = "https://contentdelivery.itunes.apple.com/MZContentDeliveryService/iris/provider/043353e8-4ec0-4021-ae7b-91d7b5844c53/v1/builds/81a90cdf-c725-45cf-b558-02c9388bd97b";
    Server = "daiquiri/5";
    "Set-Cookie" = "dqsid=eyJ0eXAiOiJKV1QiLCJhbGciOiJIUzI1NiJ9.eyJpYXQiOjE3NjQwOTY2MTMsImp0aSI6IlpmTEo5b1BFLXNVOTcxSi1iaHFaeVEifQ.t4TLOY0YAG4JCgSOVPewhtBvSl9W8eQ7Ti7qbJKBDUI; Max-Age=1800; Expires=Tue, 25 Nov 2025 19:20:14 GMT; Path=/; Secure; HTTPOnly";
    "Strict-Transport-Security" = "max-age=31536000; includeSubDomains";
    "apple-originating-system" = MZContentDeliveryService;
    "apple-seq" = "0.0";
    "apple-timing-app" = 287;
    "apple-tk" = false;
    b3 = "33dbb53fc5526798141eb4d1219dc6eb-6287356eb60e4d28";
    "x-apple-jingle-correlation-key" = GPN3KP6FKJTZQFA6WTISDHOG5M;
    "x-apple-request-uuid" = "33dbb53f-c552-6798-141e-b4d1219dc6eb";
    "x-b3-spanid" = 6287356eb60e4d28;
    "x-b3-traceid" = 33dbb53fc5526798141eb4d1219dc6eb;
    "x-daiquiri-instance" = "daiquiri:13624001:mr85p00it-hyhk04174601:7987:25RELEASE148:daiquiri-amp-processing-shared-int-001-mr, daiquiri:18493001:mr85p00it-hyhk03154801:7987:25RELEASE148:daiquiri-amp-all-shared-ext-001-mr";
    "x-daiquiri-rate-limit-timing-user" = 0;
    "x-daiquiri-rate-limit-user" = "user-hour-lim:3600;user-hour-rem:3587;";
}
    httpBody: {
  "data" : {
    "type" : "builds",
    "id" : "81a90cdf-c725-45cf-b558-02c9388bd97b",
    "attributes" : {
      "version" : "1",
      "uploadedDate" : null,
      "processingState" : null,
      "processingErrors" : null,
      "buildProcessingState" : null
    },
    "relationships" : {
      "app" : {
        "links" : {
          "self" : "https://contentdelivery.itunes.apple.com/MZContentDeliveryService/iris/provider/043353e8-4ec0-4021-ae7b-91d7b5844c53/v1/builds/81a90cdf-c725-45cf-b558-02c9388bd97b/relationships/app",
          "related" : "https://contentdelivery.itunes.apple.com/MZContentDeliveryService/iris/provider/043353e8-4ec0-4021-ae7b-91d7b5844c53/v1/builds/81a90cdf-c725-45cf-b558-02c9388bd97b/app"
        }
      },
      "buildDeliveryFiles" : {
        "links" : {
          "self" : "https://contentdelivery.itunes.apple.com/MZContentDeliveryService/iris/provider/043353e8-4ec0-4021-ae7b-91d7b5844c53/v1/builds/81a90cdf-c725-45cf-b558-02c9388bd97b/relationships/buildDeliveryFiles",
          "related" : "https://contentdelivery.itunes.apple.com/MZContentDeliveryService/iris/provider/043353e8-4ec0-4021-ae7b-91d7b5844c53/v1/builds/81a90cdf-c725-45cf-b558-02c9388bd97b/buildDeliveryFiles"
        }
      },
      "deliveryNotifications" : {
        "meta" : {
          "paging" : {
            "total" : 1,
            "limit" : 10
          }
        },
        "data" : [ {
          "type" : "deliveryNotifications",
          "id" : "82ff2f80-110e-42bd-8984-57462392012d"
        } ],
        "links" : {
          "self" : "https://contentdelivery.itunes.apple.com/MZContentDeliveryService/iris/provider/043353e8-4ec0-4021-ae7b-91d7b5844c53/v1/builds/81a90cdf-c725-45cf-b558-02c9388bd97b/relationships/deliveryNotifications",
          "related" : "https://contentdelivery.itunes.apple.com/MZContentDeliveryService/iris/provider/043353e8-4ec0-4021-ae7b-91d7b5844c53/v1/builds/81a90cdf-c725-45cf-b558-02c9388bd97b/deliveryNotifications"
        }
      },
      "buildAssetDescription" : {
        "links" : {
          "self" : "https://contentdelivery.itunes.apple.com/MZContentDeliveryService/iris/provider/043353e8-4ec0-4021-ae7b-91d7b5844c53/v1/builds/81a90cdf-c725-45cf-b558-02c9388bd97b/relationships/buildAssetDescription",
          "related" : "https://contentdelivery.itunes.apple.com/MZContentDeliveryService/iris/provider/043353e8-4ec0-4021-ae7b-91d7b5844c53/v1/builds/81a90cdf-c725-45cf-b558-02c9388bd97b/buildAssetDescription"
        }
      },
      "buildAsset" : {
        "links" : {
          "self" : "https://contentdelivery.itunes.apple.com/MZContentDeliveryService/iris/provider/043353e8-4ec0-4021-ae7b-91d7b5844c53/v1/builds/81a90cdf-c725-45cf-b558-02c9388bd97b/relationships/buildAsset",
          "related" : "https://contentdelivery.itunes.apple.com/MZContentDeliveryService/iris/provider/043353e8-4ec0-4021-ae7b-91d7b5844c53/v1/builds/81a90cdf-c725-45cf-b558-02c9388bd97b/buildAsset"
        }
      },
      "buildAssetSpi" : {
        "links" : {
          "self" : "https://contentdelivery.itunes.apple.com/MZContentDeliveryService/iris/provider/043353e8-4ec0-4021-ae7b-91d7b5844c53/v1/builds/81a90cdf-c725-45cf-b558-02c9388bd97b/relationships/buildAssetSpi",
          "related" : "https://contentdelivery.itunes.apple.com/MZContentDeliveryService/iris/provider/043353e8-4ec0-4021-ae7b-91d7b5844c53/v1/builds/81a90cdf-c725-45cf-b558-02c9388bd97b/buildAssetSpi"
        }
      }
    },
    "links" : {
      "self" : "https://contentdelivery.itunes.apple.com/MZContentDeliveryService/iris/provider/043353e8-4ec0-4021-ae7b-91d7b5844c53/v1/builds/81a90cdf-c725-45cf-b558-02c9388bd97b"
    }
  },
  "included" : [ {
    "type" : "deliveryNotifications",
    "id" : "82ff2f80-110e-42bd-8984-57462392012d",
    "attributes" : {
      "deliveryMechanism" : "APNS",
      "deviceId" : "33e3e5a1faf7e031f41f6c674cbfa8a8a262df2b299e2c25ba4dc94579bd0d88",
      "sourceApplication" : "XCODE",
      "environment" : "PRODUCTION"
    },
    "links" : {
      "self" : "https://contentdelivery.itunes.apple.com/MZContentDeliveryService/iris/provider/043353e8-4ec0-4021-ae7b-91d7b5844c53/v1/deliveryNotifications/82ff2f80-110e-42bd-8984-57462392012d"
    }
  } ],
  "links" : {
    "self" : "https://contentdelivery.itunes.apple.com/MZContentDeliveryService/iris/provider/043353e8-4ec0-4021-ae7b-91d7b5844c53/v1/builds"
  }
}
=======================================
2025-11-25 10:50:14.301 DEBUG: [ContentDelivery.Uploader] Received build ID: 81a90cdf-c725-45cf-b558-02c9388bd97b
2025-11-25 10:50:15.945 DEBUG: [ContentDelivery.Uploader] ContentDelivery version 2.154.1 (15401).
2025-11-25 10:50:15.945 DEBUG: [ContentDelivery.Uploader] Created log file at path '/private/var/folders/f9/dc_bp3291t71k5_gwsz6fzs80000gn/T/SFParkingZoneFinder_2025-11-25_10-50-10.347.xcdistributionlogs/ContentDelivery.log'.
2025-11-25 10:50:15.945 DEBUG: [ContentDelivery.Uploader] Running state machine...
2025-11-25 10:50:15.945 DEBUG: [ContentDelivery.Uploader] Running state 'CDUploaderStateBegin'...
2025-11-25 10:50:15.946 DEBUG: [ContentDelivery.Uploader] Uploading file: /var/folders/f9/dc_bp3291t71k5_gwsz6fzs80000gn/T/XcodeDistPipeline.~~~TDDB3I/Packages/SFParkingZoneFinder.ipa
           File size: 2497750
            Apple ID: 6755738321
Short version string: 1.0
      Version string: 1
            Platform: iOS App
2025-11-25 10:50:15.947 DEBUG: [ContentDelivery.Uploader] Show Progress: Making copy of ‘SFParkingZoneFinder.ipa’…
2025-11-25 10:50:15.948 DEBUG: [ContentDelivery.Uploader] Copied '/var/folders/f9/dc_bp3291t71k5_gwsz6fzs80000gn/T/XcodeDistPipeline.~~~TDDB3I/Packages/SFParkingZoneFinder.ipa' to '/Users/ian/Library/Caches/com.apple.cds/com.apple.cds_B29FDAD3-B3BF-4204-98E0-457C7CB41536/SFParkingZoneFinder.ipa'.
2025-11-25 10:50:15.950 DEBUG: [ContentDelivery.Uploader] Show Progress: Preparing to verify ‘SFParkingZoneFinder.ipa’…
2025-11-25 10:50:15.950 DEBUG: [ContentDelivery.Uploader] Running state 'CDUploaderStateComputeAssetChecksum'...
2025-11-25 10:50:15.964 DEBUG: [ContentDelivery.Uploader] Running state 'CDUploaderStateRequestCreateContainer'...
2025-11-25 10:50:15.965 DEBUG: [ContentDelivery.Uploader] Running state 'CDUploaderStateUploadAssetDescription'...
2025-11-25 10:50:15.965 DEBUG: [ContentDelivery.Uploader] No asset describer was set; using default describer.
2025-11-25 10:50:15.965 DEBUG: [ContentDelivery.Uploader] Show Progress: Analyzing package…
2025-11-25 10:50:15.965 DEBUG: [ContentDelivery.Uploader] myBundlePath: /Applications/Xcode.app/Contents/SharedFrameworks/ContentDelivery.framework
2025-11-25 10:50:15.966 DEBUG: [ContentDelivery.Uploader] Searching for swinfo at: /Applications/Xcode.app/Contents/SharedFrameworks/ContentDeliveryServices.framework/Versions/A/Frameworks/AppStoreService.framework/Versions/A/Support/swinfo
2025-11-25 10:50:15.966 DEBUG: [ContentDelivery.Uploader] Calling swinfo at '/Applications/Xcode.app/Contents/SharedFrameworks/ContentDeliveryServices.framework/Versions/A/Frameworks/AppStoreService.framework/Versions/A/Support/swinfo'.
2025-11-25 10:50:15.966 DEBUG: [ContentDelivery.Uploader] Executing: /Applications/Xcode.app/Contents/SharedFrameworks/ContentDeliveryServices.framework/Versions/A/Frameworks/AppStoreService.framework/Versions/A/Support/swinfo -f /Users/ian/Library/Caches/com.apple.cds/com.apple.cds_B29FDAD3-B3BF-4204-98E0-457C7CB41536/SFParkingZoneFinder.ipa --extra-args /var/folders/f9/dc_bp3291t71k5_gwsz6fzs80000gn/T/swinfo-extra-args-F30ACF22-DA51-4205-94D4-1DBBED7BA7A3.plist -o /var/folders/f9/dc_bp3291t71k5_gwsz6fzs80000gn/T/asset-description-661CE2C5-5862-4325-9D9A-7D25FFE42FB7.xml --plistFormat binary --output-spi -temporary /var/folders/f9/dc_bp3291t71k5_gwsz6fzs80000gn/T
2025-11-25 10:50:17.058 DEBUG: [ContentDelivery.Uploader] Task ‘CDTask’ did terminate in ‘CDSwinfoCommandExecutor’ with exit code 0.
2025-11-25 10:50:17.059 DEBUG: [ContentDelivery.Uploader] Finished: '/Applications/Xcode.app/Contents/SharedFrameworks/ContentDeliveryServices.framework/Versions/A/Frameworks/AppStoreService.framework/Versions/A/Support/swinfo -f /Users/ian/Library/Caches/com.apple.cds/com.apple.cds_B29FDAD3-B3BF-4204-98E0-457C7CB41536/SFParkingZoneFinder.ipa --extra-args /var/folders/f9/dc_bp3291t71k5_gwsz6fzs80000gn/T/swinfo-extra-args-F30ACF22-DA51-4205-94D4-1DBBED7BA7A3.plist -o /var/folders/f9/dc_bp3291t71k5_gwsz6fzs80000gn/T/asset-description-661CE2C5-5862-4325-9D9A-7D25FFE42FB7.xml --plistFormat binary --output-spi -temporary /var/folders/f9/dc_bp3291t71k5_gwsz6fzs80000gn/T' with status 0
2025-11-25 10:50:17.059 DEBUG: [ContentDelivery.Uploader] *** /Applications/Xcode.app/Contents/SharedFrameworks/ContentDeliveryServices.framework/Versions/A/Frameworks/AppStoreService.framework/Versions/A/Support/swinfo
stdout: spi-output-file: /var/folders/f9/dc_bp3291t71k5_gwsz6fzs80000gn/T/DTAppAnalyzerExtractorOutput-ACC60708-B6C3-4040-9E20-70DDE6A1D235.zip

2025-11-25 10:50:17.060 DEBUG: [ContentDelivery.Uploader] dealloc CDSAbstractToolExecutor (CDSwinfoCommandExecutor), _cdTask=/Applications/Xcode.app/Contents/SharedFrameworks/ContentDeliveryServices.framework/Versions/A/Frameworks/AppStoreService.framework/Versions/A/Support/swinfo -f /Users/ian/Library/Caches/com.apple.cds/com.apple.cds_B29FDAD3-B3BF-4204-98E0-457C7CB41536/SFParkingZoneFinder.ipa --extra-args /var/folders/f9/dc_bp3291t71k5_gwsz6fzs80000gn/T/swinfo-extra-args-F30ACF22-DA51-4205-94D4-1DBBED7BA7A3.plist -o /var/folders/f9/dc_bp3291t71k5_gwsz6fzs80000gn/T/asset-description-661CE2C5-5862-4325-9D9A-7D25FFE42FB7.xml --plistFormat binary --output-spi -temporary /var/folders/f9/dc_bp3291t71k5_gwsz6fzs80000gn/T
2025-11-25 10:50:17.060 DEBUG: [ContentDelivery.Uploader] Asset description file: /var/folders/f9/dc_bp3291t71k5_gwsz6fzs80000gn/T/asset-description-661CE2C5-5862-4325-9D9A-7D25FFE42FB7.xml
2025-11-25 10:50:17.060 DEBUG: [ContentDelivery.Uploader] SPI file: /var/folders/f9/dc_bp3291t71k5_gwsz6fzs80000gn/T/DTAppAnalyzerExtractorOutput-ACC60708-B6C3-4040-9E20-70DDE6A1D235.zip
2025-11-25 10:50:17.061 DEBUG: [ContentDelivery.Uploader] Creating container for asset description.
2025-11-25 10:50:17.061 DEBUG: [ContentDelivery.Uploader] Getting upload instructions for asset description.
2025-11-25 10:50:17.063 DEBUG: [ContentDelivery.Uploader] Created NSURLSession with ID=com.apple.cds_B29FDAD3-B3BF-4204-98E0-457C7CB41536, timeoutIntervalForRequest=900s, timeoutIntervalForResource=604800s
2025-11-25 10:50:17.063 DEBUG: [ContentDelivery.Uploader] CDUploader has network connectivity (May use cellular if available).
2025-11-25 10:50:17.063 DEBUG: [ContentDelivery.Uploader] CDUploader now has network connectivity.
2025-11-25 10:50:17.063 DEBUG: [ContentDelivery.Uploader] 
=======================================
RETRIEVE UPLOAD OPERATIONS (UPLOADING ASSET DESCRIPTION) REQUEST:

         URL: https://contentdelivery.itunes.apple.com/MZContentDeliveryService/iris/provider/043353e8-4ec0-4021-ae7b-91d7b5844c53/v1/buildDeliveryFiles
     timeout: 900 seconds
      method: POST
 httpHeaders: {
    Accept = "application/json";
    "Accept-Language" = "en-US";
    "Content-Type" = "application/json";
    "User-Agent" = "com.apple.dt.Xcode.ITunesSoftwareService/1.0-22782 (Macintosh; macOS 14.4 23E5205c (arm64)) ContentDelivery/2.154.1-15401";
    "X-Apple-App-Info" = "com.apple.gs.xcode.auth";
    "X-Apple-GS-Token" = "**hidden value**";
    "X-Apple-I-Client-Time" = "2025-11-25T18:50:17Z";
    "X-Apple-I-Identity-Id" = "001207-05-c63d5e19-1b24-4744-ace6-0e053fa915cf";
    "X-Apple-I-Locale" = "en_US";
    "X-Apple-I-MD" = "AAAABQAAABB2QVajFm+ULYZX6Lq06v47AAAAAQ==";
    "X-Apple-I-MD-LU" = 46474BC070086D6D0A95AF50BD2027CFB3112A566FD1C37BFB41737DF3D0484A;
    "X-Apple-I-MD-M" = fLTFZ0cRxY21D0Z55y6ixIcaruug3IhwBLXglo6DXeauaqUlVbmY2oZGqvCfqjNimWPixcUstR7gNpIO;
    "X-Apple-I-MD-RINFO" = 84215040;
    "X-Apple-I-TimeZone" = PST;
    "X-MMe-Client-Info" = "<MacBookPro17,1> <macOS;14.4;23E5205c> <com.apple.AuthKit/1 (com.apple.dt.Xcode.ITunesSoftwareService/22782)>";
    "X-Mme-Device-Id" = "C4C9D203-1396-59DC-B692-9D340B8447F1";
}
    httpBody: {"data":{"attributes":{"assetType":"ASSET_DESCRIPTION","fileName":"asset-description-661CE2C5-5862-4325-9D9A-7D25FFE42FB7.xml","fileSize":231407,"sourceFileChecksum":"b55a42d1a3750dcfaa9bbe0fe8fa33e7","uti":"public.binary"},"relationships":{"build":{"data":{"id":"81a90cdf-c725-45cf-b558-02c9388bd97b","type":"builds"}}},"type":"buildDeliveryFiles"}}
========================================
2025-11-25 10:50:17.106 DEBUG: [ContentDelivery.Uploader] Download task 1 sent 350 bytes (350 of 350 bytes sent).
2025-11-25 10:50:17.785 DEBUG: [ContentDelivery.Uploader] Download task 1 did write 2503 bytes.
2025-11-25 10:50:17.785 DEBUG: [ContentDelivery.Uploader] Download task 1 did write file: file:///var/folders/f9/dc_bp3291t71k5_gwsz6fzs80000gn/T/CFNetworkDownload_kW7fI7.tmp
2025-11-25 10:50:17.786 DEBUG: [ContentDelivery.Uploader] 
=======================================
RETRIEVE UPLOAD OPERATIONS (UPLOADING ASSET DESCRIPTION) RESPONSE:

         URL: https://contentdelivery.itunes.apple.com/MZContentDeliveryService/iris/provider/043353e8-4ec0-4021-ae7b-91d7b5844c53/v1/buildDeliveryFiles
 status code: 201 (created)
 httpHeaders: {
    "Content-Length" = 2503;
    "Content-Type" = "application/json";
    Date = "Tue, 25 Nov 2025 18:50:17 GMT";
    Location = "https://contentdelivery.itunes.apple.com/MZContentDeliveryService/iris/provider/043353e8-4ec0-4021-ae7b-91d7b5844c53/v1/buildDeliveryFiles/a8345082-1178-4bf0-96f2-bfc54b84ce03";
    Server = "daiquiri/5";
    "Set-Cookie" = "dqsid=eyJ0eXAiOiJKV1QiLCJhbGciOiJIUzI1NiJ9.eyJpYXQiOjE3NjQwOTY2MTcsImp0aSI6ImtZME54aGVvNWQzM0FzdUlpNzRXWHcifQ.gTBWIQ3wtOVZ2UwA6WCJqd9j2rNEJgjo8b7KoK3OP3Q; Max-Age=1800; Expires=Tue, 25 Nov 2025 19:20:17 GMT; Path=/; Secure; HTTPOnly";
    "Strict-Transport-Security" = "max-age=31536000; includeSubDomains";
    "apple-originating-system" = MZContentDeliveryService;
    "apple-seq" = "0.0";
    "apple-timing-app" = 423;
    "apple-tk" = false;
    b3 = "47006db203e648ed1fa70a0241dd759a-0b20631b89234ccf";
    "x-apple-jingle-correlation-key" = I4AG3MQD4ZEO2H5HBIBEDXLVTI;
    "x-apple-request-uuid" = "47006db2-03e6-48ed-1fa7-0a0241dd759a";
    "x-b3-spanid" = 0b20631b89234ccf;
    "x-b3-traceid" = 47006db203e648ed1fa70a0241dd759a;
    "x-daiquiri-instance" = "daiquiri:13624001:mr85p00it-hyhk04174601:7987:25RELEASE148:daiquiri-amp-processing-shared-int-001-mr, daiquiri:18493001:mr85p00it-hyhk03154801:7987:25RELEASE148:daiquiri-amp-all-shared-ext-001-mr";
    "x-daiquiri-rate-limit-timing-user" = 0;
    "x-daiquiri-rate-limit-user" = "user-hour-lim:3600;user-hour-rem:3586;";
}
    httpBody: {
  "data" : {
    "type" : "buildDeliveryFiles",
    "id" : "a8345082-1178-4bf0-96f2-bfc54b84ce03",
    "attributes" : {
      "assetType" : "ASSET_DESCRIPTION",
      "fileSize" : 231407,
      "fileName" : "asset-description-661CE2C5-5862-4325-9D9A-7D25FFE42FB7.xml",
      "sourceFileChecksum" : "b55a42d1a3750dcfaa9bbe0fe8fa33e7",
      "assetToken" : "PurpleSource211/v4/8e/4d/19/8e4d196a-3574-9c02-2920-5a4eb1cbe65c/9ca7fceb-6f51-48d0-8f0c-2cc39e0c3b25",
      "uploadOperations" : [ {
        "method" : "PUT",
        "url" : "https://northamerica-1.object-storage.apple.com/itmspod11-assets-massilia-200001/PurpleSource211/v4/8e/4d/19/8e4d196a-3574-9c02-2920-5a4eb1cbe65c/ZVkiG8b6CkUsOZZo-rTLuaA7ATC0_bb2zxa20f1SAOE_U003d-1764096617414?partNumber=1&uploadId=95d085f0-ca2f-11f0-ad64-70b2b9106339&apple-asset-repo-correlation-key=I4AG3MQD4ZEO2H5HBIBEDXLVTI&X-Amz-Algorithm=AWS4-HMAC-SHA256&X-Amz-Date=20251125T185017Z&X-Amz-SignedHeaders=host&X-Amz-Credential=MKIAP7F9QNTEY48OTE7F%2F20251125%2Fnorthamerica-1%2Fs3%2Faws4_request&X-Amz-Expires=604800&X-Amz-Signature=4cb13370ac0931144cd77f0c7d001cad8ba7f48efb2db6d169eb229261056e63",
        "length" : 231407,
        "offset" : 0,
        "requestHeaders" : [ {
          "name" : "Content-Type",
          "value" : "application/octet-stream"
        } ],
        "expiration" : "2025-12-02T10:50:17.594-08:00",
        "partNumber" : 1,
        "entityTag" : null
      } ],
      "uti" : "public.binary",
      "assetDeliveryState" : {
        "errors" : [ ],
        "warnings" : [ ],
        "state" : "AWAITING_UPLOAD"
      }
    },
    "relationships" : {
      "build" : {
        "links" : {
          "self" : "https://contentdelivery.itunes.apple.com/MZContentDeliveryService/iris/provider/043353e8-4ec0-4021-ae7b-91d7b5844c53/v1/buildDeliveryFiles/a8345082-1178-4bf0-96f2-bfc54b84ce03/relationships/build",
          "related" : "https://contentdelivery.itunes.apple.com/MZContentDeliveryService/iris/provider/043353e8-4ec0-4021-ae7b-91d7b5844c53/v1/buildDeliveryFiles/a8345082-1178-4bf0-96f2-bfc54b84ce03/build"
        }
      }
    },
    "links" : {
      "self" : "https://contentdelivery.itunes.apple.com/MZContentDeliveryService/iris/provider/043353e8-4ec0-4021-ae7b-91d7b5844c53/v1/buildDeliveryFiles/a8345082-1178-4bf0-96f2-bfc54b84ce03"
    }
  },
  "links" : {
    "self" : "https://contentdelivery.itunes.apple.com/MZContentDeliveryService/iris/provider/043353e8-4ec0-4021-ae7b-91d7b5844c53/v1/buildDeliveryFiles"
  }
}
=======================================
2025-11-25 10:50:17.786 DEBUG: [ContentDelivery.Uploader] Show Progress: Sending analysis to App Store Connect…
2025-11-25 10:50:17.787 DEBUG: [ContentDelivery.Uploader] 
=======================================
UPLOADING ASSET DESCRIPTION
=======================================
2025-11-25 10:50:17.791 DEBUG: [ContentDelivery.Uploader] Wrote part 1 to temp file '/var/folders/f9/dc_bp3291t71k5_gwsz6fzs80000gn/T/com.apple.cds.vbtx/com.apple.cds_B29FDAD3-B3BF-4204-98E0-457C7CB41536/Part-1.tmp'.
2025-11-25 10:50:17.792 DEBUG: [ContentDelivery.Uploader] Adding upload task for part 1.
2025-11-25 10:50:17.792 DEBUG: [ContentDelivery.Uploader] Upload tasks created. Waiting for them to finish uploading.
2025-11-25 10:50:17.893 DEBUG: [ContentDelivery.Uploader] PROGRESS - PART 1 (231407) - 'asset-description-661CE2C5-5862-4325-9D9A-7D25FFE42FB7.xml' 100.00% (231407/231407)
2025-11-25 10:50:18.183 DEBUG: [ContentDelivery.Uploader] Uploading part 1 COMPLETE.
2025-11-25 10:50:18.184 DEBUG: [ContentDelivery.Uploader] COMPLETED - PART 1 - asset-description-661CE2C5-5862-4325-9D9A-7D25FFE42FB7.xml - eTag: "B55A42D1A3750DCFAA9BBE0FE8FA33E7"
2025-11-25 10:50:18.184 DEBUG: [ContentDelivery.Uploader] Removed temporary part file '/private/var/folders/f9/dc_bp3291t71k5_gwsz6fzs80000gn/T/com.apple.cds.vbtx/com.apple.cds_B29FDAD3-B3BF-4204-98E0-457C7CB41536/Part-1.tmp'.
2025-11-25 10:50:18.184 DEBUG: [ContentDelivery.Uploader] All parts have been uploaded.
2025-11-25 10:50:18.185 DEBUG: [ContentDelivery.Uploader] Time to transfer: 0.102 seconds
2025-11-25 10:50:18.185 DEBUG: [ContentDelivery.Uploader] Removed temporary directory '/private/var/folders/f9/dc_bp3291t71k5_gwsz6fzs80000gn/T/com.apple.cds.vbtx/com.apple.cds_B29FDAD3-B3BF-4204-98E0-457C7CB41536'.
2025-11-25 10:50:18.185 DEBUG: [ContentDelivery.Uploader] Show Progress: Waiting for App Store Connect analysis response…
2025-11-25 10:50:18.186 DEBUG: [ContentDelivery.Uploader] 
=======================================
CHANGE UPLOAD STATE TO COMPLETE (UPLOADING ASSET DESCRIPTION)
=======================================
2025-11-25 10:50:18.190 DEBUG: [ContentDelivery.Uploader] 
=======================================
CHANGE UPLOAD STATE TO COMPLETE (UPLOADING ASSET DESCRIPTION) REQUEST:

         URL: https://contentdelivery.itunes.apple.com/MZContentDeliveryService/iris/provider/043353e8-4ec0-4021-ae7b-91d7b5844c53/v1/buildDeliveryFiles/a8345082-1178-4bf0-96f2-bfc54b84ce03
     timeout: 900 seconds
      method: PATCH
 httpHeaders: {
    Accept = "application/json";
    "Accept-Language" = "en-US";
    "Content-Type" = "application/json";
    "User-Agent" = "com.apple.dt.Xcode.ITunesSoftwareService/1.0-22782 (Macintosh; macOS 14.4 23E5205c (arm64)) ContentDelivery/2.154.1-15401";
    "X-Apple-App-Info" = "com.apple.gs.xcode.auth";
    "X-Apple-GS-Token" = "**hidden value**";
    "X-Apple-I-Client-Time" = "2025-11-25T18:50:18Z";
    "X-Apple-I-Identity-Id" = "001207-05-c63d5e19-1b24-4744-ace6-0e053fa915cf";
    "X-Apple-I-Locale" = "en_US";
    "X-Apple-I-MD" = "AAAABQAAABB2QVajFm+ULYZX6Lq06v47AAAAAQ==";
    "X-Apple-I-MD-LU" = 46474BC070086D6D0A95AF50BD2027CFB3112A566FD1C37BFB41737DF3D0484A;
    "X-Apple-I-MD-M" = fLTFZ0cRxY21D0Z55y6ixIcaruug3IhwBLXglo6DXeauaqUlVbmY2oZGqvCfqjNimWPixcUstR7gNpIO;
    "X-Apple-I-MD-RINFO" = 84215040;
    "X-Apple-I-TimeZone" = PST;
    "X-MMe-Client-Info" = "<MacBookPro17,1> <macOS;14.4;23E5205c> <com.apple.AuthKit/1 (com.apple.dt.Xcode.ITunesSoftwareService/22782)>";
    "X-Mme-Device-Id" = "C4C9D203-1396-59DC-B692-9D340B8447F1";
}
    httpBody: {"data":{"attributes":{"uploaded":true},"id":"a8345082-1178-4bf0-96f2-bfc54b84ce03","type":"buildDeliveryFiles"}}
========================================
2025-11-25 10:50:18.192 DEBUG: [ContentDelivery.Uploader] Download task 3 sent 113 bytes (113 of 113 bytes sent).
2025-11-25 10:50:20.579 DEBUG: [ContentDelivery.Uploader] Download task 3 did write 432 bytes.
2025-11-25 10:50:20.579 DEBUG: [ContentDelivery.Uploader] Download task 3 did write file: file:///var/folders/f9/dc_bp3291t71k5_gwsz6fzs80000gn/T/CFNetworkDownload_0PfZ2f.tmp
2025-11-25 10:50:20.580 DEBUG: [ContentDelivery.Uploader] 
=======================================
CHANGE UPLOAD STATE TO COMPLETE (UPLOADING ASSET DESCRIPTION) RESPONSE:

         URL: https://contentdelivery.itunes.apple.com/MZContentDeliveryService/iris/provider/043353e8-4ec0-4021-ae7b-91d7b5844c53/v1/buildDeliveryFiles/a8345082-1178-4bf0-96f2-bfc54b84ce03
 status code: 409 (conflict)
 httpHeaders: {
    "Content-Length" = 432;
    "Content-Type" = "application/json";
    Date = "Tue, 25 Nov 2025 18:50:20 GMT";
    Server = "daiquiri/5";
    "Set-Cookie" = "dqsid=eyJ0eXAiOiJKV1QiLCJhbGciOiJIUzI1NiJ9.eyJpYXQiOjE3NjQwOTY2MTcsImp0aSI6ImtZME54aGVvNWQzM0FzdUlpNzRXWHcifQ.gTBWIQ3wtOVZ2UwA6WCJqd9j2rNEJgjo8b7KoK3OP3Q; Max-Age=1800; Expires=Tue, 25 Nov 2025 19:20:18 GMT; Path=/; Secure; HTTPOnly";
    "Strict-Transport-Security" = "max-age=31536000; includeSubDomains";
    "apple-originating-system" = MZContentDeliveryService;
    "apple-seq" = "0.0";
    "apple-timing-app" = 2255;
    "apple-tk" = false;
    b3 = "50dfe5f9d7b9270c3ca4228c194be80d-707916f9fbb59ada";
    "x-apple-jingle-correlation-key" = KDP6L6OXXETQYPFEEKGBSS7IBU;
    "x-apple-request-uuid" = "50dfe5f9-d7b9-270c-3ca4-228c194be80d";
    "x-b3-spanid" = 707916f9fbb59ada;
    "x-b3-traceid" = 50dfe5f9d7b9270c3ca4228c194be80d;
    "x-daiquiri-instance" = "daiquiri:33624001:pv50p00it-hyhk10063801:7987:25RELEASE148:daiquiri-amp-processing-shared-int-001-pv, daiquiri:18493001:mr85p00it-hyhk03154801:7987:25RELEASE148:daiquiri-amp-all-shared-ext-001-mr";
    "x-daiquiri-rate-limit-timing-user" = 0;
    "x-daiquiri-rate-limit-user" = "user-hour-lim:3600;user-hour-rem:3585;";
}
    httpBody: {
  "errors" : [ {
    "id" : "7a3b6504-f5b6-49b3-bf58-10da5c93e32d",
    "status" : "409",
    "code" : "STATE_ERROR.VALIDATION_ERROR",
    "title" : "Validation failed",
    "detail" : "SDK version issue. This app was built with the iOS 17.5 SDK. All iOS and iPadOS apps must be built with the iOS 18 SDK or later, included in Xcode 16 or later, in order to be uploaded to App Store Connect or submitted for distribution."
  } ]
}
=======================================
2025-11-25 10:50:20.580 ERROR: [ContentDelivery.Uploader] Validation failed (409) SDK version issue. This app was built with the iOS 17.5 SDK. All iOS and iPadOS apps must be built with the iOS 18 SDK or later, included in Xcode 16 or later, in order to be uploaded to App Store Connect or submitted for distribution. (ID: 7a3b6504-f5b6-49b3-bf58-10da5c93e32d)
2025-11-25 10:50:20.580 DEBUG: [ContentDelivery.Uploader] Error Domain=ContentDelivery Code=409 "Validation failed" UserInfo={NSLocalizedFailureReason=SDK version issue. This app was built with the iOS 17.5 SDK. All iOS and iPadOS apps must be built with the iOS 18 SDK or later, included in Xcode 16 or later, in order to be uploaded to App Store Connect or submitted for distribution. (ID: 7a3b6504-f5b6-49b3-bf58-10da5c93e32d), NSUnderlyingError=0x600002f33ea0 {Error Domain=IrisAPI Code=-19241 "Validation failed" UserInfo={status=409, detail=SDK version issue. This app was built with the iOS 17.5 SDK. All iOS and iPadOS apps must be built with the iOS 18 SDK or later, included in Xcode 16 or later, in order to be uploaded to App Store Connect or submitted for distribution., id=7a3b6504-f5b6-49b3-bf58-10da5c93e32d, code=STATE_ERROR.VALIDATION_ERROR, title=Validation failed, NSLocalizedFailureReason=SDK version issue. This app was built with the iOS 17.5 SDK. All iOS and iPadOS apps must be built with the iOS 18 SDK or later, included in Xcode 16 or later, in order to be uploaded to App Store Connect or submitted for distribution., NSLocalizedDescription=Validation failed}}, iris-code=STATE_ERROR.VALIDATION_ERROR, NSLocalizedDescription=Validation failed}
2025-11-25 10:50:20.581 DEBUG: [ContentDelivery.Uploader] swinfo errors: (
    "Error Domain=ContentDelivery Code=409 \"Validation failed\" UserInfo={NSLocalizedFailureReason=SDK version issue. This app was built with the iOS 17.5 SDK. All iOS and iPadOS apps must be built with the iOS 18 SDK or later, included in Xcode 16 or later, in order to be uploaded to App Store Connect or submitted for distribution. (ID: 7a3b6504-f5b6-49b3-bf58-10da5c93e32d), NSUnderlyingError=0x600002f33ea0 {Error Domain=IrisAPI Code=-19241 \"Validation failed\" UserInfo={status=409, detail=SDK version issue. This app was built with the iOS 17.5 SDK. All iOS and iPadOS apps must be built with the iOS 18 SDK or later, included in Xcode 16 or later, in order to be uploaded to App Store Connect or submitted for distribution., id=7a3b6504-f5b6-49b3-bf58-10da5c93e32d, code=STATE_ERROR.VALIDATION_ERROR, title=Validation failed, NSLocalizedFailureReason=SDK version issue. This app was built with the iOS 17.5 SDK. All iOS and iPadOS apps must be built with the iOS 18 SDK or later, included in Xcode 16 or later, in order to be uploaded to App Store Connect or submitted for distribution., NSLocalizedDescription=Validation failed}}, iris-code=STATE_ERROR.VALIDATION_ERROR, NSLocalizedDescription=Validation failed}"
)
2025-11-25 10:50:20.584 DEBUG: [ContentDelivery.Uploader] Creating container for SPI analysis.
2025-11-25 10:50:20.584 DEBUG: [ContentDelivery.Uploader] Getting upload instructions for SPI analysis.
2025-11-25 10:50:20.588 DEBUG: [ContentDelivery.Uploader] 
=======================================
RETRIEVE UPLOAD OPERATIONS (UPLOADING SPI ANALYSIS) REQUEST:

         URL: https://contentdelivery.itunes.apple.com/MZContentDeliveryService/iris/provider/043353e8-4ec0-4021-ae7b-91d7b5844c53/v1/buildDeliveryFiles
     timeout: 900 seconds
      method: POST
 httpHeaders: {
    Accept = "application/json";
    "Accept-Language" = "en-US";
    "Content-Type" = "application/json";
    "User-Agent" = "com.apple.dt.Xcode.ITunesSoftwareService/1.0-22782 (Macintosh; macOS 14.4 23E5205c (arm64)) ContentDelivery/2.154.1-15401";
    "X-Apple-App-Info" = "com.apple.gs.xcode.auth";
    "X-Apple-GS-Token" = "**hidden value**";
    "X-Apple-I-Client-Time" = "2025-11-25T18:50:20Z";
    "X-Apple-I-Identity-Id" = "001207-05-c63d5e19-1b24-4744-ace6-0e053fa915cf";
    "X-Apple-I-Locale" = "en_US";
    "X-Apple-I-MD" = "AAAABQAAABB2QVajFm+ULYZX6Lq06v47AAAAAQ==";
    "X-Apple-I-MD-LU" = 46474BC070086D6D0A95AF50BD2027CFB3112A566FD1C37BFB41737DF3D0484A;
    "X-Apple-I-MD-M" = fLTFZ0cRxY21D0Z55y6ixIcaruug3IhwBLXglo6DXeauaqUlVbmY2oZGqvCfqjNimWPixcUstR7gNpIO;
    "X-Apple-I-MD-RINFO" = 84215040;
    "X-Apple-I-TimeZone" = PST;
    "X-MMe-Client-Info" = "<MacBookPro17,1> <macOS;14.4;23E5205c> <com.apple.AuthKit/1 (com.apple.dt.Xcode.ITunesSoftwareService/22782)>";
    "X-Mme-Device-Id" = "C4C9D203-1396-59DC-B692-9D340B8447F1";
}
    httpBody: {"data":{"attributes":{"assetType":"ASSET_SPI","fileName":"DTAppAnalyzerExtractorOutput-ACC60708-B6C3-4040-9E20-70DDE6A1D235.zip","fileSize":562692,"sourceFileChecksum":"843453251d9538dfaf271b14df7ff626","uti":"com.pkware.zip-archive"},"relationships":{"build":{"data":{"id":"81a90cdf-c725-45cf-b558-02c9388bd97b","type":"builds"}}},"type":"buildDeliveryFiles"}}
========================================
2025-11-25 10:50:20.591 DEBUG: [ContentDelivery.Uploader] Download task 4 sent 362 bytes (362 of 362 bytes sent).
2025-11-25 10:50:20.869 DEBUG: [ContentDelivery.Uploader] Download task 4 did write 2515 bytes.
2025-11-25 10:50:20.869 DEBUG: [ContentDelivery.Uploader] Download task 4 did write file: file:///var/folders/f9/dc_bp3291t71k5_gwsz6fzs80000gn/T/CFNetworkDownload_I7LGpl.tmp
2025-11-25 10:50:20.870 DEBUG: [ContentDelivery.Uploader] 
=======================================
RETRIEVE UPLOAD OPERATIONS (UPLOADING SPI ANALYSIS) RESPONSE:

         URL: https://contentdelivery.itunes.apple.com/MZContentDeliveryService/iris/provider/043353e8-4ec0-4021-ae7b-91d7b5844c53/v1/buildDeliveryFiles
 status code: 201 (created)
 httpHeaders: {
    "Content-Length" = 2515;
    "Content-Type" = "application/json";
    Date = "Tue, 25 Nov 2025 18:50:20 GMT";
    Location = "https://contentdelivery.itunes.apple.com/MZContentDeliveryService/iris/provider/043353e8-4ec0-4021-ae7b-91d7b5844c53/v1/buildDeliveryFiles/4523ed67-182a-4026-ab1c-3a2fc7d73b5e";
    Server = "daiquiri/5";
    "Set-Cookie" = "dqsid=eyJ0eXAiOiJKV1QiLCJhbGciOiJIUzI1NiJ9.eyJpYXQiOjE3NjQwOTY2MTcsImp0aSI6ImtZME54aGVvNWQzM0FzdUlpNzRXWHcifQ.gTBWIQ3wtOVZ2UwA6WCJqd9j2rNEJgjo8b7KoK3OP3Q; Max-Age=1800; Expires=Tue, 25 Nov 2025 19:20:20 GMT; Path=/; Secure; HTTPOnly";
    "Strict-Transport-Security" = "max-age=31536000; includeSubDomains";
    "apple-originating-system" = MZContentDeliveryService;
    "apple-seq" = "0.0";
    "apple-timing-app" = 244;
    "apple-tk" = false;
    b3 = "285d5588084676eecf654934c60027dd-546b5a5e3f445a2a";
    "x-apple-jingle-correlation-key" = FBOVLCAIIZ3O5T3FJE2MMABH3U;
    "x-apple-request-uuid" = "285d5588-0846-76ee-cf65-4934c60027dd";
    "x-b3-spanid" = 546b5a5e3f445a2a;
    "x-b3-traceid" = 285d5588084676eecf654934c60027dd;
    "x-daiquiri-instance" = "daiquiri:33624001:pv50p00it-hyhk10063801:7987:25RELEASE148:daiquiri-amp-processing-shared-int-001-pv, daiquiri:18493001:mr85p00it-hyhk03154801:7987:25RELEASE148:daiquiri-amp-all-shared-ext-001-mr";
    "x-daiquiri-rate-limit-timing-user" = 0;
    "x-daiquiri-rate-limit-user" = "user-hour-lim:3600;user-hour-rem:3584;";
}
    httpBody: {
  "data" : {
    "type" : "buildDeliveryFiles",
    "id" : "4523ed67-182a-4026-ab1c-3a2fc7d73b5e",
    "attributes" : {
      "assetType" : "ASSET_SPI",
      "fileSize" : 562692,
      "fileName" : "DTAppAnalyzerExtractorOutput-ACC60708-B6C3-4040-9E20-70DDE6A1D235.zip",
      "sourceFileChecksum" : "843453251d9538dfaf271b14df7ff626",
      "assetToken" : "PurpleSource211/v4/8e/4d/19/8e4d196a-3574-9c02-2920-5a4eb1cbe65c/b6ae6bc2-90d8-4f0f-9c4f-e66578ca77f9",
      "uploadOperations" : [ {
        "method" : "PUT",
        "url" : "https://northamerica-1.object-storage.apple.com/itmspod11-assets-massilia-200001/PurpleSource211/v4/8e/4d/19/8e4d196a-3574-9c02-2920-5a4eb1cbe65c/-iW1UezYhswdqF6OtQxCT8nmvREi5GPStiVlwa1bNJc_U003d-1764096620679?partNumber=1&uploadId=97c2b900-ca2f-11f0-b891-7ac1db00705b&apple-asset-repo-correlation-key=FBOVLCAIIZ3O5T3FJE2MMABH3U&X-Amz-Algorithm=AWS4-HMAC-SHA256&X-Amz-Date=20251125T185020Z&X-Amz-SignedHeaders=host&X-Amz-Credential=MKIAP7F9QNTEY48OTE7F%2F20251125%2Fnorthamerica-1%2Fs3%2Faws4_request&X-Amz-Expires=604800&X-Amz-Signature=007aeb5c0691f227b17c51d14cf928374b5733842273b5920d41f982c3d01592",
        "length" : 562692,
        "offset" : 0,
        "requestHeaders" : [ {
          "name" : "Content-Type",
          "value" : "application/octet-stream"
        } ],
        "expiration" : "2025-12-02T10:50:20.858-08:00",
        "partNumber" : 1,
        "entityTag" : null
      } ],
      "uti" : "com.pkware.zip-archive",
      "assetDeliveryState" : {
        "errors" : [ ],
        "warnings" : [ ],
        "state" : "AWAITING_UPLOAD"
      }
    },
    "relationships" : {
      "build" : {
        "links" : {
          "self" : "https://contentdelivery.itunes.apple.com/MZContentDeliveryService/iris/provider/043353e8-4ec0-4021-ae7b-91d7b5844c53/v1/buildDeliveryFiles/4523ed67-182a-4026-ab1c-3a2fc7d73b5e/relationships/build",
          "related" : "https://contentdelivery.itunes.apple.com/MZContentDeliveryService/iris/provider/043353e8-4ec0-4021-ae7b-91d7b5844c53/v1/buildDeliveryFiles/4523ed67-182a-4026-ab1c-3a2fc7d73b5e/build"
        }
      }
    },
    "links" : {
      "self" : "https://contentdelivery.itunes.apple.com/MZContentDeliveryService/iris/provider/043353e8-4ec0-4021-ae7b-91d7b5844c53/v1/buildDeliveryFiles/4523ed67-182a-4026-ab1c-3a2fc7d73b5e"
    }
  },
  "links" : {
    "self" : "https://contentdelivery.itunes.apple.com/MZContentDeliveryService/iris/provider/043353e8-4ec0-4021-ae7b-91d7b5844c53/v1/buildDeliveryFiles"
  }
}
=======================================
2025-11-25 10:50:20.870 DEBUG: [ContentDelivery.Uploader] Show Progress: Sending SPI analysis to App Store Connect…
2025-11-25 10:50:20.871 DEBUG: [ContentDelivery.Uploader] 
=======================================
UPLOADING SPI ANALYSIS
=======================================
2025-11-25 10:50:20.880 DEBUG: [ContentDelivery.Uploader] Wrote part 1 to temp file '/var/folders/f9/dc_bp3291t71k5_gwsz6fzs80000gn/T/com.apple.cds.vbtx/com.apple.cds_B29FDAD3-B3BF-4204-98E0-457C7CB41536/Part-1.tmp'.
2025-11-25 10:50:20.881 DEBUG: [ContentDelivery.Uploader] Adding upload task for part 1.
2025-11-25 10:50:20.881 DEBUG: [ContentDelivery.Uploader] Upload tasks created. Waiting for them to finish uploading.
2025-11-25 10:50:20.884 DEBUG: [ContentDelivery.Uploader] PROGRESS - PART 1 (562692) - 'DTAppAnalyzerExtractorOutput-ACC60708-B6C3-4040-9E20-70DDE6A1D235.zip' 100.00% (562692/562692)
2025-11-25 10:50:21.190 DEBUG: [ContentDelivery.Uploader] Uploading part 1 COMPLETE.
2025-11-25 10:50:21.190 DEBUG: [ContentDelivery.Uploader] COMPLETED - PART 1 - DTAppAnalyzerExtractorOutput-ACC60708-B6C3-4040-9E20-70DDE6A1D235.zip - eTag: "843453251D9538DFAF271B14DF7FF626"
2025-11-25 10:50:21.192 DEBUG: [ContentDelivery.Uploader] Removed temporary part file '/private/var/folders/f9/dc_bp3291t71k5_gwsz6fzs80000gn/T/com.apple.cds.vbtx/com.apple.cds_B29FDAD3-B3BF-4204-98E0-457C7CB41536/Part-1.tmp'.
2025-11-25 10:50:21.192 DEBUG: [ContentDelivery.Uploader] All parts have been uploaded.
2025-11-25 10:50:21.192 DEBUG: [ContentDelivery.Uploader] Time to transfer: 0.004 seconds
2025-11-25 10:50:21.193 DEBUG: [ContentDelivery.Uploader] Removed temporary directory '/private/var/folders/f9/dc_bp3291t71k5_gwsz6fzs80000gn/T/com.apple.cds.vbtx/com.apple.cds_B29FDAD3-B3BF-4204-98E0-457C7CB41536'.
2025-11-25 10:50:21.193 DEBUG: [ContentDelivery.Uploader] Show Progress: Waiting for App Store Connect SPI analysis response…
2025-11-25 10:50:21.193 DEBUG: [ContentDelivery.Uploader] 
=======================================
CHANGE UPLOAD STATE TO COMPLETE (UPLOADING SPI ANALYSIS)
=======================================
2025-11-25 10:50:21.197 DEBUG: [ContentDelivery.Uploader] 
=======================================
CHANGE UPLOAD STATE TO COMPLETE (UPLOADING SPI ANALYSIS) REQUEST:

         URL: https://contentdelivery.itunes.apple.com/MZContentDeliveryService/iris/provider/043353e8-4ec0-4021-ae7b-91d7b5844c53/v1/buildDeliveryFiles/4523ed67-182a-4026-ab1c-3a2fc7d73b5e
     timeout: 900 seconds
      method: PATCH
 httpHeaders: {
    Accept = "application/json";
    "Accept-Language" = "en-US";
    "Content-Type" = "application/json";
    "User-Agent" = "com.apple.dt.Xcode.ITunesSoftwareService/1.0-22782 (Macintosh; macOS 14.4 23E5205c (arm64)) ContentDelivery/2.154.1-15401";
    "X-Apple-App-Info" = "com.apple.gs.xcode.auth";
    "X-Apple-GS-Token" = "**hidden value**";
    "X-Apple-I-Client-Time" = "2025-11-25T18:50:21Z";
    "X-Apple-I-Identity-Id" = "001207-05-c63d5e19-1b24-4744-ace6-0e053fa915cf";
    "X-Apple-I-Locale" = "en_US";
    "X-Apple-I-MD" = "AAAABQAAABB2QVajFm+ULYZX6Lq06v47AAAAAQ==";
    "X-Apple-I-MD-LU" = 46474BC070086D6D0A95AF50BD2027CFB3112A566FD1C37BFB41737DF3D0484A;
    "X-Apple-I-MD-M" = fLTFZ0cRxY21D0Z55y6ixIcaruug3IhwBLXglo6DXeauaqUlVbmY2oZGqvCfqjNimWPixcUstR7gNpIO;
    "X-Apple-I-MD-RINFO" = 84215040;
    "X-Apple-I-TimeZone" = PST;
    "X-MMe-Client-Info" = "<MacBookPro17,1> <macOS;14.4;23E5205c> <com.apple.AuthKit/1 (com.apple.dt.Xcode.ITunesSoftwareService/22782)>";
    "X-Mme-Device-Id" = "C4C9D203-1396-59DC-B692-9D340B8447F1";
}
    httpBody: {"data":{"attributes":{"uploaded":true},"id":"4523ed67-182a-4026-ab1c-3a2fc7d73b5e","type":"buildDeliveryFiles"}}
========================================
2025-11-25 10:50:21.200 DEBUG: [ContentDelivery.Uploader] Download task 6 sent 113 bytes (113 of 113 bytes sent).
2025-11-25 10:50:30.157 DEBUG: [ContentDelivery.Uploader] Download task 6 did write 1604 bytes.
2025-11-25 10:50:30.158 DEBUG: [ContentDelivery.Uploader] Download task 6 did write file: file:///var/folders/f9/dc_bp3291t71k5_gwsz6fzs80000gn/T/CFNetworkDownload_xe1UC0.tmp
2025-11-25 10:50:30.159 DEBUG: [ContentDelivery.Uploader] 
=======================================
CHANGE UPLOAD STATE TO COMPLETE (UPLOADING SPI ANALYSIS) RESPONSE:

         URL: https://contentdelivery.itunes.apple.com/MZContentDeliveryService/iris/provider/043353e8-4ec0-4021-ae7b-91d7b5844c53/v1/buildDeliveryFiles/4523ed67-182a-4026-ab1c-3a2fc7d73b5e
 status code: 200 (no error)
 httpHeaders: {
    "Content-Length" = 1604;
    "Content-Type" = "application/json";
    Date = "Tue, 25 Nov 2025 18:50:30 GMT";
    Server = "daiquiri/5";
    "Set-Cookie" = "dqsid=eyJ0eXAiOiJKV1QiLCJhbGciOiJIUzI1NiJ9.eyJpYXQiOjE3NjQwOTY2MTcsImp0aSI6ImtZME54aGVvNWQzM0FzdUlpNzRXWHcifQ.gTBWIQ3wtOVZ2UwA6WCJqd9j2rNEJgjo8b7KoK3OP3Q; Max-Age=1800; Expires=Tue, 25 Nov 2025 19:20:21 GMT; Path=/; Secure; HTTPOnly";
    "Strict-Transport-Security" = "max-age=31536000; includeSubDomains";
    "apple-originating-system" = MZContentDeliveryService;
    "apple-seq" = "0.0";
    "apple-timing-app" = 8901;
    "apple-tk" = false;
    b3 = "dcc6d36ff0560e1464c77eeb467ce5f6-a793570f2c3d906e";
    "x-apple-jingle-correlation-key" = 3TDNG37QKYHBIZGHP3VUM7HF6Y;
    "x-apple-request-uuid" = "dcc6d36f-f056-0e14-64c7-7eeb467ce5f6";
    "x-b3-spanid" = a793570f2c3d906e;
    "x-b3-traceid" = dcc6d36ff0560e1464c77eeb467ce5f6;
    "x-daiquiri-instance" = "daiquiri:33624001:pv50p00it-hyhk10063801:7987:25RELEASE148:daiquiri-amp-processing-shared-int-001-pv, daiquiri:18493001:mr85p00it-hyhk03154801:7987:25RELEASE148:daiquiri-amp-all-shared-ext-001-mr";
    "x-daiquiri-rate-limit-timing-user" = 0;
    "x-daiquiri-rate-limit-user" = "user-hour-lim:3600;user-hour-rem:3583;";
}
    httpBody: {
  "data" : {
    "type" : "buildDeliveryFiles",
    "id" : "4523ed67-182a-4026-ab1c-3a2fc7d73b5e",
    "attributes" : {
      "assetType" : "ASSET_SPI",
      "fileSize" : 562692,
      "fileName" : "DTAppAnalyzerExtractorOutput-ACC60708-B6C3-4040-9E20-70DDE6A1D235.zip",
      "sourceFileChecksum" : "843453251d9538dfaf271b14df7ff626",
      "assetToken" : "PurpleSource211/v4/8e/4d/19/8e4d196a-3574-9c02-2920-5a4eb1cbe65c/b6ae6bc2-90d8-4f0f-9c4f-e66578ca77f9",
      "uploadOperations" : null,
      "uti" : "com.pkware.zip-archive",
      "assetDeliveryState" : {
        "errors" : [ ],
        "warnings" : [ ],
        "state" : "COMPLETE"
      }
    },
    "relationships" : {
      "build" : {
        "links" : {
          "self" : "https://contentdelivery.itunes.apple.com/MZContentDeliveryService/iris/provider/043353e8-4ec0-4021-ae7b-91d7b5844c53/v1/buildDeliveryFiles/4523ed67-182a-4026-ab1c-3a2fc7d73b5e/relationships/build",
          "related" : "https://contentdelivery.itunes.apple.com/MZContentDeliveryService/iris/provider/043353e8-4ec0-4021-ae7b-91d7b5844c53/v1/buildDeliveryFiles/4523ed67-182a-4026-ab1c-3a2fc7d73b5e/build"
        }
      }
    },
    "links" : {
      "self" : "https://contentdelivery.itunes.apple.com/MZContentDeliveryService/iris/provider/043353e8-4ec0-4021-ae7b-91d7b5844c53/v1/buildDeliveryFiles/4523ed67-182a-4026-ab1c-3a2fc7d73b5e"
    }
  },
  "links" : {
    "self" : "https://contentdelivery.itunes.apple.com/MZContentDeliveryService/iris/provider/043353e8-4ec0-4021-ae7b-91d7b5844c53/v1/buildDeliveryFiles/4523ed67-182a-4026-ab1c-3a2fc7d73b5e"
  }
}
=======================================
2025-11-25 10:50:30.159 DEBUG: [ContentDelivery.Uploader] 
========================================
Set ASSET_SPI status to COMPLETE
=======================================
2025-11-25 10:50:30.160 DEBUG: [ContentDelivery.Uploader] 
================
DELETE CONTAINER
================
2025-11-25 10:50:30.176 DEBUG: [ContentDelivery.Uploader] 
=======================================
DELETE BUILD ID REQUEST:

         URL: https://contentdelivery.itunes.apple.com/MZContentDeliveryService/iris/provider/043353e8-4ec0-4021-ae7b-91d7b5844c53/v1/builds/81a90cdf-c725-45cf-b558-02c9388bd97b
     timeout: 900 seconds
      method: DELETE
 httpHeaders: {
    Accept = "application/json";
    "Accept-Language" = "en-US";
    "Content-Type" = "application/json";
    "User-Agent" = "com.apple.dt.Xcode.ITunesSoftwareService/1.0-22782 (Macintosh; macOS 14.4 23E5205c (arm64)) ContentDelivery/2.154.1-15401";
    "X-Apple-App-Info" = "com.apple.gs.xcode.auth";
    "X-Apple-GS-Token" = "**hidden value**";
    "X-Apple-I-Client-Time" = "2025-11-25T18:50:30Z";
    "X-Apple-I-Identity-Id" = "001207-05-c63d5e19-1b24-4744-ace6-0e053fa915cf";
    "X-Apple-I-Locale" = "en_US";
    "X-Apple-I-MD" = "AAAABQAAABC213c2TItBJwElk6wXSFtWAAAAAQ==";
    "X-Apple-I-MD-LU" = 46474BC070086D6D0A95AF50BD2027CFB3112A566FD1C37BFB41737DF3D0484A;
    "X-Apple-I-MD-M" = fLTFZ0cRxY21D0Z55y6ixIcaruug3IhwBLXglo6DXeauaqUlVbmY2oZGqvCfqjNimWPixcUstR7gNpIO;
    "X-Apple-I-MD-RINFO" = 84215040;
    "X-Apple-I-TimeZone" = PST;
    "X-MMe-Client-Info" = "<MacBookPro17,1> <macOS;14.4;23E5205c> <com.apple.AuthKit/1 (com.apple.dt.Xcode.ITunesSoftwareService/22782)>";
    "X-Mme-Device-Id" = "C4C9D203-1396-59DC-B692-9D340B8447F1";
}
    httpBody: 
========================================
2025-11-25 10:50:30.229 DEBUG: [ContentDelivery.Uploader] Download task 7 did write file: file:///var/folders/f9/dc_bp3291t71k5_gwsz6fzs80000gn/T/CFNetworkDownload_gEjHAr.tmp
2025-11-25 10:50:30.230 DEBUG: [ContentDelivery.Uploader] 
=======================================
DELETE BUILD ID RESPONSE:

         URL: https://contentdelivery.itunes.apple.com/MZContentDeliveryService/iris/provider/043353e8-4ec0-4021-ae7b-91d7b5844c53/v1/builds/81a90cdf-c725-45cf-b558-02c9388bd97b
 status code: 204 (no content)
 httpHeaders: {
    Date = "Tue, 25 Nov 2025 18:50:30 GMT";
    Server = "daiquiri/5";
    "Set-Cookie" = "dqsid=eyJ0eXAiOiJKV1QiLCJhbGciOiJIUzI1NiJ9.eyJpYXQiOjE3NjQwOTY2MTcsImp0aSI6ImtZME54aGVvNWQzM0FzdUlpNzRXWHcifQ.gTBWIQ3wtOVZ2UwA6WCJqd9j2rNEJgjo8b7KoK3OP3Q; Max-Age=1800; Expires=Tue, 25 Nov 2025 19:20:30 GMT; Path=/; Secure; HTTPOnly";
    "Strict-Transport-Security" = "max-age=31536000; includeSubDomains";
    "apple-originating-system" = MZContentDeliveryService;
    "apple-seq" = "0.0";
    "apple-timing-app" = 18;
    "apple-tk" = false;
    b3 = "b47cb7073477920a2a1a128685f0260f-2a55eebf828d328b";
    "x-apple-jingle-correlation-key" = WR6LOBZUO6JAUKQ2CKDIL4BGB4;
    "x-apple-request-uuid" = "b47cb707-3477-920a-2a1a-128685f0260f";
    "x-b3-spanid" = 2a55eebf828d328b;
    "x-b3-traceid" = b47cb7073477920a2a1a128685f0260f;
    "x-daiquiri-instance" = "daiquiri:33624001:pv50p00it-hyhk10063801:7987:25RELEASE148:daiquiri-amp-processing-shared-int-001-pv, daiquiri:18493001:mr85p00it-hyhk03154801:7987:25RELEASE148:daiquiri-amp-all-shared-ext-001-mr";
    "x-daiquiri-rate-limit-timing-user" = 0;
    "x-daiquiri-rate-limit-user" = "user-hour-lim:3600;user-hour-rem:3582;";
}
    httpBody: 
=======================================
2025-11-25 10:50:30.230 DEBUG: [ContentDelivery.Uploader] BuildID '81a90cdf-c725-45cf-b558-02c9388bd97b' was deleted.
2025-11-25 10:50:30.231 DEBUG: [ContentDelivery.Uploader] Removed temporary asset file '/Users/ian/Library/Caches/com.apple.cds/com.apple.cds_B29FDAD3-B3BF-4204-98E0-457C7CB41536/SFParkingZoneFinder.ipa'.
2025-11-25 10:50:30.231 DEBUG: [ContentDelivery.Uploader] Show Progress: Verify failed.
Validation failed
SDK version issue. This app was built with the iOS 17.5 SDK. All iOS and iPadOS apps must be built with the iOS 18 SDK or later, included in Xcode 16 or later, in order to be uploaded to App Store Connect or submitted for distribution. (ID: 7a3b6504-f5b6-49b3-bf58-10da5c93e32d)
2025-11-25 10:50:30.231  INFO: [ContentDelivery.Uploader] 
=============
VERIFY FAILED with 1 error.
=============
2025-11-25 10:50:30.232 DEBUG: [ContentDelivery.Uploader] Log file path: /private/var/folders/f9/dc_bp3291t71k5_gwsz6fzs80000gn/T/SFParkingZoneFinder_2025-11-25_10-50-10.347.xcdistributionlogs/ContentDelivery.log
