2025-11-25 18:50:10 +0000 [MT] Rejected distribution method <IDEDistributionMethodMacAppStoreDistribution: 0x600005834d00> because it doesn't support distributing archive
2025-11-25 18:50:10 +0000 [MT] Rejected distribution method <IDEDistributionMethodTVOSAppStoreDistribution: 0x60000583d2c0> because it doesn't support distributing archive
2025-11-25 18:50:10 +0000 [MT] Rejected distribution method <IDEDistributionMethodiOSAppStoreDistribution: 0x60000583dd70> because it doesn't support distributing archive
2025-11-25 18:50:10 +0000 [MT] Rejected distribution method <IDEDistributionMethodAppStoreDistributionVisionOS: 0x600005835d70> because it doesn't support distributing archive
2025-11-25 18:50:10 +0000 [MT] Rejected distribution method <IDEDistributionMethodWatchOSAdHoc: 0x600005834c00> because it doesn't support distributing archive
2025-11-25 18:50:10 +0000 [MT] Rejected distribution method <IDEDistributionMethodTVOSAdHoc: 0x60000583df10> because it doesn't support distributing archive
2025-11-25 18:50:10 +0000 [MT] Rejected distribution method <IDEDistributionMethodAdHocVisionOS: 0x60000583d240> because it doesn't support distributing archive
2025-11-25 18:50:10 +0000 [MT] Rejected distribution method <IDEDistributionMethodiOSAdHoc: 0x600005835ae0> because it doesn't support distributing archive
2025-11-25 18:50:10 +0000 [MT] Rejected distribution method <IDEDistributionMethodMacAdHoc: 0x600005836130> because it doesn't support distributing archive
2025-11-25 18:50:10 +0000 [MT] Rejected distribution method <IDEDistributionMethodEnterpriseVisionOS: 0x60000583d630> because it doesn't support distributing archive
2025-11-25 18:50:10 +0000 [MT] Rejected distribution method <IDEDistributionMethodTVOSEnterprise: 0x6000058342c0> because it doesn't support distributing archive
2025-11-25 18:50:10 +0000 [MT] Rejected distribution method <IDEDistributionMethodiOSEnterprise: 0x6000058354b0> because it doesn't support distributing archive
2025-11-25 18:50:10 +0000 [MT] Rejected distribution method <IDEDistributionMethodWatchOSEnterprise: 0x600005836120> because it doesn't support distributing archive
2025-11-25 18:50:10 +0000 [MT] Rejected distribution method <IDEDistributionMethodTVOSDevelopmentSigned: 0x600005834630> because it doesn't support distributing archive
2025-11-25 18:50:10 +0000 [MT] Rejected distribution method <IDEDistributionMethodDevelopmentSignedVisionOS: 0x600005834c60> because it doesn't support distributing archive
2025-11-25 18:50:10 +0000 [MT] Rejected distribution method <IDEDistributionMethodWatchOSDevelopmentSigned: 0x600005834db0> because it doesn't support distributing archive
2025-11-25 18:50:10 +0000 [MT] Rejected distribution method <IDEDistributionMethodDevelopmentSigned: 0x600005835b10> because it doesn't support distributing archive
2025-11-25 18:50:10 +0000 [MT] Rejected distribution method <IDEDistributionMethodDeveloperIDNotarizedApp: 0x6000058345c0> because it doesn't support distributing archive
2025-11-25 18:50:10 +0000 [MT] Rejected distribution method <IDEDistributionMethodDeveloperID: 0x600005835aa0> because it doesn't support distributing archive
2025-11-25 18:50:10 +0000 [MT] Rejected distribution method <IDEDistributionMethodSaveBuiltProducts: 0x6000058349f0> because it doesn't support distributing archive
2025-11-25 18:50:10 +0000 [MT] Rejected distribution method <IDEDistributionMethodDevelopmentSignedMac: 0x6000058359f0> because it doesn't support distributing archive
2025-11-25 18:50:10 +0000 [MT] Rejected distribution method <IDEDistributionMethodMacApplication: 0x600005835a60> because it doesn't support distributing archive
2025-11-25 18:50:10 +0000 [MT] Rejected distribution method <IDEDistributionMethodTVOSAppStoreValidation: 0x600005834220> because it doesn't support distributing archive
2025-11-25 18:50:10 +0000 [MT] Rejected distribution method <IDEDistributionMethodAppStoreValidationVisionOS: 0x6000058345d0> because it doesn't support distributing archive
2025-11-25 18:50:10 +0000 [MT] Rejected distribution method <IDEDistributionMethodMacAppStoreValidation: 0x6000058343c0> because it doesn't support distributing archive
2025-11-25 18:50:10 +0000 [MT] Accepted distribution method <IDEDistributionMethodiOSAppStoreValidation: 0x600005835670>
2025-11-25 18:50:10 +0000 [MT] Rejected distribution method <IDEDistributionMethodInAppPurchaseContentPackage: 0x600005835b00> because it doesn't support distributing archive
2025-11-25 18:50:10 +0000 [MT] Rejected distribution method <IDEDistributionMethodExportArchive: 0x600005835a30> because it doesn't support distributing archive
2025-11-25 18:50:12 +0000  Rejected distribution method <IDEDistributionMethodMacAppStoreDistribution: 0x600005834d00> because it doesn't support distributing archive
2025-11-25 18:50:12 +0000  Rejected distribution method <IDEDistributionMethodTVOSAppStoreDistribution: 0x60000583d2c0> because it doesn't support distributing archive
2025-11-25 18:50:12 +0000  Rejected distribution method <IDEDistributionMethodiOSAppStoreDistribution: 0x60000583dd70> because it doesn't support distributing archive
2025-11-25 18:50:12 +0000  Rejected distribution method <IDEDistributionMethodAppStoreDistributionVisionOS: 0x600005835d70> because it doesn't support distributing archive
2025-11-25 18:50:12 +0000  Rejected distribution method <IDEDistributionMethodWatchOSAdHoc: 0x600005834c00> because it doesn't support distributing archive
2025-11-25 18:50:12 +0000  Rejected distribution method <IDEDistributionMethodTVOSAdHoc: 0x60000583df10> because it doesn't support distributing archive
2025-11-25 18:50:12 +0000  Rejected distribution method <IDEDistributionMethodAdHocVisionOS: 0x60000583d240> because it doesn't support distributing archive
2025-11-25 18:50:12 +0000  Rejected distribution method <IDEDistributionMethodiOSAdHoc: 0x600005835ae0> because it doesn't support distributing archive
2025-11-25 18:50:12 +0000  Rejected distribution method <IDEDistributionMethodMacAdHoc: 0x600005836130> because it doesn't support distributing archive
2025-11-25 18:50:12 +0000  Rejected distribution method <IDEDistributionMethodEnterpriseVisionOS: 0x60000583d630> because it doesn't support distributing archive
2025-11-25 18:50:12 +0000  Rejected distribution method <IDEDistributionMethodTVOSEnterprise: 0x6000058342c0> because it doesn't support distributing archive
2025-11-25 18:50:12 +0000  Rejected distribution method <IDEDistributionMethodiOSEnterprise: 0x6000058354b0> because it doesn't support distributing archive
2025-11-25 18:50:12 +0000  Rejected distribution method <IDEDistributionMethodWatchOSEnterprise: 0x600005836120> because it doesn't support distributing archive
2025-11-25 18:50:12 +0000  Rejected distribution method <IDEDistributionMethodTVOSDevelopmentSigned: 0x600005834630> because it doesn't support distributing archive
2025-11-25 18:50:12 +0000  Rejected distribution method <IDEDistributionMethodDevelopmentSignedVisionOS: 0x600005834c60> because it doesn't support distributing archive
2025-11-25 18:50:12 +0000  Rejected distribution method <IDEDistributionMethodWatchOSDevelopmentSigned: 0x600005834db0> because it doesn't support distributing archive
2025-11-25 18:50:12 +0000  Rejected distribution method <IDEDistributionMethodDevelopmentSigned: 0x600005835b10> because it doesn't support distributing archive
2025-11-25 18:50:12 +0000  Rejected distribution method <IDEDistributionMethodDeveloperIDNotarizedApp: 0x6000058345c0> because it doesn't support distributing archive
2025-11-25 18:50:12 +0000  Rejected distribution method <IDEDistributionMethodDeveloperID: 0x600005835aa0> because it doesn't support distributing archive
2025-11-25 18:50:12 +0000  Rejected distribution method <IDEDistributionMethodSaveBuiltProducts: 0x6000058349f0> because it doesn't support distributing archive
2025-11-25 18:50:12 +0000  Rejected distribution method <IDEDistributionMethodDevelopmentSignedMac: 0x6000058359f0> because it doesn't support distributing archive
2025-11-25 18:50:12 +0000  Rejected distribution method <IDEDistributionMethodMacApplication: 0x600005835a60> because it doesn't support distributing archive
2025-11-25 18:50:12 +0000  Rejected distribution method <IDEDistributionMethodTVOSAppStoreValidation: 0x600005834220> because it doesn't support distributing archive
2025-11-25 18:50:12 +0000  Rejected distribution method <IDEDistributionMethodAppStoreValidationVisionOS: 0x6000058345d0> because it doesn't support distributing archive
2025-11-25 18:50:12 +0000  Rejected distribution method <IDEDistributionMethodMacAppStoreValidation: 0x6000058343c0> because it doesn't support distributing archive
2025-11-25 18:50:12 +0000  Accepted distribution method <IDEDistributionMethodiOSAppStoreValidation: 0x600005835670>
2025-11-25 18:50:12 +0000  Rejected distribution method <IDEDistributionMethodInAppPurchaseContentPackage: 0x600005835b00> because it doesn't support distributing archive
2025-11-25 18:50:12 +0000  Rejected distribution method <IDEDistributionMethodExportArchive: 0x600005835a30> because it doesn't support distributing archive
2025-11-25 18:50:12 +0000  Available distribution methods: {(
    <IDEDistributionMethodiOSAppStoreValidation: 0x600005835670>
)}
2025-11-25 18:50:12 +0000  Rejected distribution method <IDEDistributionMethodMacAppStoreDistribution: 0x600005834d00> because it doesn't support distributing archive
2025-11-25 18:50:12 +0000  Rejected distribution method <IDEDistributionMethodTVOSAppStoreDistribution: 0x60000583d2c0> because it doesn't support distributing archive
2025-11-25 18:50:12 +0000  Rejected distribution method <IDEDistributionMethodiOSAppStoreDistribution: 0x60000583dd70> because it doesn't support distributing archive
2025-11-25 18:50:12 +0000  Rejected distribution method <IDEDistributionMethodAppStoreDistributionVisionOS: 0x600005835d70> because it doesn't support distributing archive
2025-11-25 18:50:12 +0000  Rejected distribution method <IDEDistributionMethodWatchOSAdHoc: 0x600005834c00> because it doesn't support distributing archive
2025-11-25 18:50:12 +0000  Rejected distribution method <IDEDistributionMethodTVOSAdHoc: 0x60000583df10> because it doesn't support distributing archive
2025-11-25 18:50:12 +0000  Rejected distribution method <IDEDistributionMethodAdHocVisionOS: 0x60000583d240> because it doesn't support distributing archive
2025-11-25 18:50:12 +0000  Rejected distribution method <IDEDistributionMethodiOSAdHoc: 0x600005835ae0> because it doesn't support distributing archive
2025-11-25 18:50:12 +0000  Rejected distribution method <IDEDistributionMethodMacAdHoc: 0x600005836130> because it doesn't support distributing archive
2025-11-25 18:50:12 +0000  Rejected distribution method <IDEDistributionMethodEnterpriseVisionOS: 0x60000583d630> because it doesn't support distributing archive
2025-11-25 18:50:12 +0000  Rejected distribution method <IDEDistributionMethodTVOSEnterprise: 0x6000058342c0> because it doesn't support distributing archive
2025-11-25 18:50:12 +0000  Rejected distribution method <IDEDistributionMethodiOSEnterprise: 0x6000058354b0> because it doesn't support distributing archive
2025-11-25 18:50:12 +0000  Rejected distribution method <IDEDistributionMethodWatchOSEnterprise: 0x600005836120> because it doesn't support distributing archive
2025-11-25 18:50:12 +0000  Rejected distribution method <IDEDistributionMethodTVOSDevelopmentSigned: 0x600005834630> because it doesn't support distributing archive
2025-11-25 18:50:12 +0000  Rejected distribution method <IDEDistributionMethodDevelopmentSignedVisionOS: 0x600005834c60> because it doesn't support distributing archive
2025-11-25 18:50:12 +0000  Rejected distribution method <IDEDistributionMethodWatchOSDevelopmentSigned: 0x600005834db0> because it doesn't support distributing archive
2025-11-25 18:50:12 +0000  Rejected distribution method <IDEDistributionMethodDevelopmentSigned: 0x600005835b10> because it doesn't support distributing archive
2025-11-25 18:50:12 +0000  Rejected distribution method <IDEDistributionMethodDeveloperIDNotarizedApp: 0x6000058345c0> because it doesn't support distributing archive
2025-11-25 18:50:12 +0000  Rejected distribution method <IDEDistributionMethodDeveloperID: 0x600005835aa0> because it doesn't support distributing archive
2025-11-25 18:50:12 +0000  Rejected distribution method <IDEDistributionMethodSaveBuiltProducts: 0x6000058349f0> because it doesn't support distributing archive
2025-11-25 18:50:12 +0000  Rejected distribution method <IDEDistributionMethodDevelopmentSignedMac: 0x6000058359f0> because it doesn't support distributing archive
2025-11-25 18:50:12 +0000  Rejected distribution method <IDEDistributionMethodMacApplication: 0x600005835a60> because it doesn't support distributing archive
2025-11-25 18:50:12 +0000  Rejected distribution method <IDEDistributionMethodTVOSAppStoreValidation: 0x600005834220> because it doesn't support distributing archive
2025-11-25 18:50:12 +0000  Rejected distribution method <IDEDistributionMethodAppStoreValidationVisionOS: 0x6000058345d0> because it doesn't support distributing archive
2025-11-25 18:50:12 +0000  Rejected distribution method <IDEDistributionMethodMacAppStoreValidation: 0x6000058343c0> because it doesn't support distributing archive
2025-11-25 18:50:12 +0000  Accepted distribution method <IDEDistributionMethodiOSAppStoreValidation: 0x600005835670>
2025-11-25 18:50:12 +0000  Rejected distribution method <IDEDistributionMethodInAppPurchaseContentPackage: 0x600005835b00> because it doesn't support distributing archive
2025-11-25 18:50:12 +0000  Rejected distribution method <IDEDistributionMethodExportArchive: 0x600005835a30> because it doesn't support distributing archive
2025-11-25 18:50:12 +0000  Available distribution methods: {(
    <IDEDistributionMethodiOSAppStoreValidation: 0x600005835670>
)}
2025-11-25 18:50:12 +0000  IDEDistributionItem init <DVTFilePath:0x6000075c1d80:'/Users/ian/Library/Developer/Xcode/Archives/2025-11-25/SFParkingZoneFinder 11-25-25, 10.48 AM.xcarchive/Products/Applications/SFParkingZoneFinder.app'>
2025-11-25 18:50:12 +0000  Set distributionItems on context: (
    "<IDEDistributionItem: 0x60000bf984e0; bundleID='studio.cambio.SFParkingZoneFinder', path='<DVTFilePath:0x6000075c1d80:'/Users/ian/Library/Developer/Xcode/Archives/2025-11-25/SFParkingZoneFinder 11-25-25, 10.48\U202fAM.xcarchive/Products/Applications/SFParkingZoneFinder.app'>', codeSigningInfo='<_DVTCodeSigningInformation_Path: 0x60000bb17200; isSigned='1', isAdHocSigned='0', signingCertificate='<DVTSigningCertificate: 0x600002fb40c0; name='Apple Development: fikei@uw.edu (55635ZA6H4)', hash='A15068C1D915FB94AA0511F73F5BA0A282089A23', serialNumber='1B09B6D8C92B663DB28838302681C631', certificateKinds='(\n    \"1.2.840.113635.100.6.1.12\",\n    \"1.2.840.113635.100.6.1.2\"\n), issueDate='2025-11-22 18:03:12 +0000''>', entitlements='{\n    \"application-identifier\" = \"RJ8FB5M6HX.studio.cambio.SFParkingZoneFinder\";\n    \"com.apple.developer.team-identifier\" = RJ8FB5M6HX;\n    \"get-task-allow\" = 1;\n}', teamID='RJ8FB5M6HX', identifier='studio.cambio.SFParkingZoneFinder', executablePath='<DVTFilePath:0x6000075c1700:'/Users/ian/Library/Developer/Xcode/Archives/2025-11-25/SFParkingZoneFinder 11-25-25, 10.48\U202fAM.xcarchive/Products/Applications/SFParkingZoneFinder.app/SFParkingZoneFinder'>', hardenedRuntime='0'>'>"
)
2025-11-25 18:50:12 +0000  Item /Users/ian/Library/Developer/Xcode/Archives/2025-11-25/SFParkingZoneFinder 11-25-25, 10.48 AM.xcarchive/Products/Applications/SFParkingZoneFinder.app doesn't have the entitlement com.apple.developer.web-browser-engine.host enabled, returning ["arm64e"]
2025-11-25 18:50:12 +0000  Archs to thin for item /Users/ian/Library/Developer/Xcode/Archives/2025-11-25/SFParkingZoneFinder 11-25-25, 10.48 AM.xcarchive/Products/Applications/SFParkingZoneFinder.app are ["arm64e"]
2025-11-25 18:50:12 +0000  [OPTIONAL] Found platform <DVTPlatform:0x6000028accf0:'com.apple.platform.iphoneos':<DVTFilePath:0x6000034b6c00:'/Applications/Xcode.app/Contents/Developer/Platforms/iPhoneOS.platform'>> and cert <DVTSigningCertificate: 0x600002fb40c0; name='Apple Development: fikei@uw.edu (55635ZA6H4)', hash='A15068C1D915FB94AA0511F73F5BA0A282089A23', serialNumber='1B09B6D8C92B663DB28838302681C631', certificateKinds='(
    "1.2.840.113635.100.6.1.12",
    "1.2.840.113635.100.6.1.2"
), issueDate='2025-11-22 18:03:12 +0000''> for <DVTFilePath:0x6000075c1d80:'/Users/ian/Library/Developer/Xcode/Archives/2025-11-25/SFParkingZoneFinder 11-25-25, 10.48 AM.xcarchive/Products/Applications/SFParkingZoneFinder.app'>
2025-11-25 18:50:12 +0000  [OPTIONAL] Profile <DVTEmbeddedProvisioningProfile 0x600002f1ce40: name: iOS Team Provisioning Profile: studio.cambio.SFParkingZoneFinder, UUID: 4215d1b4-d2ec-4047-83d8-444b332ea037, teamName: Ian Fike, teamIdentifierPrefixes: (
    RJ8FB5M6HX
), entitlements: {
    "application-identifier" = "RJ8FB5M6HX.studio.cambio.SFParkingZoneFinder";
    "com.apple.developer.team-identifier" = RJ8FB5M6HX;
    "get-task-allow" = 1;
    "keychain-access-groups" =     (
        "RJ8FB5M6HX.*"
    );
}, appIdentifierName: XC studio cambio SFParkingZoneFinder, applicationIdentifierPrefixes: (
    RJ8FB5M6HX
), dateCreated: 2025-11-22 18:13:13 +0000, dateExpired: 2025-11-29 18:13:13 +0000, certificateKinds: {(
    "1.2.840.113635.100.6.1.12",
    "1.2.840.113635.100.6.1.2"
)}, certificateSHA1Hashes: {(
    A15068C1D915FB94AA0511F73F5BA0A282089A23
)}, supportedUDIDs: {(
    "00008103-0012056c0153001e"
)}, isUniversal: 0, isXcodeManaged: 1, platforms: {(
    <DVTPlatform:0x6000028ac5a0:'com.apple.platform.xros':<DVTFilePath:0x6000034b7200:'/Applications/Xcode.app/Contents/Developer/Platforms/XROS.platform'>>,
    <DVTPlatform:0x6000028ad560:'com.apple.platform.watchos':<DVTFilePath:0x6000034b6f00:'/Applications/Xcode.app/Contents/Developer/Platforms/WatchOS.platform'>>,
    <DVTPlatform:0x6000028accf0:'com.apple.platform.iphoneos':<DVTFilePath:0x6000034b6c00:'/Applications/Xcode.app/Contents/Developer/Platforms/iPhoneOS.platform'>>
)}, filePath: <DVTFilePath:0x6000069d0510:'/Users/ian/Library/Developer/Xcode/Archives/2025-11-25/SFParkingZoneFinder 11-25-25, 10.48 AM.xcarchive/Products/Applications/SFParkingZoneFinder.app/embedded.mobileprovision'>> for <DVTFilePath:0x6000075c1d80:'/Users/ian/Library/Developer/Xcode/Archives/2025-11-25/SFParkingZoneFinder 11-25-25, 10.48 AM.xcarchive/Products/Applications/SFParkingZoneFinder.app'> was an automatic profile
2025-11-25 18:50:12 +0000  Distributable's provisioning style is Automatic
2025-11-25 18:50:13 +0000  App Store Connect request for store configuration response: <DVTITunesConnectConfigurationResponse: 0x600000307c40; isSuccessful='1', configuration='{
    RJ8FB5M6HX =     {
        "com.apple.platform.appletvos" =         {
            architectures =             {
                defaultArch =                 {
                    defaultProductType =                     {
                        format =                         {
                            bitCode =                             {
                                supportLevel = unsupported;
                            };
                            compiledCode =                             {
                                supportLevel = required;
                            };
                        };
                    };
                };
            };
            iconSource =             {
                largeAppIcon = carInBinary;
                primaryIcons = carInBinary;
            };
            onDemandResources =             {
                sizeLimits =                 {
                    assetPack = 512000000;
                    prioritizedTotal = 2000000000;
                    total = 20000000000;
                };
                supportLevel = supported;
            };
        };
        "com.apple.platform.iphoneos" =         {
            architectures =             {
                defaultArch =                 {
                    defaultProductType =                     {
                        format =                         {
                            bitCode =                             {
                                supportLevel = unsupported;
                            };
                            compiledCode =                             {
                                supportLevel = required;
                            };
                        };
                    };
                };
            };
            iconSource =             {
                largeAppIcon = unsupported;
                primaryIcons = pngInBinary;
            };
            onDemandResources =             {
                sizeLimits =                 {
                    assetPack = 512000000;
                    total = 20000000000;
                };
                supportLevel = supported;
            };
        };
        "com.apple.platform.macosx" =         {
            architectures =             {
                defaultArch =                 {
                    defaultProductType =                     {
                        format =                         {
                            bitCode =                             {
                                supportLevel = unsupported;
                            };
                            compiledCode =                             {
                                supportLevel = required;
                            };
                        };
                    };
                };
            };
            iconSource =             {
                largeAppIcon = pngInBinary;
                primaryIcons = pngInBinary;
            };
            onDemandResources =             {
                supportLevel = unsupported;
            };
        };
        "com.apple.platform.watchos" =         {
            architectures =             {
                defaultArch =                 {
                    defaultProductType =                     {
                        format =                         {
                            bitCode =                             {
                                supportLevel = unsupported;
                            };
                            compiledCode =                             {
                                supportLevel = required;
                            };
                        };
                    };
                };
            };
            iconSource =             {
                largeAppIcon = unsupported;
                primaryIcons = pngInBinary;
            };
            onDemandResources =             {
                supportLevel = unsupported;
            };
        };
        "com.apple.platform.xros" =         {
            architectures =             {
                defaultArch =                 {
                    defaultProductType =                     {
                        format =                         {
                            bitCode =                             {
                                supportLevel = unsupported;
                            };
                            compiledCode =                             {
                                supportLevel = required;
                            };
                        };
                    };
                };
            };
            iconSource =             {
                largeAppIcon = carInBinary;
                primaryIcons = carInBinary;
            };
            onDemandResources =             {
                supportLevel = unsupported;
            };
        };
        configModelVersion = "1.1";
    };
    preflight =     (
        RJ8FB5M6HX
    );
}', alertMessage='(null)', errors='(
)', warnings='(
)', infoMessages='(
)'>
2025-11-25 18:50:13 +0000  App Store Connect team IDs for account (null) are (
    RJ8FB5M6HX
)
2025-11-25 18:50:14 +0000  Default store submission configuration dictionary received = {
    "com.apple.platform.appletvos" =     {
        architectures =         {
            defaultArch =             {
                defaultProductType =                 {
                    format =                     {
                        bitCode =                         {
                            supportLevel = unsupported;
                        };
                        compiledCode =                         {
                            supportLevel = required;
                        };
                    };
                };
            };
        };
        onDemandResources =         {
            supportLevel = supported;
        };
    };
    "com.apple.platform.appletvsimulator" =     {
        architectures =         {
            defaultArch =             {
                defaultProductType =                 {
                    format =                     {
                        bitCode =                         {
                            supportLevel = unsupported;
                        };
                        compiledCode =                         {
                            supportLevel = required;
                        };
                    };
                };
            };
        };
        onDemandResources =         {
            supportLevel = supported;
        };
    };
    "com.apple.platform.driverkit" =     {
        architectures =         {
            defaultArch =             {
                defaultProductType =                 {
                    format =                     {
                        bitCode =                         {
                            supportLevel = unsupported;
                        };
                        compiledCode =                         {
                            supportLevel = unsupported;
                        };
                    };
                };
            };
        };
        onDemandResources =         {
            supportLevel = unsupported;
        };
    };
    "com.apple.platform.iphoneos" =     {
        architectures =         {
            defaultArch =             {
                defaultProductType =                 {
                    format =                     {
                        bitCode =                         {
                            supportLevel = unsupported;
                        };
                        compiledCode =                         {
                            supportLevel = required;
                        };
                    };
                };
            };
        };
        onDemandResources =         {
            supportLevel = supported;
        };
    };
    "com.apple.platform.iphonesimulator" =     {
        architectures =         {
            defaultArch =             {
                defaultProductType =                 {
                    format =                     {
                        bitCode =                         {
                            supportLevel = unsupported;
                        };
                        compiledCode =                         {
                            supportLevel = required;
                        };
                    };
                };
            };
        };
        onDemandResources =         {
            supportLevel = supported;
        };
    };
    "com.apple.platform.macosx" =     {
        architectures =         {
            defaultArch =             {
                defaultProductType =                 {
                    format =                     {
                        bitCode =                         {
                            supportLevel = unsupported;
                        };
                        compiledCode =                         {
                            supportLevel = required;
                        };
                    };
                };
            };
        };
        onDemandResources =         {
            supportLevel = unsupported;
        };
    };
    "com.apple.platform.watchos" =     {
        architectures =         {
            defaultArch =             {
                defaultProductType =                 {
                    format =                     {
                        bitCode =                         {
                            supportLevel = unsupported;
                        };
                        compiledCode =                         {
                            supportLevel = required;
                        };
                    };
                };
            };
        };
        onDemandResources =         {
            supportLevel = supported;
        };
    };
    "com.apple.platform.watchsimulator" =     {
        architectures =         {
            defaultArch =             {
                defaultProductType =                 {
                    format =                     {
                        bitCode =                         {
                            supportLevel = unsupported;
                        };
                        compiledCode =                         {
                            supportLevel = required;
                        };
                    };
                };
            };
        };
        onDemandResources =         {
            supportLevel = supported;
        };
    };
    "com.apple.platform.xros" =     {
        architectures =         {
            defaultArch =             {
                defaultProductType =                 {
                    format =                     {
                        bitCode =                         {
                            supportLevel = supported;
                        };
                        compiledCode =                         {
                            supportLevel = deprecated;
                        };
                    };
                };
            };
        };
        onDemandResources =         {
            supportLevel = supported;
        };
    };
    "com.apple.platform.xrsimulator" =     {
        architectures =         {
            defaultArch =             {
                defaultProductType =                 {
                    format =                     {
                        bitCode =                         {
                            supportLevel = unsupported;
                        };
                        compiledCode =                         {
                            supportLevel = required;
                        };
                    };
                };
            };
        };
        onDemandResources =         {
            supportLevel = supported;
        };
    };
}
2025-11-25 18:50:14 +0000  Platform (watchOS) submission preference result (<IDEAppSubmissionPreference: 0x600004cfe520: storeMC: 2, storeBC: 0, devBC: NO, storeODR: 1>) for platform dictionaries to merge ((
        {
        architectures =         {
            defaultArch =             {
                defaultProductType =                 {
                    format =                     {
                        bitCode =                         {
                            supportLevel = unsupported;
                        };
                        compiledCode =                         {
                            supportLevel = required;
                        };
                    };
                };
            };
        };
        onDemandResources =         {
            supportLevel = supported;
        };
    }
))
2025-11-25 18:50:14 +0000  Platform (macOS) submission preference result (<IDEAppSubmissionPreference: 0x600004cff510: storeMC: 2, storeBC: 0, devBC: NO, storeODR: 0>) for platform dictionaries to merge ((
        {
        architectures =         {
            defaultArch =             {
                defaultProductType =                 {
                    format =                     {
                        bitCode =                         {
                            supportLevel = unsupported;
                        };
                        compiledCode =                         {
                            supportLevel = required;
                        };
                    };
                };
            };
        };
        onDemandResources =         {
            supportLevel = unsupported;
        };
    }
))
2025-11-25 18:50:14 +0000  Platform (visionOS) submission preference result (<IDEAppSubmissionPreference: 0x600004cff990: storeMC: 3, storeBC: 1, devBC: NO, storeODR: 1>) for platform dictionaries to merge ((
        {
        architectures =         {
            defaultArch =             {
                defaultProductType =                 {
                    format =                     {
                        bitCode =                         {
                            supportLevel = supported;
                        };
                        compiledCode =                         {
                            supportLevel = deprecated;
                        };
                    };
                };
            };
        };
        onDemandResources =         {
            supportLevel = supported;
        };
    }
))
2025-11-25 18:50:14 +0000  Platform (tvOS) submission preference result (<IDEAppSubmissionPreference: 0x600004cc67f0: storeMC: 2, storeBC: 0, devBC: NO, storeODR: 1>) for platform dictionaries to merge ((
        {
        architectures =         {
            defaultArch =             {
                defaultProductType =                 {
                    format =                     {
                        bitCode =                         {
                            supportLevel = unsupported;
                        };
                        compiledCode =                         {
                            supportLevel = required;
                        };
                    };
                };
            };
        };
        onDemandResources =         {
            supportLevel = supported;
        };
    }
))
2025-11-25 18:50:14 +0000  Platform (iOS) submission preference result (<IDEAppSubmissionPreference: 0x600004cc66a0: storeMC: 2, storeBC: 0, devBC: NO, storeODR: 1>) for platform dictionaries to merge ((
        {
        architectures =         {
            defaultArch =             {
                defaultProductType =                 {
                    format =                     {
                        bitCode =                         {
                            supportLevel = unsupported;
                        };
                        compiledCode =                         {
                            supportLevel = required;
                        };
                    };
                };
            };
        };
        onDemandResources =         {
            supportLevel = supported;
        };
    }
))
2025-11-25 18:50:14 +0000  Platform to submission preferences result after merging and ingestion: {
    "<DVTPlatform:0x6000028acfc0:'com.apple.platform.macosx':<DVTFilePath:0x6000034b7500:'/Applications/Xcode.app/Contents/Developer/Platforms/MacOSX.platform'>>" = "<IDEAppSubmissionPreference: 0x600004cff510: storeMC: 2, storeBC: 0, devBC: NO, storeODR: 0>";
    "<DVTPlatform:0x6000028ad0e0:'com.apple.platform.appletvos':<DVTFilePath:0x6000034b6780:'/Applications/Xcode.app/Contents/Developer/Platforms/AppleTVOS.platform'>>" = "<IDEAppSubmissionPreference: 0x600004cc67f0: storeMC: 2, storeBC: 0, devBC: NO, storeODR: 1>";
    "<DVTPlatform:0x6000028ac5a0:'com.apple.platform.xros':<DVTFilePath:0x6000034b7200:'/Applications/Xcode.app/Contents/Developer/Platforms/XROS.platform'>>" = "<IDEAppSubmissionPreference: 0x600004cff990: storeMC: 3, storeBC: 1, devBC: NO, storeODR: 1>";
    "<DVTPlatform:0x6000028accf0:'com.apple.platform.iphoneos':<DVTFilePath:0x6000034b6c00:'/Applications/Xcode.app/Contents/Developer/Platforms/iPhoneOS.platform'>>" = "<IDEAppSubmissionPreference: 0x600004cc66a0: storeMC: 2, storeBC: 0, devBC: NO, storeODR: 1>";
    "<DVTPlatform:0x6000028ad560:'com.apple.platform.watchos':<DVTFilePath:0x6000034b6f00:'/Applications/Xcode.app/Contents/Developer/Platforms/WatchOS.platform'>>" = "<IDEAppSubmissionPreference: 0x600004cfe520: storeMC: 2, storeBC: 0, devBC: NO, storeODR: 1>";
} 
2025-11-25 18:50:14 +0000  Starting evaluation for distribution items:
(
    "<IDEDistributionItem: 0x60000bf984e0; bundleID='studio.cambio.SFParkingZoneFinder', path='<DVTFilePath:0x6000075c1d80:'/Users/ian/Library/Developer/Xcode/Archives/2025-11-25/SFParkingZoneFinder 11-25-25, 10.48\U202fAM.xcarchive/Products/Applications/SFParkingZoneFinder.app'>', codeSigningInfo='<_DVTCodeSigningInformation_Path: 0x60000bb17200; isSigned='1', isAdHocSigned='0', signingCertificate='<DVTSigningCertificate: 0x600002f00000; name='Apple Development: fikei@uw.edu (55635ZA6H4)', hash='A15068C1D915FB94AA0511F73F5BA0A282089A23', serialNumber='1B09B6D8C92B663DB28838302681C631', certificateKinds='(\n    \"1.2.840.113635.100.6.1.12\",\n    \"1.2.840.113635.100.6.1.2\"\n), issueDate='2025-11-22 18:03:12 +0000''>', entitlements='{\n    \"application-identifier\" = \"RJ8FB5M6HX.studio.cambio.SFParkingZoneFinder\";\n    \"com.apple.developer.team-identifier\" = RJ8FB5M6HX;\n    \"get-task-allow\" = 1;\n}', teamID='RJ8FB5M6HX', identifier='studio.cambio.SFParkingZoneFinder', executablePath='<DVTFilePath:0x6000075c1700:'/Users/ian/Library/Developer/Xcode/Archives/2025-11-25/SFParkingZoneFinder 11-25-25, 10.48\U202fAM.xcarchive/Products/Applications/SFParkingZoneFinder.app/SFParkingZoneFinder'>', hardenedRuntime='0'>'>"
)
2025-11-25 18:50:14 +0000 [MT] Evaluating <IDEDistributionItemProvisionable: 0x600007545f80; distributionItem='<IDEDistributionItem: 0x60000bf984e0; bundleID='studio.cambio.SFParkingZoneFinder', path='<DVTFilePath:0x6000075c1d80:'/Users/ian/Library/Developer/Xcode/Archives/2025-11-25/SFParkingZoneFinder 11-25-25, 10.48 AM.xcarchive/Products/Applications/SFParkingZoneFinder.app'>', codeSigningInfo='<_DVTCodeSigningInformation_Path: 0x60000bb17200; isSigned='1', isAdHocSigned='0', signingCertificate='<DVTSigningCertificate: 0x600002f01500; name='Apple Development: fikei@uw.edu (55635ZA6H4)', hash='A15068C1D915FB94AA0511F73F5BA0A282089A23', serialNumber='1B09B6D8C92B663DB28838302681C631', certificateKinds='(
    "1.2.840.113635.100.6.1.12",
    "1.2.840.113635.100.6.1.2"
), issueDate='2025-11-22 18:03:12 +0000''>', entitlements='{
    "application-identifier" = "RJ8FB5M6HX.studio.cambio.SFParkingZoneFinder";
    "com.apple.developer.team-identifier" = RJ8FB5M6HX;
    "get-task-allow" = 1;
}', teamID='RJ8FB5M6HX', identifier='studio.cambio.SFParkingZoneFinder', executablePath='<DVTFilePath:0x6000075c1700:'/Users/ian/Library/Developer/Xcode/Archives/2025-11-25/SFParkingZoneFinder 11-25-25, 10.48 AM.xcarchive/Products/Applications/SFParkingZoneFinder.app/SFParkingZoneFinder'>', hardenedRuntime='0'>'>', team='<IDEProvisioningDisambiguatableBasicTeam: 0x6000003757c0; teamID='RJ8FB5M6HX', teamName='IAN LAWRENCE FIKE', teamType='Individual', username='fikei@uw.edu', isFreeProvisioningTeam='0'>', method='<IDEDistributionMethodiOSAppStoreValidation: 0x600005835670>', provisioningStyle='0', entitlementsProcessors='(
    "<IDEiCloudEntitlementsProcessor: 0x600004cc6190>",
    "<IDEFoundation.IDEAppAttestEnvironmentEntitlementsProcessor: 0x600004cc6d30>",
    "<IDEClassKitEntitlementsProcessor: 0x600004cf3690>",
    "<IDEFoundation.IDEAppIdentifierPrefixedEntitlementsProcessor: 0x60000381a780>"
)'> with overrides <IDEProvisionableOverrides 0x600012b03160: configuration: Default, profileSupport: <IDEProvisioningProfileSupport: 0x600005915920>, provisioningStyle: (null), provisioningPurpose: app-store, team: (null), platform: <DVTPlatform:0x6000028accf0:'com.apple.platform.iphoneos':<DVTFilePath:0x6000034b6c00:'/Applications/Xcode.app/Contents/Developer/Platforms/iPhoneOS.platform'>>, sdk: (null), sdkVariant: (null), profileSpecifier: (null), certificateIdentifier: (null), bundleIdentifier: (null), entitlements: (null), entitlementsFile: (null), baseEntitlements: (null), entitlementsExpansion: (null), entitlementsDestination: (null), allowSigningWithoutTeamSelection: (null), signingRequiresTeam: (null), appIDFeatures: (null)>
2025-11-25 18:50:14 +0000 [MT] Applying entitlements delta for <IDEDistributionItem: 0x60000bf984e0; bundleID='studio.cambio.SFParkingZoneFinder', path='<DVTFilePath:0x6000075c1d80:'/Users/ian/Library/Developer/Xcode/Archives/2025-11-25/SFParkingZoneFinder 11-25-25, 10.48 AM.xcarchive/Products/Applications/SFParkingZoneFinder.app'>', codeSigningInfo='<_DVTCodeSigningInformation_Path: 0x60000bb17200; isSigned='1', isAdHocSigned='0', signingCertificate='<DVTSigningCertificate: 0x600002f003c0; name='Apple Development: fikei@uw.edu (55635ZA6H4)', hash='A15068C1D915FB94AA0511F73F5BA0A282089A23', serialNumber='1B09B6D8C92B663DB28838302681C631', certificateKinds='(
    "1.2.840.113635.100.6.1.12",
    "1.2.840.113635.100.6.1.2"
), issueDate='2025-11-22 18:03:12 +0000''>', entitlements='{
    "application-identifier" = "RJ8FB5M6HX.studio.cambio.SFParkingZoneFinder";
    "com.apple.developer.team-identifier" = RJ8FB5M6HX;
    "get-task-allow" = 1;
}', teamID='RJ8FB5M6HX', identifier='studio.cambio.SFParkingZoneFinder', executablePath='<DVTFilePath:0x6000075c1700:'/Users/ian/Library/Developer/Xcode/Archives/2025-11-25/SFParkingZoneFinder 11-25-25, 10.48 AM.xcarchive/Products/Applications/SFParkingZoneFinder.app/SFParkingZoneFinder'>', hardenedRuntime='0'>'> from <IDEiCloudEntitlementsProcessor: 0x600004cc6190>: {
}
2025-11-25 18:50:14 +0000 [MT] Applying entitlements delta for <IDEDistributionItem: 0x60000bf984e0; bundleID='studio.cambio.SFParkingZoneFinder', path='<DVTFilePath:0x6000075c1d80:'/Users/ian/Library/Developer/Xcode/Archives/2025-11-25/SFParkingZoneFinder 11-25-25, 10.48 AM.xcarchive/Products/Applications/SFParkingZoneFinder.app'>', codeSigningInfo='<_DVTCodeSigningInformation_Path: 0x60000bb17200; isSigned='1', isAdHocSigned='0', signingCertificate='<DVTSigningCertificate: 0x600002f00240; name='Apple Development: fikei@uw.edu (55635ZA6H4)', hash='A15068C1D915FB94AA0511F73F5BA0A282089A23', serialNumber='1B09B6D8C92B663DB28838302681C631', certificateKinds='(
    "1.2.840.113635.100.6.1.12",
    "1.2.840.113635.100.6.1.2"
), issueDate='2025-11-22 18:03:12 +0000''>', entitlements='{
    "application-identifier" = "RJ8FB5M6HX.studio.cambio.SFParkingZoneFinder";
    "com.apple.developer.team-identifier" = RJ8FB5M6HX;
    "get-task-allow" = 1;
}', teamID='RJ8FB5M6HX', identifier='studio.cambio.SFParkingZoneFinder', executablePath='<DVTFilePath:0x6000075c1700:'/Users/ian/Library/Developer/Xcode/Archives/2025-11-25/SFParkingZoneFinder 11-25-25, 10.48 AM.xcarchive/Products/Applications/SFParkingZoneFinder.app/SFParkingZoneFinder'>', hardenedRuntime='0'>'> from <IDEFoundation.IDEAppAttestEnvironmentEntitlementsProcessor: 0x600004cc6d30>: {
}
2025-11-25 18:50:14 +0000 [MT] Applying entitlements delta for <IDEDistributionItem: 0x60000bf984e0; bundleID='studio.cambio.SFParkingZoneFinder', path='<DVTFilePath:0x6000075c1d80:'/Users/ian/Library/Developer/Xcode/Archives/2025-11-25/SFParkingZoneFinder 11-25-25, 10.48 AM.xcarchive/Products/Applications/SFParkingZoneFinder.app'>', codeSigningInfo='<_DVTCodeSigningInformation_Path: 0x60000bb17200; isSigned='1', isAdHocSigned='0', signingCertificate='<DVTSigningCertificate: 0x600002f07d80; name='Apple Development: fikei@uw.edu (55635ZA6H4)', hash='A15068C1D915FB94AA0511F73F5BA0A282089A23', serialNumber='1B09B6D8C92B663DB28838302681C631', certificateKinds='(
    "1.2.840.113635.100.6.1.12",
    "1.2.840.113635.100.6.1.2"
), issueDate='2025-11-22 18:03:12 +0000''>', entitlements='{
    "application-identifier" = "RJ8FB5M6HX.studio.cambio.SFParkingZoneFinder";
    "com.apple.developer.team-identifier" = RJ8FB5M6HX;
    "get-task-allow" = 1;
}', teamID='RJ8FB5M6HX', identifier='studio.cambio.SFParkingZoneFinder', executablePath='<DVTFilePath:0x6000075c1700:'/Users/ian/Library/Developer/Xcode/Archives/2025-11-25/SFParkingZoneFinder 11-25-25, 10.48 AM.xcarchive/Products/Applications/SFParkingZoneFinder.app/SFParkingZoneFinder'>', hardenedRuntime='0'>'> from <IDEClassKitEntitlementsProcessor: 0x600004cf3690>: {
}
2025-11-25 18:50:14 +0000 [MT] Applying entitlements delta for <IDEDistributionItem: 0x60000bf984e0; bundleID='studio.cambio.SFParkingZoneFinder', path='<DVTFilePath:0x6000075c1d80:'/Users/ian/Library/Developer/Xcode/Archives/2025-11-25/SFParkingZoneFinder 11-25-25, 10.48 AM.xcarchive/Products/Applications/SFParkingZoneFinder.app'>', codeSigningInfo='<_DVTCodeSigningInformation_Path: 0x60000bb17200; isSigned='1', isAdHocSigned='0', signingCertificate='<DVTSigningCertificate: 0x600002f064c0; name='Apple Development: fikei@uw.edu (55635ZA6H4)', hash='A15068C1D915FB94AA0511F73F5BA0A282089A23', serialNumber='1B09B6D8C92B663DB28838302681C631', certificateKinds='(
    "1.2.840.113635.100.6.1.12",
    "1.2.840.113635.100.6.1.2"
), issueDate='2025-11-22 18:03:12 +0000''>', entitlements='{
    "application-identifier" = "RJ8FB5M6HX.studio.cambio.SFParkingZoneFinder";
    "com.apple.developer.team-identifier" = RJ8FB5M6HX;
    "get-task-allow" = 1;
}', teamID='RJ8FB5M6HX', identifier='studio.cambio.SFParkingZoneFinder', executablePath='<DVTFilePath:0x6000075c1700:'/Users/ian/Library/Developer/Xcode/Archives/2025-11-25/SFParkingZoneFinder 11-25-25, 10.48 AM.xcarchive/Products/Applications/SFParkingZoneFinder.app/SFParkingZoneFinder'>', hardenedRuntime='0'>'> from <IDEFoundation.IDEAppIdentifierPrefixedEntitlementsProcessor: 0x60000381a780>: {
    "application-identifier" = "$(AppIdentifierPrefix)studio.cambio.SFParkingZoneFinder";
}
2025-11-25 18:50:14 +0000 [MT] Evaluation for SFParkingZoneFinder.app is <IDEProvisionableStatusEvaluation 0x60000726da40: inputs: <IDEProvisionableStatusEvalutorInputs 0x6000038326c0: provisionableSnapshot: <IDEProvisionableSnapshot 0x60000381b4c0: name: SFParkingZoneFinder.app, configurations: {
    Default = "<_IDEProvisionableConfigurationSnapshot 0x60000691b180: name: Default, provisioningStyle: 0, team: <IDEProvisioningDisambiguatableBasicTeam: 0x6000003757c0; teamID='RJ8FB5M6HX', teamName='IAN LAWRENCE FIKE', teamType='Individual', username='fikei@uw.edu', isFreeProvisioningTeam='0'>, profileSupport: <IDEProvisioningProfileSupport: 0x6000059165f0>, platform: <DVTPlatform:0x6000028accf0:'com.apple.platform.iphoneos':<DVTFilePath:0x6000034b6c00:'/Applications/Xcode.app/Contents/Developer/Platforms/iPhoneOS.platform'>>, sdk: (null), sdkVariant: (null), bundleIdentifier: studio.cambio.SFParkingZoneFinder, profileSpecifier: (null), certificateIdentifier: iPhone Distribution, entitlementsFilePath: (null), baseEntitlements: <IDEProvisionableEntitlements: 0x600005b0a840; signedEntitlements='{\n    \"application-identifier\" = \"$(AppIdentifierPrefix)studio.cambio.SFParkingZoneFinder\";\n    \"com.apple.developer.team-identifier\" = RJ8FB5M6HX;\n}', simulatedEntitlements='(null)'>, entitlementsExpansion: <IDEDistributionProvisioningEntitlementsExpansion: 0x600005916540>, entitlementsDestination: 1, allowSigningWithoutTeamSelection: 0, signingRequiresTeam: 0, appIDFeatures: <DVTPortalAppIDFeatures 0x600005be8480: Features: {\n}, Containers: {\n}>, provisioningPurpose: app-store, supportsIOSMac: 0>";
}, overrides: <IDEProvisionableOverrides 0x600012b03160: configuration: Default, profileSupport: <IDEProvisioningProfileSupport: 0x600005915920>, provisioningStyle: (null), provisioningPurpose: app-store, team: (null), platform: <DVTPlatform:0x6000028accf0:'com.apple.platform.iphoneos':<DVTFilePath:0x6000034b6c00:'/Applications/Xcode.app/Contents/Developer/Platforms/iPhoneOS.platform'>>, sdk: (null), sdkVariant: (null), profileSpecifier: (null), certificateIdentifier: (null), bundleIdentifier: (null), entitlements: (null), entitlementsFile: (null), baseEntitlements: (null), entitlementsExpansion: (null), entitlementsDestination: (null), allowSigningWithoutTeamSelection: (null), signingRequiresTeam: (null), appIDFeatures: (null)>>>, configuration: Default, codesignParameterSnapshot: <IDECodesignParameterSnapshot: 0x600004bd3f60>:
Profile:  <DVTEmbeddedProvisioningProfile 0x600002f2c3c0: name: iOS Team Store Provisioning Profile: studio.cambio.SFParkingZoneFinder, UUID: 133730ce-aa26-4897-9a07-7c2fda5188ed, teamName: IAN LAWRENCE FIKE, teamIdentifierPrefixes: (
    RJ8FB5M6HX
), entitlements: {
    "application-identifier" = "RJ8FB5M6HX.studio.cambio.SFParkingZoneFinder";
    "beta-reports-active" = 1;
    "com.apple.developer.team-identifier" = RJ8FB5M6HX;
    "get-task-allow" = 0;
    "keychain-access-groups" =     (
        "RJ8FB5M6HX.*",
        "com.apple.token"
    );
}, appIdentifierName: XC studio cambio SFParkingZoneFinder, applicationIdentifierPrefixes: (
    RJ8FB5M6HX
), dateCreated: 2025-11-25 18:40:00 +0000, dateExpired: 2026-11-25 18:29:59 +0000, certificateKinds: {(
    "1.2.840.113635.100.6.1.4",
    "1.2.840.113635.100.6.1.7"
)}, certificateSHA1Hashes: {(
    CCD01014BF33F20A45809D52A2506C57FA03E185
)}, supportedUDIDs: {(
)}, isUniversal: 0, isXcodeManaged: 1, platforms: {(
    <DVTPlatform:0x6000028ac5a0:'com.apple.platform.xros':<DVTFilePath:0x6000034b7200:'/Applications/Xcode.app/Contents/Developer/Platforms/XROS.platform'>>,
    <DVTPlatform:0x6000028ad560:'com.apple.platform.watchos':<DVTFilePath:0x6000034b6f00:'/Applications/Xcode.app/Contents/Developer/Platforms/WatchOS.platform'>>,
    <DVTPlatform:0x6000028accf0:'com.apple.platform.iphoneos':<DVTFilePath:0x6000034b6c00:'/Applications/Xcode.app/Contents/Developer/Platforms/iPhoneOS.platform'>>
)}, filePath: <DVTFilePath:0x600002bc03c0:'/Users/ian/Library/MobileDevice/Provisioning Profiles/133730ce-aa26-4897-9a07-7c2fda5188ed.mobileprovision'>>
Identity: CCD01014BF33F20A45809D52A2506C57FA03E185
Certificate <DVTSigningCertificate: 0x6000020ab6c0; name='Apple Distribution: IAN LAWRENCE FIKE (RJ8FB5M6HX)', hash='CCD01014BF33F20A45809D52A2506C57FA03E185', serialNumber='7650B9E3C382FD303D966F9EE6422E24', certificateKinds='(
    "1.2.840.113635.100.6.1.7",
    "1.2.840.113635.100.6.1.4"
), issueDate='2025-11-25 18:30:00 +0000''>>, errors: (null)>
2025-11-25 18:50:14 +0000  Platform (watchOS) submission preference result (<IDEAppSubmissionPreference: 0x600004bf9da0: storeMC: 2, storeBC: 0, devBC: NO, storeODR: 1>) for platform dictionaries to merge ((
        {
        architectures =         {
            defaultArch =             {
                defaultProductType =                 {
                    format =                     {
                        bitCode =                         {
                            supportLevel = unsupported;
                        };
                        compiledCode =                         {
                            supportLevel = required;
                        };
                    };
                };
            };
        };
        onDemandResources =         {
            supportLevel = supported;
        };
    }
))
2025-11-25 18:50:14 +0000  Platform (macOS) submission preference result (<IDEAppSubmissionPreference: 0x600004bf95f0: storeMC: 2, storeBC: 0, devBC: NO, storeODR: 0>) for platform dictionaries to merge ((
        {
        architectures =         {
            defaultArch =             {
                defaultProductType =                 {
                    format =                     {
                        bitCode =                         {
                            supportLevel = unsupported;
                        };
                        compiledCode =                         {
                            supportLevel = required;
                        };
                    };
                };
            };
        };
        onDemandResources =         {
            supportLevel = unsupported;
        };
    }
))
2025-11-25 18:50:14 +0000  Platform (visionOS) submission preference result (<IDEAppSubmissionPreference: 0x600004bf9e90: storeMC: 3, storeBC: 1, devBC: NO, storeODR: 1>) for platform dictionaries to merge ((
        {
        architectures =         {
            defaultArch =             {
                defaultProductType =                 {
                    format =                     {
                        bitCode =                         {
                            supportLevel = supported;
                        };
                        compiledCode =                         {
                            supportLevel = deprecated;
                        };
                    };
                };
            };
        };
        onDemandResources =         {
            supportLevel = supported;
        };
    }
))
2025-11-25 18:50:14 +0000  Platform (tvOS) submission preference result (<IDEAppSubmissionPreference: 0x600004bf9470: storeMC: 2, storeBC: 0, devBC: NO, storeODR: 1>) for platform dictionaries to merge ((
        {
        architectures =         {
            defaultArch =             {
                defaultProductType =                 {
                    format =                     {
                        bitCode =                         {
                            supportLevel = unsupported;
                        };
                        compiledCode =                         {
                            supportLevel = required;
                        };
                    };
                };
            };
        };
        onDemandResources =         {
            supportLevel = supported;
        };
    }
))
2025-11-25 18:50:14 +0000  Platform (iOS) submission preference result (<IDEAppSubmissionPreference: 0x600004bf85d0: storeMC: 2, storeBC: 0, devBC: NO, storeODR: 1>) for platform dictionaries to merge ((
        {
        architectures =         {
            defaultArch =             {
                defaultProductType =                 {
                    format =                     {
                        bitCode =                         {
                            supportLevel = unsupported;
                        };
                        compiledCode =                         {
                            supportLevel = required;
                        };
                    };
                };
            };
        };
        onDemandResources =         {
            supportLevel = supported;
        };
    }
))
2025-11-25 18:50:14 +0000  Platform to submission preferences result after merging and ingestion: {
    "<DVTPlatform:0x6000028acfc0:'com.apple.platform.macosx':<DVTFilePath:0x6000034b7500:'/Applications/Xcode.app/Contents/Developer/Platforms/MacOSX.platform'>>" = "<IDEAppSubmissionPreference: 0x600004bf95f0: storeMC: 2, storeBC: 0, devBC: NO, storeODR: 0>";
    "<DVTPlatform:0x6000028ad0e0:'com.apple.platform.appletvos':<DVTFilePath:0x6000034b6780:'/Applications/Xcode.app/Contents/Developer/Platforms/AppleTVOS.platform'>>" = "<IDEAppSubmissionPreference: 0x600004bf9470: storeMC: 2, storeBC: 0, devBC: NO, storeODR: 1>";
    "<DVTPlatform:0x6000028ac5a0:'com.apple.platform.xros':<DVTFilePath:0x6000034b7200:'/Applications/Xcode.app/Contents/Developer/Platforms/XROS.platform'>>" = "<IDEAppSubmissionPreference: 0x600004bf9e90: storeMC: 3, storeBC: 1, devBC: NO, storeODR: 1>";
    "<DVTPlatform:0x6000028accf0:'com.apple.platform.iphoneos':<DVTFilePath:0x6000034b6c00:'/Applications/Xcode.app/Contents/Developer/Platforms/iPhoneOS.platform'>>" = "<IDEAppSubmissionPreference: 0x600004bf85d0: storeMC: 2, storeBC: 0, devBC: NO, storeODR: 1>";
    "<DVTPlatform:0x6000028ad560:'com.apple.platform.watchos':<DVTFilePath:0x6000034b6f00:'/Applications/Xcode.app/Contents/Developer/Platforms/WatchOS.platform'>>" = "<IDEAppSubmissionPreference: 0x600004bf9da0: storeMC: 2, storeBC: 0, devBC: NO, storeODR: 1>";
} 
2025-11-25 18:50:15 +0000  Validating SFParkingZoneFinder
2025-11-25 18:50:30 +0000  Distribution record info for archive: <IDEArchiveDistributionRecord: 0x600002b5a8a0; task='1', distributionDestination='2', uploadDestination='1', teamID='RJ8FB5M6HX', signingCertificateSHA1='CCD01014BF33F20A45809D52A2506C57FA03E185', uniqueIdentifier='81a90cdf-c725-45cf-b558-02c9388bd97b', packagePath='(null)', preparationEvent='<IDEArchiveDistributionEvent: 0x60000bdfce10; title='Prepared archive for validation', shortTitle='Prepared', date='2025-11-25 18:50:10 +0000', errors='(
)', warnings='(
)', infoMessages='(
)', state='2'>', uploadEvent='(null)', validationEvent='<IDEArchiveDistributionEvent: 0x60000bdfc320; title='Validation failed', shortTitle='Validation failed', date='2025-11-25 18:50:30 +0000', errors='(
    "Error Domain=ContentDelivery Code=409 \"Validation failed\" UserInfo={IDEDistributionIssueSeverity=3, NSLocalizedDescription=Validation failed, NSLocalizedRecoverySuggestion=SDK version issue. This app was built with the iOS 17.5 SDK. All iOS and iPadOS apps must be built with the iOS 18 SDK or later, included in Xcode 16 or later, in order to be uploaded to App Store Connect or submitted for distribution. (ID: 7a3b6504-f5b6-49b3-bf58-10da5c93e32d)}"
)', warnings='(
)', infoMessages='(
)', state='5'>', processingCompletedEvent='(null)'>
2025-11-25 18:50:30 +0000  Step failed: <IDEDistributionResultStep: 0x600005bcc020>: Error Domain=IDEDistributionResultStepErrorDomain Code=-1 "Validation failed with errors" UserInfo={NSLocalizedDescription=Validation failed with errors, IDEDistributionUnderlyingErrors=(
    "Error Domain=ContentDelivery Code=409 \"error: Validation failed. SDK version issue. This app was built with the iOS 17.5 SDK. All iOS and iPadOS apps must be built with the iOS 18 SDK or later, included in Xcode 16 or later, in order to be uploaded to App Store Connect or submitted for distribution. (ID: 7a3b6504-f5b6-49b3-bf58-10da5c93e32d).\" UserInfo={NSLocalizedDescription=error: Validation failed. SDK version issue. This app was built with the iOS 17.5 SDK. All iOS and iPadOS apps must be built with the iOS 18 SDK or later, included in Xcode 16 or later, in order to be uploaded to App Store Connect or submitted for distribution. (ID: 7a3b6504-f5b6-49b3-bf58-10da5c93e32d).}"
)}
2025-11-25 18:50:30 +0000 [MT] Displaying Validation result for archive SFParkingZoneFinder
