2025-11-25 18:50:13 +0000  AppsService: will send request: Apps.apps-get_collection: GET /provider/043353e8-4ec0-4021-ae7b-91d7b5844c53/v1/apps?fields[appStoreVersions]=platform,storeIcon,versionString&fields[iosAppToMacAppStoreOptInSetting]=isOptedInToDistributeIosAppOnMacAppStore&include=appStoreVersions,iosAppToMacAppStoreOptInSetting&fields[apps]=name,bundleId,appStoreVersions,iosAppToMacAppStoreOptInSetting,removed&limit=100&sort=name&filter[bundleId]=studio.cambio.SFParkingZoneFinder&limit[appStoreVersions]=10
2025-11-25 18:50:13 +0000  APIClient (name: ) got status code 200 to a GET request to URL: https://appstoreconnect.apple.com/iris/provider/043353e8-4ec0-4021-ae7b-91d7b5844c53/v1/apps?fields%5BappStoreVersions%5D=platform,storeIcon,versionString&fields%5Bapps%5D=name,bundleId,appStoreVersions,iosAppToMacAppStoreOptInSetting,removed&fields%5BiosAppToMacAppStoreOptInSetting%5D=isOptedInToDistributeIosAppOnMacAppStore&filter%5BbundleId%5D=studio.cambio.SFParkingZoneFinder&include=appStoreVersions,iosAppToMacAppStoreOptInSetting&limit=100&limit%5BappStoreVersions%5D=10&sort=name
2025-11-25 18:50:13 +0000  AppsService: received response: 200 success
---
Headers:
'x-apple-jingle-correlation-key': 'JXWAATBPMUNEEUWWU7R5KPVVNQ'
'x-apple-request-uuid': '4dec004c-2f65-1a42-52d6-a7e3d53eb56c'
'x-b3-parentspanid': 'd4b7ace8f72ad528'
'Server': 'daiquiri/5'
'x-b3-traceid': '2365b45e84f339d9'
'apple-timing-app': '113 ms'
'apple-tk': 'false'
'x-daiquiri-rate-limit-timing-user': '0'
'x-unicorn-originated': 'true'
'Strict-Transport-Security': 'max-age=31536000; includeSubDomains; preload'
'Set-Cookie': 'dqsid=eyJ0eXAiOiJKV1QiLCJhbGciOiJIUzI1NiJ9.eyJpYXQiOjE3NjQwOTY2MTMsImp0aSI6IkhySmkzOHFMZ1NLYWtwbkVFWkVQSFEifQ.vnmKMP95myCVbUX1SJz4dytdydpgshbQS7aEs3yVRxc; Max-Age=1800; Expires=Tue, 25 Nov 2025 19:20:13 GMT; Path=/; Secure; HTTPOnly'
'x-responding-instance': 'ac-gateway-api:ac-gateway-api-main-5b7bbd9c9b-bhqq2:ac-gateway-api-main-5b7bbd9c9b-bhqq2:-1::::'
'x-daiquiri-instance': 'daiquiri:35751003:pv50p00it-hyhk23193701:7987:25RELEASE148:daiquiri-amp-dsce-asc-int-002-pv, daiquiri:35751003:pv50p00it-hyhk23193701:7987:25RELEASE148:daiquiri-amp-dsce-asc-int-002-pv, daiquiri:38493001:pv50p00it-hyhk12043901:7987:25RELEASE148:daiquiri-amp-all-shared-ext-001-pv'
'Content-Type': 'application/json'
'x-b3-spanid': '3235bd9acc50ea61'
'Date': 'Tue, 25 Nov 2025 18:50:13 GMT'
'x-xss-protection': '1; mode=block'
'apple-seq': '0.0'
'x-content-type-options': 'nosniff'
'x-daiquiri-rate-limit-user': 'user-hour-lim:10000;user-hour-rem:9997;'
'Content-Length': '2883'
'x-frame-options': 'SAMEORIGIN'
'x-content-security-policy': 'script-src 'self' *.apple.com'
'b3': '4dec004c2f651a4252d6a7e3d53eb56c-3235bd9acc50ea61'
'apple-originating-system': 'UnknownOriginatingSystem'
---
Data:
AppStoreConnectAppsResponse(data: [XCServices.AppStoreConnectApp(links: XCServices.AppStoreConnectResourceLinks(_self: "https://appstoreconnect.apple.com/iris/provider/043353e8-4ec0-4021-ae7b-91d7b5844c53/v1/apps/6755738321"), id: "6755738321", type: XCServices.AppStoreConnectApp.AppStoreConnectType.apps, attributes: Optional(XCServices.AppStoreConnectApp.Attributes(availableInNewTerritories: nil, bundleId: Optional("studio.cambio.SFParkingZoneFinder"), bundleIdReferenceName: nil, contentRightsDeclaration: nil, gracRatingClassificationNumber: nil, isArcade: nil, isOrEverWasMadeForKids: nil, name: Optional("Circle The Block"), primaryLocale: nil, removed: Optional(false), removedDate: nil, sku: nil, storeUrl: nil, subscriptionStatusUrl: nil, subscriptionStatusUrlForSandbox: nil, subscriptionStatusUrlVersion: nil, subscriptionStatusUrlVersionForSandbox: nil)), relationships: Optional(XCServices.AppStoreConnectApp.Relationships(appAvailability: nil, appInfos: nil, appSharedSecrets: nil, appStoreVersions: Optional(XCServices.AppStoreConnectApp.Relationships.AppStoreVersions(data: Optional([XCServices.AppStoreConnectApp.Relationships.AppStoreVersions.DataType(id: "688fd226-d3e6-47f2-80ca-6fc43066d94f", type: XCServices.AppStoreConnectApp.Relationships.AppStoreVersions.DataType.AppStoreConnectType.appStoreVersions)]), links: Optional(XCServices.AppStoreConnectApp.Relationships.AppStoreVersions.Links(related: Optional("https://appstoreconnect.apple.com/iris/provider/043353e8-4ec0-4021-ae7b-91d7b5844c53/v1/apps/6755738321/appStoreVersions"), _self: Optional("https://appstoreconnect.apple.com/iris/provider/043353e8-4ec0-4021-ae7b-91d7b5844c53/v1/apps/6755738321/relationships/appStoreVersions"))), meta: Optional(XCServices.AppStoreConnectPagingInformation(paging: XCServices.AppStoreConnectPagingInformation.Paging(limit: 10, total: Optional(1)))))), availableTerritories: nil, builds: nil, inAppPurchasesV2: nil, iosAppToMacAppStoreOptInSetting: Optional(XCServices.AppStoreConnectApp.Relationships.IosAppToMacAppStoreOptInSetting(data: Optional(XCServices.AppStoreConnectApp.Relationships.IosAppToMacAppStoreOptInSetting.DataType(id: "6755738321", type: XCServices.AppStoreConnectApp.Relationships.IosAppToMacAppStoreOptInSetting.DataType.AppStoreConnectType.iosAppToMacAppStoreOptInSetting)), links: Optional(XCServices.AppStoreConnectApp.Relationships.IosAppToMacAppStoreOptInSetting.Links(related: Optional("https://appstoreconnect.apple.com/iris/provider/043353e8-4ec0-4021-ae7b-91d7b5844c53/v1/apps/6755738321/iosAppToMacAppStoreOptInSetting"), _self: Optional("https://appstoreconnect.apple.com/iris/provider/043353e8-4ec0-4021-ae7b-91d7b5844c53/v1/apps/6755738321/relationships/iosAppToMacAppStoreOptInSetting"))))), preReleaseVersions: nil, promotedPurchases: nil, subscriptionGroups: nil)))], links: XCServices.AppStoreConnectPagedDocumentLinks(_self: "https://appstoreconnect.apple.com/iris/provider/043353e8-4ec0-4021-ae7b-91d7b5844c53/v1/apps?fields%5BiosAppToMacAppStoreOptInSetting%5D=isOptedInToDistributeIosAppOnMacAppStore&fields%5BappStoreVersions%5D=versionString%2Cplatform%2CstoreIcon&fields%5Bapps%5D=iosAppToMacAppStoreOptInSetting%2Cremoved%2CappStoreVersions%2Cname%2CbundleId&filter%5BbundleId%5D=studio.cambio.SFParkingZoneFinder&include=iosAppToMacAppStoreOptInSetting%2CappStoreVersions&limit%5BappStoreVersions%5D=10&sort=name&limit=100", first: nil, next: nil), included: Optional([XCServices.AppStoreConnectAppsResponse.Included.appStoreVersion(XCServices.AppStoreConnectAppStoreVersion(links: XCServices.AppStoreConnectResourceLinks(_self: "https://appstoreconnect.apple.com/iris/provider/043353e8-4ec0-4021-ae7b-91d7b5844c53/v1/appStoreVersions/688fd226-d3e6-47f2-80ca-6fc43066d94f"), id: "688fd226-d3e6-47f2-80ca-6fc43066d94f", type: XCServices.AppStoreConnectAppStoreVersion.AppStoreConnectType.appStoreVersions, attributes: Optional(XCServices.AppStoreConnectAppStoreVersion.Attributes(appStoreState: nil, copyright: nil, createdDate: nil, downloadable: nil, earliestReleaseDate: nil, isWatchOnly: nil, platform: Optional(XCServices.AppStoreConnectPlatform.ios), releaseType: nil, storeIcon: nil, usesIdfa: nil, versionString: Optional("1.0"), watchStoreIcon: nil)), relationships: nil)), XCServices.AppStoreConnectAppsResponse.Included.iosAppToMacAppStoreOptInSetting(XCServices.AppStoreConnectIosAppToMacAppStoreOptInSetting(links: XCServices.AppStoreConnectResourceLinks(_self: "https://appstoreconnect.apple.com/iris/provider/043353e8-4ec0-4021-ae7b-91d7b5844c53/v1/iosAppToMacAppStoreOptInSetting/6755738321"), id: "6755738321", type: XCServices.AppStoreConnectIosAppToMacAppStoreOptInSetting.AppStoreConnectType.iosAppToMacAppStoreOptInSetting, attributes: Optional(XCServices.AppStoreConnectIosAppToMacAppStoreOptInSetting.Attributes(automaticMinMacOsVersion: nil, isOptedInToDistributeIosAppOnMacAppStore: Optional(true), isVerifiedForMacOs: nil, minMacOsVersionToSupport: nil, supportedMacOsVersions: nil)), relationships: nil))]), meta: Optional(XCServices.AppStoreConnectPagingInformation(paging: XCServices.AppStoreConnectPagingInformation.Paging(limit: 100, total: Optional(1)))))
---
2025-11-25 18:50:13 +0000  AppsService: fetched 1 items, total 1 items, has next page URL: false
