2025-11-25 18:50:10 +0000 [MT] Beginning distribution assistant for archive: SFParkingZoneFinder, task: 1
2025-11-25 18:50:10 +0000 [MT] state.isLastStepViewControllerNameKnown = 0
2025-11-25 18:50:10 +0000 [MT] state.isLastStepViewControllerNameKnown = 0
2025-11-25 18:50:12 +0000 [MT] Proceeding to distribution step IDEDistributionPlanDriverStepViewController, context: <IDEDistributionContext: 0x12224f5e0; archive(resolved)="<IDEArchive: 0x60000bf9db60>", distributionTask(resolved)="1", distributionDestination(resolved)="(null)", distributionMethod(resolved)="(null)", team(resolved)="(null)">
	Chain (3, self inclusive):
	<IDEDistributionContext: 0x12224f5e0; archive = "<IDEArchive: 0x60000bf9db60>", distributionMethod="(null)", team="(null)">
	<IDEDistributionContext: 0x112891510; archive = "<IDEArchive: 0x60000bf9db60>", distributionMethod="(null)", team="(null)">
	<IDEDistributionContext: 0x1128904f0; archive = "<IDEArchive: 0x60000bf9db60>", distributionMethod="(null)", team="(null)">
</IDEDistributionContext: 0x12224f5e0>
2025-11-25 18:50:12 +0000 [MT] state.isLastStepViewControllerNameKnown = 0
2025-11-25 18:50:12 +0000  Starting export with options: {"compileBitcode":false,"manageAppVersionAndBuildNumber":true,"raiseProfileSupportOptionalToRequired":false,"stripSwiftSymbols":true,"method":"validation","destination":"upload","generateAppStoreInformation":false,"thinning":"<none>","testFlightInternalTestingOnly":false,"embedOnDemandResourcesAssetPacksInBundle":false,"uploadSymbols":true,"signingStyle":"automatic"}
2025-11-25 18:50:12 +0000  Running step: IDEDistributionAnalyzeArchiveStep with <IDEDistributionContext: 0x33119df90; archive(resolved)="<IDEArchive: 0x60000bf9db60>", distributionTask(resolved)="1", distributionDestination(resolved)="2", distributionMethod(resolved)="<IDEDistributionMethodiOSAppStoreValidation: 0x600005835670>", team(resolved)="(null)">
	Chain (5, self inclusive):
	<IDEDistributionContext: 0x33119df90; archive = "<IDEArchive: 0x60000bf9db60>", distributionMethod="<IDEDistributionMethodiOSAppStoreValidation: 0x600005835670>", team="(null)">
	<IDEDistributionContext: 0x112891050; archive = "<IDEArchive: 0x60000bf9db60>", distributionMethod="<IDEDistributionMethodiOSAppStoreValidation: 0x600005835670>", team="(null)">
	<IDEDistributionContext: 0x12224f5e0; archive = "<IDEArchive: 0x60000bf9db60>", distributionMethod="(null)", team="(null)">
	<IDEDistributionContext: 0x112891510; archive = "<IDEArchive: 0x60000bf9db60>", distributionMethod="(null)", team="(null)">
	<IDEDistributionContext: 0x1128904f0; archive = "<IDEArchive: 0x60000bf9db60>", distributionMethod="(null)", team="(null)">
</IDEDistributionContext: 0x33119df90>
2025-11-25 18:50:12 +0000  Running step: IDEDistributionTeamStep with <IDEDistributionContext: 0x33119d030; archive(resolved)="<IDEArchive: 0x60000bf9db60>", distributionTask(resolved)="1", distributionDestination(resolved)="2", distributionMethod(resolved)="<IDEDistributionMethodiOSAppStoreValidation: 0x600005835670>", team(resolved)="<IDEProvisioningDisambiguatableBasicTeam: 0x6000003757c0; teamID='RJ8FB5M6HX', teamName='IAN LAWRENCE FIKE', teamType='Individual', username='fikei@uw.edu', isFreeProvisioningTeam='0'>">
	Chain (6, self inclusive):
	<IDEDistributionContext: 0x33119d030; archive = "<IDEArchive: 0x60000bf9db60>", distributionMethod="<IDEDistributionMethodiOSAppStoreValidation: 0x600005835670>", team="<IDEProvisioningDisambiguatableBasicTeam: 0x6000003757c0; teamID='RJ8FB5M6HX', teamName='IAN LAWRENCE FIKE', teamType='Individual', username='fikei@uw.edu', isFreeProvisioningTeam='0'>">
	<IDEDistributionContext: 0x33119df90; archive = "<IDEArchive: 0x60000bf9db60>", distributionMethod="<IDEDistributionMethodiOSAppStoreValidation: 0x600005835670>", team="(null)">
	<IDEDistributionContext: 0x112891050; archive = "<IDEArchive: 0x60000bf9db60>", distributionMethod="<IDEDistributionMethodiOSAppStoreValidation: 0x600005835670>", team="(null)">
	<IDEDistributionContext: 0x12224f5e0; archive = "<IDEArchive: 0x60000bf9db60>", distributionMethod="(null)", team="(null)">
	<IDEDistributionContext: 0x112891510; archive = "<IDEArchive: 0x60000bf9db60>", distributionMethod="(null)", team="(null)">
	<IDEDistributionContext: 0x1128904f0; archive = "<IDEArchive: 0x60000bf9db60>", distributionMethod="(null)", team="(null)">
</IDEDistributionContext: 0x33119d030>
2025-11-25 18:50:12 +0000  Running step: IDEDistributionUploadAccountStep with <IDEDistributionContext: 0x3318765f0; archive(resolved)="<IDEArchive: 0x60000bf9db60>", distributionTask(resolved)="1", distributionDestination(resolved)="2", distributionMethod(resolved)="<IDEDistributionMethodiOSAppStoreValidation: 0x600005835670>", team(resolved)="<IDEProvisioningDisambiguatableBasicTeam: 0x6000003757c0; teamID='RJ8FB5M6HX', teamName='IAN LAWRENCE FIKE', teamType='Individual', username='fikei@uw.edu', isFreeProvisioningTeam='0'>">
	Chain (7, self inclusive):
	<IDEDistributionContext: 0x3318765f0; archive = "<IDEArchive: 0x60000bf9db60>", distributionMethod="<IDEDistributionMethodiOSAppStoreValidation: 0x600005835670>", team="<IDEProvisioningDisambiguatableBasicTeam: 0x6000003757c0; teamID='RJ8FB5M6HX', teamName='IAN LAWRENCE FIKE', teamType='Individual', username='fikei@uw.edu', isFreeProvisioningTeam='0'>">
	<IDEDistributionContext: 0x33119d030; archive = "<IDEArchive: 0x60000bf9db60>", distributionMethod="<IDEDistributionMethodiOSAppStoreValidation: 0x600005835670>", team="<IDEProvisioningDisambiguatableBasicTeam: 0x6000003757c0; teamID='RJ8FB5M6HX', teamName='IAN LAWRENCE FIKE', teamType='Individual', username='fikei@uw.edu', isFreeProvisioningTeam='0'>">
	<IDEDistributionContext: 0x33119df90; archive = "<IDEArchive: 0x60000bf9db60>", distributionMethod="<IDEDistributionMethodiOSAppStoreValidation: 0x600005835670>", team="(null)">
	<IDEDistributionContext: 0x112891050; archive = "<IDEArchive: 0x60000bf9db60>", distributionMethod="<IDEDistributionMethodiOSAppStoreValidation: 0x600005835670>", team="(null)">
	<IDEDistributionContext: 0x12224f5e0; archive = "<IDEArchive: 0x60000bf9db60>", distributionMethod="(null)", team="(null)">
	<IDEDistributionContext: 0x112891510; archive = "<IDEArchive: 0x60000bf9db60>", distributionMethod="(null)", team="(null)">
	<IDEDistributionContext: 0x1128904f0; archive = "<IDEArchive: 0x60000bf9db60>", distributionMethod="(null)", team="(null)">
</IDEDistributionContext: 0x3318765f0>
2025-11-25 18:50:13 +0000  Running step: IDEDistributionFetchAppRecordStep with <IDEDistributionContext: 0x3318a88a0; archive(resolved)="<IDEArchive: 0x60000bf9db60>", distributionTask(resolved)="1", distributionDestination(resolved)="2", distributionMethod(resolved)="<IDEDistributionMethodiOSAppStoreValidation: 0x600005835670>", team(resolved)="<IDEProvisioningDisambiguatableBasicTeam: 0x6000003757c0; teamID='RJ8FB5M6HX', teamName='IAN LAWRENCE FIKE', teamType='Individual', username='fikei@uw.edu', isFreeProvisioningTeam='0'>">
	Chain (8, self inclusive):
	<IDEDistributionContext: 0x3318a88a0; archive = "<IDEArchive: 0x60000bf9db60>", distributionMethod="<IDEDistributionMethodiOSAppStoreValidation: 0x600005835670>", team="<IDEProvisioningDisambiguatableBasicTeam: 0x6000003757c0; teamID='RJ8FB5M6HX', teamName='IAN LAWRENCE FIKE', teamType='Individual', username='fikei@uw.edu', isFreeProvisioningTeam='0'>">
	<IDEDistributionContext: 0x3318765f0; archive = "<IDEArchive: 0x60000bf9db60>", distributionMethod="<IDEDistributionMethodiOSAppStoreValidation: 0x600005835670>", team="<IDEProvisioningDisambiguatableBasicTeam: 0x6000003757c0; teamID='RJ8FB5M6HX', teamName='IAN LAWRENCE FIKE', teamType='Individual', username='fikei@uw.edu', isFreeProvisioningTeam='0'>">
	<IDEDistributionContext: 0x33119d030; archive = "<IDEArchive: 0x60000bf9db60>", distributionMethod="<IDEDistributionMethodiOSAppStoreValidation: 0x600005835670>", team="<IDEProvisioningDisambiguatableBasicTeam: 0x6000003757c0; teamID='RJ8FB5M6HX', teamName='IAN LAWRENCE FIKE', teamType='Individual', username='fikei@uw.edu', isFreeProvisioningTeam='0'>">
	<IDEDistributionContext: 0x33119df90; archive = "<IDEArchive: 0x60000bf9db60>", distributionMethod="<IDEDistributionMethodiOSAppStoreValidation: 0x600005835670>", team="(null)">
	<IDEDistributionContext: 0x112891050; archive = "<IDEArchive: 0x60000bf9db60>", distributionMethod="<IDEDistributionMethodiOSAppStoreValidation: 0x600005835670>", team="(null)">
	<IDEDistributionContext: 0x12224f5e0; archive = "<IDEArchive: 0x60000bf9db60>", distributionMethod="(null)", team="(null)">
	<IDEDistributionContext: 0x112891510; archive = "<IDEArchive: 0x60000bf9db60>", distributionMethod="(null)", team="(null)">
	<IDEDistributionContext: 0x1128904f0; archive = "<IDEArchive: 0x60000bf9db60>", distributionMethod="(null)", team="(null)">
</IDEDistributionContext: 0x3318a88a0>
2025-11-25 18:50:13 +0000  Running step: IDEDistributionCreateAppRecordStep with <IDEDistributionContext: 0x1128520d0; archive(resolved)="<IDEArchive: 0x60000bf9db60>", distributionTask(resolved)="1", distributionDestination(resolved)="2", distributionMethod(resolved)="<IDEDistributionMethodiOSAppStoreValidation: 0x600005835670>", team(resolved)="<IDEProvisioningDisambiguatableBasicTeam: 0x6000003757c0; teamID='RJ8FB5M6HX', teamName='IAN LAWRENCE FIKE', teamType='Individual', username='fikei@uw.edu', isFreeProvisioningTeam='0'>">
	Chain (9, self inclusive):
	<IDEDistributionContext: 0x1128520d0; archive = "<IDEArchive: 0x60000bf9db60>", distributionMethod="<IDEDistributionMethodiOSAppStoreValidation: 0x600005835670>", team="<IDEProvisioningDisambiguatableBasicTeam: 0x6000003757c0; teamID='RJ8FB5M6HX', teamName='IAN LAWRENCE FIKE', teamType='Individual', username='fikei@uw.edu', isFreeProvisioningTeam='0'>">
	<IDEDistributionContext: 0x3318a88a0; archive = "<IDEArchive: 0x60000bf9db60>", distributionMethod="<IDEDistributionMethodiOSAppStoreValidation: 0x600005835670>", team="<IDEProvisioningDisambiguatableBasicTeam: 0x6000003757c0; teamID='RJ8FB5M6HX', teamName='IAN LAWRENCE FIKE', teamType='Individual', username='fikei@uw.edu', isFreeProvisioningTeam='0'>">
	<IDEDistributionContext: 0x3318765f0; archive = "<IDEArchive: 0x60000bf9db60>", distributionMethod="<IDEDistributionMethodiOSAppStoreValidation: 0x600005835670>", team="<IDEProvisioningDisambiguatableBasicTeam: 0x6000003757c0; teamID='RJ8FB5M6HX', teamName='IAN LAWRENCE FIKE', teamType='Individual', username='fikei@uw.edu', isFreeProvisioningTeam='0'>">
	<IDEDistributionContext: 0x33119d030; archive = "<IDEArchive: 0x60000bf9db60>", distributionMethod="<IDEDistributionMethodiOSAppStoreValidation: 0x600005835670>", team="<IDEProvisioningDisambiguatableBasicTeam: 0x6000003757c0; teamID='RJ8FB5M6HX', teamName='IAN LAWRENCE FIKE', teamType='Individual', username='fikei@uw.edu', isFreeProvisioningTeam='0'>">
	<IDEDistributionContext: 0x33119df90; archive = "<IDEArchive: 0x60000bf9db60>", distributionMethod="<IDEDistributionMethodiOSAppStoreValidation: 0x600005835670>", team="(null)">
	<IDEDistributionContext: 0x112891050; archive = "<IDEArchive: 0x60000bf9db60>", distributionMethod="<IDEDistributionMethodiOSAppStoreValidation: 0x600005835670>", team="(null)">
	<IDEDistributionContext: 0x12224f5e0; archive = "<IDEArchive: 0x60000bf9db60>", distributionMethod="(null)", team="(null)">
	<IDEDistributionContext: 0x112891510; archive = "<IDEArchive: 0x60000bf9db60>", distributionMethod="(null)", team="(null)">
	<IDEDistributionContext: 0x1128904f0; archive = "<IDEArchive: 0x60000bf9db60>", distributionMethod="(null)", team="(null)">
</IDEDistributionContext: 0x1128520d0>
2025-11-25 18:50:13 +0000  Running step: IDEDistributionAnalyzeVersionStep with <IDEDistributionContext: 0x112860ce0; archive(resolved)="<IDEArchive: 0x60000bf9db60>", distributionTask(resolved)="1", distributionDestination(resolved)="2", distributionMethod(resolved)="<IDEDistributionMethodiOSAppStoreValidation: 0x600005835670>", team(resolved)="<IDEProvisioningDisambiguatableBasicTeam: 0x6000003757c0; teamID='RJ8FB5M6HX', teamName='IAN LAWRENCE FIKE', teamType='Individual', username='fikei@uw.edu', isFreeProvisioningTeam='0'>">
	Chain (10, self inclusive):
	<IDEDistributionContext: 0x112860ce0; archive = "<IDEArchive: 0x60000bf9db60>", distributionMethod="<IDEDistributionMethodiOSAppStoreValidation: 0x600005835670>", team="<IDEProvisioningDisambiguatableBasicTeam: 0x6000003757c0; teamID='RJ8FB5M6HX', teamName='IAN LAWRENCE FIKE', teamType='Individual', username='fikei@uw.edu', isFreeProvisioningTeam='0'>">
	<IDEDistributionContext: 0x1128520d0; archive = "<IDEArchive: 0x60000bf9db60>", distributionMethod="<IDEDistributionMethodiOSAppStoreValidation: 0x600005835670>", team="<IDEProvisioningDisambiguatableBasicTeam: 0x6000003757c0; teamID='RJ8FB5M6HX', teamName='IAN LAWRENCE FIKE', teamType='Individual', username='fikei@uw.edu', isFreeProvisioningTeam='0'>">
	<IDEDistributionContext: 0x3318a88a0; archive = "<IDEArchive: 0x60000bf9db60>", distributionMethod="<IDEDistributionMethodiOSAppStoreValidation: 0x600005835670>", team="<IDEProvisioningDisambiguatableBasicTeam: 0x6000003757c0; teamID='RJ8FB5M6HX', teamName='IAN LAWRENCE FIKE', teamType='Individual', username='fikei@uw.edu', isFreeProvisioningTeam='0'>">
	<IDEDistributionContext: 0x3318765f0; archive = "<IDEArchive: 0x60000bf9db60>", distributionMethod="<IDEDistributionMethodiOSAppStoreValidation: 0x600005835670>", team="<IDEProvisioningDisambiguatableBasicTeam: 0x6000003757c0; teamID='RJ8FB5M6HX', teamName='IAN LAWRENCE FIKE', teamType='Individual', username='fikei@uw.edu', isFreeProvisioningTeam='0'>">
	<IDEDistributionContext: 0x33119d030; archive = "<IDEArchive: 0x60000bf9db60>", distributionMethod="<IDEDistributionMethodiOSAppStoreValidation: 0x600005835670>", team="<IDEProvisioningDisambiguatableBasicTeam: 0x6000003757c0; teamID='RJ8FB5M6HX', teamName='IAN LAWRENCE FIKE', teamType='Individual', username='fikei@uw.edu', isFreeProvisioningTeam='0'>">
	<IDEDistributionContext: 0x33119df90; archive = "<IDEArchive: 0x60000bf9db60>", distributionMethod="<IDEDistributionMethodiOSAppStoreValidation: 0x600005835670>", team="(null)">
	<IDEDistributionContext: 0x112891050; archive = "<IDEArchive: 0x60000bf9db60>", distributionMethod="<IDEDistributionMethodiOSAppStoreValidation: 0x600005835670>", team="(null)">
	<IDEDistributionContext: 0x12224f5e0; archive = "<IDEArchive: 0x60000bf9db60>", distributionMethod="(null)", team="(null)">
	<IDEDistributionContext: 0x112891510; archive = "<IDEArchive: 0x60000bf9db60>", distributionMethod="(null)", team="(null)">
	<IDEDistributionContext: 0x1128904f0; archive = "<IDEArchive: 0x60000bf9db60>", distributionMethod="(null)", team="(null)">
</IDEDistributionContext: 0x112860ce0>
2025-11-25 18:50:14 +0000  Found build number for app record.
2025-11-25 18:50:14 +0000  Running step: IDEDistributionAppStoreConfigurationStep with <IDEDistributionContext: 0x331867800; archive(resolved)="<IDEArchive: 0x60000bf9db60>", distributionTask(resolved)="1", distributionDestination(resolved)="2", distributionMethod(resolved)="<IDEDistributionMethodiOSAppStoreValidation: 0x600005835670>", team(resolved)="<IDEProvisioningDisambiguatableBasicTeam: 0x6000003757c0; teamID='RJ8FB5M6HX', teamName='IAN LAWRENCE FIKE', teamType='Individual', username='fikei@uw.edu', isFreeProvisioningTeam='0'>">
	Chain (11, self inclusive):
	<IDEDistributionContext: 0x331867800; archive = "<IDEArchive: 0x60000bf9db60>", distributionMethod="<IDEDistributionMethodiOSAppStoreValidation: 0x600005835670>", team="<IDEProvisioningDisambiguatableBasicTeam: 0x6000003757c0; teamID='RJ8FB5M6HX', teamName='IAN LAWRENCE FIKE', teamType='Individual', username='fikei@uw.edu', isFreeProvisioningTeam='0'>">
	<IDEDistributionContext: 0x112860ce0; archive = "<IDEArchive: 0x60000bf9db60>", distributionMethod="<IDEDistributionMethodiOSAppStoreValidation: 0x600005835670>", team="<IDEProvisioningDisambiguatableBasicTeam: 0x6000003757c0; teamID='RJ8FB5M6HX', teamName='IAN LAWRENCE FIKE', teamType='Individual', username='fikei@uw.edu', isFreeProvisioningTeam='0'>">
	<IDEDistributionContext: 0x1128520d0; archive = "<IDEArchive: 0x60000bf9db60>", distributionMethod="<IDEDistributionMethodiOSAppStoreValidation: 0x600005835670>", team="<IDEProvisioningDisambiguatableBasicTeam: 0x6000003757c0; teamID='RJ8FB5M6HX', teamName='IAN LAWRENCE FIKE', teamType='Individual', username='fikei@uw.edu', isFreeProvisioningTeam='0'>">
	<IDEDistributionContext: 0x3318a88a0; archive = "<IDEArchive: 0x60000bf9db60>", distributionMethod="<IDEDistributionMethodiOSAppStoreValidation: 0x600005835670>", team="<IDEProvisioningDisambiguatableBasicTeam: 0x6000003757c0; teamID='RJ8FB5M6HX', teamName='IAN LAWRENCE FIKE', teamType='Individual', username='fikei@uw.edu', isFreeProvisioningTeam='0'>">
	<IDEDistributionContext: 0x3318765f0; archive = "<IDEArchive: 0x60000bf9db60>", distributionMethod="<IDEDistributionMethodiOSAppStoreValidation: 0x600005835670>", team="<IDEProvisioningDisambiguatableBasicTeam: 0x6000003757c0; teamID='RJ8FB5M6HX', teamName='IAN LAWRENCE FIKE', teamType='Individual', username='fikei@uw.edu', isFreeProvisioningTeam='0'>">
	<IDEDistributionContext: 0x33119d030; archive = "<IDEArchive: 0x60000bf9db60>", distributionMethod="<IDEDistributionMethodiOSAppStoreValidation: 0x600005835670>", team="<IDEProvisioningDisambiguatableBasicTeam: 0x6000003757c0; teamID='RJ8FB5M6HX', teamName='IAN LAWRENCE FIKE', teamType='Individual', username='fikei@uw.edu', isFreeProvisioningTeam='0'>">
	<IDEDistributionContext: 0x33119df90; archive = "<IDEArchive: 0x60000bf9db60>", distributionMethod="<IDEDistributionMethodiOSAppStoreValidation: 0x600005835670>", team="(null)">
	<IDEDistributionContext: 0x112891050; archive = "<IDEArchive: 0x60000bf9db60>", distributionMethod="<IDEDistributionMethodiOSAppStoreValidation: 0x600005835670>", team="(null)">
	<IDEDistributionContext: 0x12224f5e0; archive = "<IDEArchive: 0x60000bf9db60>", distributionMethod="(null)", team="(null)">
	<IDEDistributionContext: 0x112891510; archive = "<IDEArchive: 0x60000bf9db60>", distributionMethod="(null)", team="(null)">
	<IDEDistributionContext: 0x1128904f0; archive = "<IDEArchive: 0x60000bf9db60>", distributionMethod="(null)", team="(null)">
</IDEDistributionContext: 0x331867800>
2025-11-25 18:50:14 +0000  Running step: IDEDistributionOptionsStep with <IDEDistributionContext: 0x330df8a10; archive(resolved)="<IDEArchive: 0x60000bf9db60>", distributionTask(resolved)="1", distributionDestination(resolved)="2", distributionMethod(resolved)="<IDEDistributionMethodiOSAppStoreValidation: 0x600005835670>", team(resolved)="<IDEProvisioningDisambiguatableBasicTeam: 0x6000003757c0; teamID='RJ8FB5M6HX', teamName='IAN LAWRENCE FIKE', teamType='Individual', username='fikei@uw.edu', isFreeProvisioningTeam='0'>">
	Chain (12, self inclusive):
	<IDEDistributionContext: 0x330df8a10; archive = "<IDEArchive: 0x60000bf9db60>", distributionMethod="<IDEDistributionMethodiOSAppStoreValidation: 0x600005835670>", team="<IDEProvisioningDisambiguatableBasicTeam: 0x6000003757c0; teamID='RJ8FB5M6HX', teamName='IAN LAWRENCE FIKE', teamType='Individual', username='fikei@uw.edu', isFreeProvisioningTeam='0'>">
	<IDEDistributionContext: 0x331867800; archive = "<IDEArchive: 0x60000bf9db60>", distributionMethod="<IDEDistributionMethodiOSAppStoreValidation: 0x600005835670>", team="<IDEProvisioningDisambiguatableBasicTeam: 0x6000003757c0; teamID='RJ8FB5M6HX', teamName='IAN LAWRENCE FIKE', teamType='Individual', username='fikei@uw.edu', isFreeProvisioningTeam='0'>">
	<IDEDistributionContext: 0x112860ce0; archive = "<IDEArchive: 0x60000bf9db60>", distributionMethod="<IDEDistributionMethodiOSAppStoreValidation: 0x600005835670>", team="<IDEProvisioningDisambiguatableBasicTeam: 0x6000003757c0; teamID='RJ8FB5M6HX', teamName='IAN LAWRENCE FIKE', teamType='Individual', username='fikei@uw.edu', isFreeProvisioningTeam='0'>">
	<IDEDistributionContext: 0x1128520d0; archive = "<IDEArchive: 0x60000bf9db60>", distributionMethod="<IDEDistributionMethodiOSAppStoreValidation: 0x600005835670>", team="<IDEProvisioningDisambiguatableBasicTeam: 0x6000003757c0; teamID='RJ8FB5M6HX', teamName='IAN LAWRENCE FIKE', teamType='Individual', username='fikei@uw.edu', isFreeProvisioningTeam='0'>">
	<IDEDistributionContext: 0x3318a88a0; archive = "<IDEArchive: 0x60000bf9db60>", distributionMethod="<IDEDistributionMethodiOSAppStoreValidation: 0x600005835670>", team="<IDEProvisioningDisambiguatableBasicTeam: 0x6000003757c0; teamID='RJ8FB5M6HX', teamName='IAN LAWRENCE FIKE', teamType='Individual', username='fikei@uw.edu', isFreeProvisioningTeam='0'>">
	<IDEDistributionContext: 0x3318765f0; archive = "<IDEArchive: 0x60000bf9db60>", distributionMethod="<IDEDistributionMethodiOSAppStoreValidation: 0x600005835670>", team="<IDEProvisioningDisambiguatableBasicTeam: 0x6000003757c0; teamID='RJ8FB5M6HX', teamName='IAN LAWRENCE FIKE', teamType='Individual', username='fikei@uw.edu', isFreeProvisioningTeam='0'>">
	<IDEDistributionContext: 0x33119d030; archive = "<IDEArchive: 0x60000bf9db60>", distributionMethod="<IDEDistributionMethodiOSAppStoreValidation: 0x600005835670>", team="<IDEProvisioningDisambiguatableBasicTeam: 0x6000003757c0; teamID='RJ8FB5M6HX', teamName='IAN LAWRENCE FIKE', teamType='Individual', username='fikei@uw.edu', isFreeProvisioningTeam='0'>">
	<IDEDistributionContext: 0x33119df90; archive = "<IDEArchive: 0x60000bf9db60>", distributionMethod="<IDEDistributionMethodiOSAppStoreValidation: 0x600005835670>", team="(null)">
	<IDEDistributionContext: 0x112891050; archive = "<IDEArchive: 0x60000bf9db60>", distributionMethod="<IDEDistributionMethodiOSAppStoreValidation: 0x600005835670>", team="(null)">
	<IDEDistributionContext: 0x12224f5e0; archive = "<IDEArchive: 0x60000bf9db60>", distributionMethod="(null)", team="(null)">
	<IDEDistributionContext: 0x112891510; archive = "<IDEArchive: 0x60000bf9db60>", distributionMethod="(null)", team="(null)">
	<IDEDistributionContext: 0x1128904f0; archive = "<IDEArchive: 0x60000bf9db60>", distributionMethod="(null)", team="(null)">
</IDEDistributionContext: 0x330df8a10>
2025-11-25 18:50:14 +0000  Running step: IDEDistributionSigningMethodStep with <IDEDistributionContext: 0x3311a0f50; archive(resolved)="<IDEArchive: 0x60000bf9db60>", distributionTask(resolved)="1", distributionDestination(resolved)="2", distributionMethod(resolved)="<IDEDistributionMethodiOSAppStoreValidation: 0x600005835670>", team(resolved)="<IDEProvisioningDisambiguatableBasicTeam: 0x6000003757c0; teamID='RJ8FB5M6HX', teamName='IAN LAWRENCE FIKE', teamType='Individual', username='fikei@uw.edu', isFreeProvisioningTeam='0'>">
	Chain (13, self inclusive):
	<IDEDistributionContext: 0x3311a0f50; archive = "<IDEArchive: 0x60000bf9db60>", distributionMethod="<IDEDistributionMethodiOSAppStoreValidation: 0x600005835670>", team="<IDEProvisioningDisambiguatableBasicTeam: 0x6000003757c0; teamID='RJ8FB5M6HX', teamName='IAN LAWRENCE FIKE', teamType='Individual', username='fikei@uw.edu', isFreeProvisioningTeam='0'>">
	<IDEDistributionContext: 0x330df8a10; archive = "<IDEArchive: 0x60000bf9db60>", distributionMethod="<IDEDistributionMethodiOSAppStoreValidation: 0x600005835670>", team="<IDEProvisioningDisambiguatableBasicTeam: 0x6000003757c0; teamID='RJ8FB5M6HX', teamName='IAN LAWRENCE FIKE', teamType='Individual', username='fikei@uw.edu', isFreeProvisioningTeam='0'>">
	<IDEDistributionContext: 0x331867800; archive = "<IDEArchive: 0x60000bf9db60>", distributionMethod="<IDEDistributionMethodiOSAppStoreValidation: 0x600005835670>", team="<IDEProvisioningDisambiguatableBasicTeam: 0x6000003757c0; teamID='RJ8FB5M6HX', teamName='IAN LAWRENCE FIKE', teamType='Individual', username='fikei@uw.edu', isFreeProvisioningTeam='0'>">
	<IDEDistributionContext: 0x112860ce0; archive = "<IDEArchive: 0x60000bf9db60>", distributionMethod="<IDEDistributionMethodiOSAppStoreValidation: 0x600005835670>", team="<IDEProvisioningDisambiguatableBasicTeam: 0x6000003757c0; teamID='RJ8FB5M6HX', teamName='IAN LAWRENCE FIKE', teamType='Individual', username='fikei@uw.edu', isFreeProvisioningTeam='0'>">
	<IDEDistributionContext: 0x1128520d0; archive = "<IDEArchive: 0x60000bf9db60>", distributionMethod="<IDEDistributionMethodiOSAppStoreValidation: 0x600005835670>", team="<IDEProvisioningDisambiguatableBasicTeam: 0x6000003757c0; teamID='RJ8FB5M6HX', teamName='IAN LAWRENCE FIKE', teamType='Individual', username='fikei@uw.edu', isFreeProvisioningTeam='0'>">
	<IDEDistributionContext: 0x3318a88a0; archive = "<IDEArchive: 0x60000bf9db60>", distributionMethod="<IDEDistributionMethodiOSAppStoreValidation: 0x600005835670>", team="<IDEProvisioningDisambiguatableBasicTeam: 0x6000003757c0; teamID='RJ8FB5M6HX', teamName='IAN LAWRENCE FIKE', teamType='Individual', username='fikei@uw.edu', isFreeProvisioningTeam='0'>">
	<IDEDistributionContext: 0x3318765f0; archive = "<IDEArchive: 0x60000bf9db60>", distributionMethod="<IDEDistributionMethodiOSAppStoreValidation: 0x600005835670>", team="<IDEProvisioningDisambiguatableBasicTeam: 0x6000003757c0; teamID='RJ8FB5M6HX', teamName='IAN LAWRENCE FIKE', teamType='Individual', username='fikei@uw.edu', isFreeProvisioningTeam='0'>">
	<IDEDistributionContext: 0x33119d030; archive = "<IDEArchive: 0x60000bf9db60>", distributionMethod="<IDEDistributionMethodiOSAppStoreValidation: 0x600005835670>", team="<IDEProvisioningDisambiguatableBasicTeam: 0x6000003757c0; teamID='RJ8FB5M6HX', teamName='IAN LAWRENCE FIKE', teamType='Individual', username='fikei@uw.edu', isFreeProvisioningTeam='0'>">
	<IDEDistributionContext: 0x33119df90; archive = "<IDEArchive: 0x60000bf9db60>", distributionMethod="<IDEDistributionMethodiOSAppStoreValidation: 0x600005835670>", team="(null)">
	<IDEDistributionContext: 0x112891050; archive = "<IDEArchive: 0x60000bf9db60>", distributionMethod="<IDEDistributionMethodiOSAppStoreValidation: 0x600005835670>", team="(null)">
	<IDEDistributionContext: 0x12224f5e0; archive = "<IDEArchive: 0x60000bf9db60>", distributionMethod="(null)", team="(null)">
	<IDEDistributionContext: 0x112891510; archive = "<IDEArchive: 0x60000bf9db60>", distributionMethod="(null)", team="(null)">
	<IDEDistributionContext: 0x1128904f0; archive = "<IDEArchive: 0x60000bf9db60>", distributionMethod="(null)", team="(null)">
</IDEDistributionContext: 0x3311a0f50>
2025-11-25 18:50:14 +0000  Running step: IDEDistributionSigningAssetsStep with <IDEDistributionContext: 0x3318687c0; archive(resolved)="<IDEArchive: 0x60000bf9db60>", distributionTask(resolved)="1", distributionDestination(resolved)="2", distributionMethod(resolved)="<IDEDistributionMethodiOSAppStoreValidation: 0x600005835670>", team(resolved)="<IDEProvisioningDisambiguatableBasicTeam: 0x6000003757c0; teamID='RJ8FB5M6HX', teamName='IAN LAWRENCE FIKE', teamType='Individual', username='fikei@uw.edu', isFreeProvisioningTeam='0'>">
	Chain (14, self inclusive):
	<IDEDistributionContext: 0x3318687c0; archive = "<IDEArchive: 0x60000bf9db60>", distributionMethod="<IDEDistributionMethodiOSAppStoreValidation: 0x600005835670>", team="<IDEProvisioningDisambiguatableBasicTeam: 0x6000003757c0; teamID='RJ8FB5M6HX', teamName='IAN LAWRENCE FIKE', teamType='Individual', username='fikei@uw.edu', isFreeProvisioningTeam='0'>">
	<IDEDistributionContext: 0x3311a0f50; archive = "<IDEArchive: 0x60000bf9db60>", distributionMethod="<IDEDistributionMethodiOSAppStoreValidation: 0x600005835670>", team="<IDEProvisioningDisambiguatableBasicTeam: 0x6000003757c0; teamID='RJ8FB5M6HX', teamName='IAN LAWRENCE FIKE', teamType='Individual', username='fikei@uw.edu', isFreeProvisioningTeam='0'>">
	<IDEDistributionContext: 0x330df8a10; archive = "<IDEArchive: 0x60000bf9db60>", distributionMethod="<IDEDistributionMethodiOSAppStoreValidation: 0x600005835670>", team="<IDEProvisioningDisambiguatableBasicTeam: 0x6000003757c0; teamID='RJ8FB5M6HX', teamName='IAN LAWRENCE FIKE', teamType='Individual', username='fikei@uw.edu', isFreeProvisioningTeam='0'>">
	<IDEDistributionContext: 0x331867800; archive = "<IDEArchive: 0x60000bf9db60>", distributionMethod="<IDEDistributionMethodiOSAppStoreValidation: 0x600005835670>", team="<IDEProvisioningDisambiguatableBasicTeam: 0x6000003757c0; teamID='RJ8FB5M6HX', teamName='IAN LAWRENCE FIKE', teamType='Individual', username='fikei@uw.edu', isFreeProvisioningTeam='0'>">
	<IDEDistributionContext: 0x112860ce0; archive = "<IDEArchive: 0x60000bf9db60>", distributionMethod="<IDEDistributionMethodiOSAppStoreValidation: 0x600005835670>", team="<IDEProvisioningDisambiguatableBasicTeam: 0x6000003757c0; teamID='RJ8FB5M6HX', teamName='IAN LAWRENCE FIKE', teamType='Individual', username='fikei@uw.edu', isFreeProvisioningTeam='0'>">
	<IDEDistributionContext: 0x1128520d0; archive = "<IDEArchive: 0x60000bf9db60>", distributionMethod="<IDEDistributionMethodiOSAppStoreValidation: 0x600005835670>", team="<IDEProvisioningDisambiguatableBasicTeam: 0x6000003757c0; teamID='RJ8FB5M6HX', teamName='IAN LAWRENCE FIKE', teamType='Individual', username='fikei@uw.edu', isFreeProvisioningTeam='0'>">
	<IDEDistributionContext: 0x3318a88a0; archive = "<IDEArchive: 0x60000bf9db60>", distributionMethod="<IDEDistributionMethodiOSAppStoreValidation: 0x600005835670>", team="<IDEProvisioningDisambiguatableBasicTeam: 0x6000003757c0; teamID='RJ8FB5M6HX', teamName='IAN LAWRENCE FIKE', teamType='Individual', username='fikei@uw.edu', isFreeProvisioningTeam='0'>">
	<IDEDistributionContext: 0x3318765f0; archive = "<IDEArchive: 0x60000bf9db60>", distributionMethod="<IDEDistributionMethodiOSAppStoreValidation: 0x600005835670>", team="<IDEProvisioningDisambiguatableBasicTeam: 0x6000003757c0; teamID='RJ8FB5M6HX', teamName='IAN LAWRENCE FIKE', teamType='Individual', username='fikei@uw.edu', isFreeProvisioningTeam='0'>">
	<IDEDistributionContext: 0x33119d030; archive = "<IDEArchive: 0x60000bf9db60>", distributionMethod="<IDEDistributionMethodiOSAppStoreValidation: 0x600005835670>", team="<IDEProvisioningDisambiguatableBasicTeam: 0x6000003757c0; teamID='RJ8FB5M6HX', teamName='IAN LAWRENCE FIKE', teamType='Individual', username='fikei@uw.edu', isFreeProvisioningTeam='0'>">
	<IDEDistributionContext: 0x33119df90; archive = "<IDEArchive: 0x60000bf9db60>", distributionMethod="<IDEDistributionMethodiOSAppStoreValidation: 0x600005835670>", team="(null)">
	<IDEDistributionContext: 0x112891050; archive = "<IDEArchive: 0x60000bf9db60>", distributionMethod="<IDEDistributionMethodiOSAppStoreValidation: 0x600005835670>", team="(null)">
	<IDEDistributionContext: 0x12224f5e0; archive = "<IDEArchive: 0x60000bf9db60>", distributionMethod="(null)", team="(null)">
	<IDEDistributionContext: 0x112891510; archive = "<IDEArchive: 0x60000bf9db60>", distributionMethod="(null)", team="(null)">
	<IDEDistributionContext: 0x1128904f0; archive = "<IDEArchive: 0x60000bf9db60>", distributionMethod="(null)", team="(null)">
</IDEDistributionContext: 0x3318687c0>
2025-11-25 18:50:14 +0000  Running step: IDEDistributionPackagingStep with <IDEDistributionContext: 0x33182f520; archive(resolved)="<IDEArchive: 0x60000bf9db60>", distributionTask(resolved)="1", distributionDestination(resolved)="2", distributionMethod(resolved)="<IDEDistributionMethodiOSAppStoreValidation: 0x600005835670>", team(resolved)="<IDEProvisioningDisambiguatableBasicTeam: 0x6000003757c0; teamID='RJ8FB5M6HX', teamName='IAN LAWRENCE FIKE', teamType='Individual', username='fikei@uw.edu', isFreeProvisioningTeam='0'>">
	Chain (15, self inclusive):
	<IDEDistributionContext: 0x33182f520; archive = "<IDEArchive: 0x60000bf9db60>", distributionMethod="<IDEDistributionMethodiOSAppStoreValidation: 0x600005835670>", team="<IDEProvisioningDisambiguatableBasicTeam: 0x6000003757c0; teamID='RJ8FB5M6HX', teamName='IAN LAWRENCE FIKE', teamType='Individual', username='fikei@uw.edu', isFreeProvisioningTeam='0'>">
	<IDEDistributionContext: 0x3318687c0; archive = "<IDEArchive: 0x60000bf9db60>", distributionMethod="<IDEDistributionMethodiOSAppStoreValidation: 0x600005835670>", team="<IDEProvisioningDisambiguatableBasicTeam: 0x6000003757c0; teamID='RJ8FB5M6HX', teamName='IAN LAWRENCE FIKE', teamType='Individual', username='fikei@uw.edu', isFreeProvisioningTeam='0'>">
	<IDEDistributionContext: 0x3311a0f50; archive = "<IDEArchive: 0x60000bf9db60>", distributionMethod="<IDEDistributionMethodiOSAppStoreValidation: 0x600005835670>", team="<IDEProvisioningDisambiguatableBasicTeam: 0x6000003757c0; teamID='RJ8FB5M6HX', teamName='IAN LAWRENCE FIKE', teamType='Individual', username='fikei@uw.edu', isFreeProvisioningTeam='0'>">
	<IDEDistributionContext: 0x330df8a10; archive = "<IDEArchive: 0x60000bf9db60>", distributionMethod="<IDEDistributionMethodiOSAppStoreValidation: 0x600005835670>", team="<IDEProvisioningDisambiguatableBasicTeam: 0x6000003757c0; teamID='RJ8FB5M6HX', teamName='IAN LAWRENCE FIKE', teamType='Individual', username='fikei@uw.edu', isFreeProvisioningTeam='0'>">
	<IDEDistributionContext: 0x331867800; archive = "<IDEArchive: 0x60000bf9db60>", distributionMethod="<IDEDistributionMethodiOSAppStoreValidation: 0x600005835670>", team="<IDEProvisioningDisambiguatableBasicTeam: 0x6000003757c0; teamID='RJ8FB5M6HX', teamName='IAN LAWRENCE FIKE', teamType='Individual', username='fikei@uw.edu', isFreeProvisioningTeam='0'>">
	<IDEDistributionContext: 0x112860ce0; archive = "<IDEArchive: 0x60000bf9db60>", distributionMethod="<IDEDistributionMethodiOSAppStoreValidation: 0x600005835670>", team="<IDEProvisioningDisambiguatableBasicTeam: 0x6000003757c0; teamID='RJ8FB5M6HX', teamName='IAN LAWRENCE FIKE', teamType='Individual', username='fikei@uw.edu', isFreeProvisioningTeam='0'>">
	<IDEDistributionContext: 0x1128520d0; archive = "<IDEArchive: 0x60000bf9db60>", distributionMethod="<IDEDistributionMethodiOSAppStoreValidation: 0x600005835670>", team="<IDEProvisioningDisambiguatableBasicTeam: 0x6000003757c0; teamID='RJ8FB5M6HX', teamName='IAN LAWRENCE FIKE', teamType='Individual', username='fikei@uw.edu', isFreeProvisioningTeam='0'>">
	<IDEDistributionContext: 0x3318a88a0; archive = "<IDEArchive: 0x60000bf9db60>", distributionMethod="<IDEDistributionMethodiOSAppStoreValidation: 0x600005835670>", team="<IDEProvisioningDisambiguatableBasicTeam: 0x6000003757c0; teamID='RJ8FB5M6HX', teamName='IAN LAWRENCE FIKE', teamType='Individual', username='fikei@uw.edu', isFreeProvisioningTeam='0'>">
	<IDEDistributionContext: 0x3318765f0; archive = "<IDEArchive: 0x60000bf9db60>", distributionMethod="<IDEDistributionMethodiOSAppStoreValidation: 0x600005835670>", team="<IDEProvisioningDisambiguatableBasicTeam: 0x6000003757c0; teamID='RJ8FB5M6HX', teamName='IAN LAWRENCE FIKE', teamType='Individual', username='fikei@uw.edu', isFreeProvisioningTeam='0'>">
	<IDEDistributionContext: 0x33119d030; archive = "<IDEArchive: 0x60000bf9db60>", distributionMethod="<IDEDistributionMethodiOSAppStoreValidation: 0x600005835670>", team="<IDEProvisioningDisambiguatableBasicTeam: 0x6000003757c0; teamID='RJ8FB5M6HX', teamName='IAN LAWRENCE FIKE', teamType='Individual', username='fikei@uw.edu', isFreeProvisioningTeam='0'>">
	<IDEDistributionContext: 0x33119df90; archive = "<IDEArchive: 0x60000bf9db60>", distributionMethod="<IDEDistributionMethodiOSAppStoreValidation: 0x600005835670>", team="(null)">
	<IDEDistributionContext: 0x112891050; archive = "<IDEArchive: 0x60000bf9db60>", distributionMethod="<IDEDistributionMethodiOSAppStoreValidation: 0x600005835670>", team="(null)">
	<IDEDistributionContext: 0x12224f5e0; archive = "<IDEArchive: 0x60000bf9db60>", distributionMethod="(null)", team="(null)">
	<IDEDistributionContext: 0x112891510; archive = "<IDEArchive: 0x60000bf9db60>", distributionMethod="(null)", team="(null)">
	<IDEDistributionContext: 0x1128904f0; archive = "<IDEArchive: 0x60000bf9db60>", distributionMethod="(null)", team="(null)">
</IDEDistributionContext: 0x33182f520>
2025-11-25 18:50:15 +0000  Running step: IDEDistributionSummaryStep with <IDEDistributionContext: 0x11285b6a0; archive(resolved)="<IDEArchive: 0x60000bf9db60>", distributionTask(resolved)="1", distributionDestination(resolved)="2", distributionMethod(resolved)="<IDEDistributionMethodiOSAppStoreValidation: 0x600005835670>", team(resolved)="<IDEProvisioningDisambiguatableBasicTeam: 0x6000003757c0; teamID='RJ8FB5M6HX', teamName='IAN LAWRENCE FIKE', teamType='Individual', username='fikei@uw.edu', isFreeProvisioningTeam='0'>">
	Chain (16, self inclusive):
	<IDEDistributionContext: 0x11285b6a0; archive = "<IDEArchive: 0x60000bf9db60>", distributionMethod="<IDEDistributionMethodiOSAppStoreValidation: 0x600005835670>", team="<IDEProvisioningDisambiguatableBasicTeam: 0x6000003757c0; teamID='RJ8FB5M6HX', teamName='IAN LAWRENCE FIKE', teamType='Individual', username='fikei@uw.edu', isFreeProvisioningTeam='0'>">
	<IDEDistributionContext: 0x33182f520; archive = "<IDEArchive: 0x60000bf9db60>", distributionMethod="<IDEDistributionMethodiOSAppStoreValidation: 0x600005835670>", team="<IDEProvisioningDisambiguatableBasicTeam: 0x6000003757c0; teamID='RJ8FB5M6HX', teamName='IAN LAWRENCE FIKE', teamType='Individual', username='fikei@uw.edu', isFreeProvisioningTeam='0'>">
	<IDEDistributionContext: 0x3318687c0; archive = "<IDEArchive: 0x60000bf9db60>", distributionMethod="<IDEDistributionMethodiOSAppStoreValidation: 0x600005835670>", team="<IDEProvisioningDisambiguatableBasicTeam: 0x6000003757c0; teamID='RJ8FB5M6HX', teamName='IAN LAWRENCE FIKE', teamType='Individual', username='fikei@uw.edu', isFreeProvisioningTeam='0'>">
	<IDEDistributionContext: 0x3311a0f50; archive = "<IDEArchive: 0x60000bf9db60>", distributionMethod="<IDEDistributionMethodiOSAppStoreValidation: 0x600005835670>", team="<IDEProvisioningDisambiguatableBasicTeam: 0x6000003757c0; teamID='RJ8FB5M6HX', teamName='IAN LAWRENCE FIKE', teamType='Individual', username='fikei@uw.edu', isFreeProvisioningTeam='0'>">
	<IDEDistributionContext: 0x330df8a10; archive = "<IDEArchive: 0x60000bf9db60>", distributionMethod="<IDEDistributionMethodiOSAppStoreValidation: 0x600005835670>", team="<IDEProvisioningDisambiguatableBasicTeam: 0x6000003757c0; teamID='RJ8FB5M6HX', teamName='IAN LAWRENCE FIKE', teamType='Individual', username='fikei@uw.edu', isFreeProvisioningTeam='0'>">
	<IDEDistributionContext: 0x331867800; archive = "<IDEArchive: 0x60000bf9db60>", distributionMethod="<IDEDistributionMethodiOSAppStoreValidation: 0x600005835670>", team="<IDEProvisioningDisambiguatableBasicTeam: 0x6000003757c0; teamID='RJ8FB5M6HX', teamName='IAN LAWRENCE FIKE', teamType='Individual', username='fikei@uw.edu', isFreeProvisioningTeam='0'>">
	<IDEDistributionContext: 0x112860ce0; archive = "<IDEArchive: 0x60000bf9db60>", distributionMethod="<IDEDistributionMethodiOSAppStoreValidation: 0x600005835670>", team="<IDEProvisioningDisambiguatableBasicTeam: 0x6000003757c0; teamID='RJ8FB5M6HX', teamName='IAN LAWRENCE FIKE', teamType='Individual', username='fikei@uw.edu', isFreeProvisioningTeam='0'>">
	<IDEDistributionContext: 0x1128520d0; archive = "<IDEArchive: 0x60000bf9db60>", distributionMethod="<IDEDistributionMethodiOSAppStoreValidation: 0x600005835670>", team="<IDEProvisioningDisambiguatableBasicTeam: 0x6000003757c0; teamID='RJ8FB5M6HX', teamName='IAN LAWRENCE FIKE', teamType='Individual', username='fikei@uw.edu', isFreeProvisioningTeam='0'>">
	<IDEDistributionContext: 0x3318a88a0; archive = "<IDEArchive: 0x60000bf9db60>", distributionMethod="<IDEDistributionMethodiOSAppStoreValidation: 0x600005835670>", team="<IDEProvisioningDisambiguatableBasicTeam: 0x6000003757c0; teamID='RJ8FB5M6HX', teamName='IAN LAWRENCE FIKE', teamType='Individual', username='fikei@uw.edu', isFreeProvisioningTeam='0'>">
	<IDEDistributionContext: 0x3318765f0; archive = "<IDEArchive: 0x60000bf9db60>", distributionMethod="<IDEDistributionMethodiOSAppStoreValidation: 0x600005835670>", team="<IDEProvisioningDisambiguatableBasicTeam: 0x6000003757c0; teamID='RJ8FB5M6HX', teamName='IAN LAWRENCE FIKE', teamType='Individual', username='fikei@uw.edu', isFreeProvisioningTeam='0'>">
	<IDEDistributionContext: 0x33119d030; archive = "<IDEArchive: 0x60000bf9db60>", distributionMethod="<IDEDistributionMethodiOSAppStoreValidation: 0x600005835670>", team="<IDEProvisioningDisambiguatableBasicTeam: 0x6000003757c0; teamID='RJ8FB5M6HX', teamName='IAN LAWRENCE FIKE', teamType='Individual', username='fikei@uw.edu', isFreeProvisioningTeam='0'>">
	<IDEDistributionContext: 0x33119df90; archive = "<IDEArchive: 0x60000bf9db60>", distributionMethod="<IDEDistributionMethodiOSAppStoreValidation: 0x600005835670>", team="(null)">
	<IDEDistributionContext: 0x112891050; archive = "<IDEArchive: 0x60000bf9db60>", distributionMethod="<IDEDistributionMethodiOSAppStoreValidation: 0x600005835670>", team="(null)">
	<IDEDistributionContext: 0x12224f5e0; archive = "<IDEArchive: 0x60000bf9db60>", distributionMethod="(null)", team="(null)">
	<IDEDistributionContext: 0x112891510; archive = "<IDEArchive: 0x60000bf9db60>", distributionMethod="(null)", team="(null)">
	<IDEDistributionContext: 0x1128904f0; archive = "<IDEArchive: 0x60000bf9db60>", distributionMethod="(null)", team="(null)">
</IDEDistributionContext: 0x11285b6a0>
2025-11-25 18:50:15 +0000  Running step: IDEDistributionValidationStep with <IDEDistributionContext: 0x3281418c0; archive(resolved)="<IDEArchive: 0x60000bf9db60>", distributionTask(resolved)="1", distributionDestination(resolved)="2", distributionMethod(resolved)="<IDEDistributionMethodiOSAppStoreValidation: 0x600005835670>", team(resolved)="<IDEProvisioningDisambiguatableBasicTeam: 0x6000003757c0; teamID='RJ8FB5M6HX', teamName='IAN LAWRENCE FIKE', teamType='Individual', username='fikei@uw.edu', isFreeProvisioningTeam='0'>">
	Chain (17, self inclusive):
	<IDEDistributionContext: 0x3281418c0; archive = "<IDEArchive: 0x60000bf9db60>", distributionMethod="<IDEDistributionMethodiOSAppStoreValidation: 0x600005835670>", team="<IDEProvisioningDisambiguatableBasicTeam: 0x6000003757c0; teamID='RJ8FB5M6HX', teamName='IAN LAWRENCE FIKE', teamType='Individual', username='fikei@uw.edu', isFreeProvisioningTeam='0'>">
	<IDEDistributionContext: 0x11285b6a0; archive = "<IDEArchive: 0x60000bf9db60>", distributionMethod="<IDEDistributionMethodiOSAppStoreValidation: 0x600005835670>", team="<IDEProvisioningDisambiguatableBasicTeam: 0x6000003757c0; teamID='RJ8FB5M6HX', teamName='IAN LAWRENCE FIKE', teamType='Individual', username='fikei@uw.edu', isFreeProvisioningTeam='0'>">
	<IDEDistributionContext: 0x33182f520; archive = "<IDEArchive: 0x60000bf9db60>", distributionMethod="<IDEDistributionMethodiOSAppStoreValidation: 0x600005835670>", team="<IDEProvisioningDisambiguatableBasicTeam: 0x6000003757c0; teamID='RJ8FB5M6HX', teamName='IAN LAWRENCE FIKE', teamType='Individual', username='fikei@uw.edu', isFreeProvisioningTeam='0'>">
	<IDEDistributionContext: 0x3318687c0; archive = "<IDEArchive: 0x60000bf9db60>", distributionMethod="<IDEDistributionMethodiOSAppStoreValidation: 0x600005835670>", team="<IDEProvisioningDisambiguatableBasicTeam: 0x6000003757c0; teamID='RJ8FB5M6HX', teamName='IAN LAWRENCE FIKE', teamType='Individual', username='fikei@uw.edu', isFreeProvisioningTeam='0'>">
	<IDEDistributionContext: 0x3311a0f50; archive = "<IDEArchive: 0x60000bf9db60>", distributionMethod="<IDEDistributionMethodiOSAppStoreValidation: 0x600005835670>", team="<IDEProvisioningDisambiguatableBasicTeam: 0x6000003757c0; teamID='RJ8FB5M6HX', teamName='IAN LAWRENCE FIKE', teamType='Individual', username='fikei@uw.edu', isFreeProvisioningTeam='0'>">
	<IDEDistributionContext: 0x330df8a10; archive = "<IDEArchive: 0x60000bf9db60>", distributionMethod="<IDEDistributionMethodiOSAppStoreValidation: 0x600005835670>", team="<IDEProvisioningDisambiguatableBasicTeam: 0x6000003757c0; teamID='RJ8FB5M6HX', teamName='IAN LAWRENCE FIKE', teamType='Individual', username='fikei@uw.edu', isFreeProvisioningTeam='0'>">
	<IDEDistributionContext: 0x331867800; archive = "<IDEArchive: 0x60000bf9db60>", distributionMethod="<IDEDistributionMethodiOSAppStoreValidation: 0x600005835670>", team="<IDEProvisioningDisambiguatableBasicTeam: 0x6000003757c0; teamID='RJ8FB5M6HX', teamName='IAN LAWRENCE FIKE', teamType='Individual', username='fikei@uw.edu', isFreeProvisioningTeam='0'>">
	<IDEDistributionContext: 0x112860ce0; archive = "<IDEArchive: 0x60000bf9db60>", distributionMethod="<IDEDistributionMethodiOSAppStoreValidation: 0x600005835670>", team="<IDEProvisioningDisambiguatableBasicTeam: 0x6000003757c0; teamID='RJ8FB5M6HX', teamName='IAN LAWRENCE FIKE', teamType='Individual', username='fikei@uw.edu', isFreeProvisioningTeam='0'>">
	<IDEDistributionContext: 0x1128520d0; archive = "<IDEArchive: 0x60000bf9db60>", distributionMethod="<IDEDistributionMethodiOSAppStoreValidation: 0x600005835670>", team="<IDEProvisioningDisambiguatableBasicTeam: 0x6000003757c0; teamID='RJ8FB5M6HX', teamName='IAN LAWRENCE FIKE', teamType='Individual', username='fikei@uw.edu', isFreeProvisioningTeam='0'>">
	<IDEDistributionContext: 0x3318a88a0; archive = "<IDEArchive: 0x60000bf9db60>", distributionMethod="<IDEDistributionMethodiOSAppStoreValidation: 0x600005835670>", team="<IDEProvisioningDisambiguatableBasicTeam: 0x6000003757c0; teamID='RJ8FB5M6HX', teamName='IAN LAWRENCE FIKE', teamType='Individual', username='fikei@uw.edu', isFreeProvisioningTeam='0'>">
	<IDEDistributionContext: 0x3318765f0; archive = "<IDEArchive: 0x60000bf9db60>", distributionMethod="<IDEDistributionMethodiOSAppStoreValidation: 0x600005835670>", team="<IDEProvisioningDisambiguatableBasicTeam: 0x6000003757c0; teamID='RJ8FB5M6HX', teamName='IAN LAWRENCE FIKE', teamType='Individual', username='fikei@uw.edu', isFreeProvisioningTeam='0'>">
	<IDEDistributionContext: 0x33119d030; archive = "<IDEArchive: 0x60000bf9db60>", distributionMethod="<IDEDistributionMethodiOSAppStoreValidation: 0x600005835670>", team="<IDEProvisioningDisambiguatableBasicTeam: 0x6000003757c0; teamID='RJ8FB5M6HX', teamName='IAN LAWRENCE FIKE', teamType='Individual', username='fikei@uw.edu', isFreeProvisioningTeam='0'>">
	<IDEDistributionContext: 0x33119df90; archive = "<IDEArchive: 0x60000bf9db60>", distributionMethod="<IDEDistributionMethodiOSAppStoreValidation: 0x600005835670>", team="(null)">
	<IDEDistributionContext: 0x112891050; archive = "<IDEArchive: 0x60000bf9db60>", distributionMethod="<IDEDistributionMethodiOSAppStoreValidation: 0x600005835670>", team="(null)">
	<IDEDistributionContext: 0x12224f5e0; archive = "<IDEArchive: 0x60000bf9db60>", distributionMethod="(null)", team="(null)">
	<IDEDistributionContext: 0x112891510; archive = "<IDEArchive: 0x60000bf9db60>", distributionMethod="(null)", team="(null)">
	<IDEDistributionContext: 0x1128904f0; archive = "<IDEArchive: 0x60000bf9db60>", distributionMethod="(null)", team="(null)">
</IDEDistributionContext: 0x3281418c0>
2025-11-25 18:50:30 +0000  Running step: IDEDistributionResultStep with <IDEDistributionContext: 0x32c3efa80; archive(resolved)="<IDEArchive: 0x60000bf9db60>", distributionTask(resolved)="1", distributionDestination(resolved)="2", distributionMethod(resolved)="<IDEDistributionMethodiOSAppStoreValidation: 0x600005835670>", team(resolved)="<IDEProvisioningDisambiguatableBasicTeam: 0x6000003757c0; teamID='RJ8FB5M6HX', teamName='IAN LAWRENCE FIKE', teamType='Individual', username='fikei@uw.edu', isFreeProvisioningTeam='0'>">
	Chain (18, self inclusive):
	<IDEDistributionContext: 0x32c3efa80; archive = "<IDEArchive: 0x60000bf9db60>", distributionMethod="<IDEDistributionMethodiOSAppStoreValidation: 0x600005835670>", team="<IDEProvisioningDisambiguatableBasicTeam: 0x6000003757c0; teamID='RJ8FB5M6HX', teamName='IAN LAWRENCE FIKE', teamType='Individual', username='fikei@uw.edu', isFreeProvisioningTeam='0'>">
	<IDEDistributionContext: 0x3281418c0; archive = "<IDEArchive: 0x60000bf9db60>", distributionMethod="<IDEDistributionMethodiOSAppStoreValidation: 0x600005835670>", team="<IDEProvisioningDisambiguatableBasicTeam: 0x6000003757c0; teamID='RJ8FB5M6HX', teamName='IAN LAWRENCE FIKE', teamType='Individual', username='fikei@uw.edu', isFreeProvisioningTeam='0'>">
	<IDEDistributionContext: 0x11285b6a0; archive = "<IDEArchive: 0x60000bf9db60>", distributionMethod="<IDEDistributionMethodiOSAppStoreValidation: 0x600005835670>", team="<IDEProvisioningDisambiguatableBasicTeam: 0x6000003757c0; teamID='RJ8FB5M6HX', teamName='IAN LAWRENCE FIKE', teamType='Individual', username='fikei@uw.edu', isFreeProvisioningTeam='0'>">
	<IDEDistributionContext: 0x33182f520; archive = "<IDEArchive: 0x60000bf9db60>", distributionMethod="<IDEDistributionMethodiOSAppStoreValidation: 0x600005835670>", team="<IDEProvisioningDisambiguatableBasicTeam: 0x6000003757c0; teamID='RJ8FB5M6HX', teamName='IAN LAWRENCE FIKE', teamType='Individual', username='fikei@uw.edu', isFreeProvisioningTeam='0'>">
	<IDEDistributionContext: 0x3318687c0; archive = "<IDEArchive: 0x60000bf9db60>", distributionMethod="<IDEDistributionMethodiOSAppStoreValidation: 0x600005835670>", team="<IDEProvisioningDisambiguatableBasicTeam: 0x6000003757c0; teamID='RJ8FB5M6HX', teamName='IAN LAWRENCE FIKE', teamType='Individual', username='fikei@uw.edu', isFreeProvisioningTeam='0'>">
	<IDEDistributionContext: 0x3311a0f50; archive = "<IDEArchive: 0x60000bf9db60>", distributionMethod="<IDEDistributionMethodiOSAppStoreValidation: 0x600005835670>", team="<IDEProvisioningDisambiguatableBasicTeam: 0x6000003757c0; teamID='RJ8FB5M6HX', teamName='IAN LAWRENCE FIKE', teamType='Individual', username='fikei@uw.edu', isFreeProvisioningTeam='0'>">
	<IDEDistributionContext: 0x330df8a10; archive = "<IDEArchive: 0x60000bf9db60>", distributionMethod="<IDEDistributionMethodiOSAppStoreValidation: 0x600005835670>", team="<IDEProvisioningDisambiguatableBasicTeam: 0x6000003757c0; teamID='RJ8FB5M6HX', teamName='IAN LAWRENCE FIKE', teamType='Individual', username='fikei@uw.edu', isFreeProvisioningTeam='0'>">
	<IDEDistributionContext: 0x331867800; archive = "<IDEArchive: 0x60000bf9db60>", distributionMethod="<IDEDistributionMethodiOSAppStoreValidation: 0x600005835670>", team="<IDEProvisioningDisambiguatableBasicTeam: 0x6000003757c0; teamID='RJ8FB5M6HX', teamName='IAN LAWRENCE FIKE', teamType='Individual', username='fikei@uw.edu', isFreeProvisioningTeam='0'>">
	<IDEDistributionContext: 0x112860ce0; archive = "<IDEArchive: 0x60000bf9db60>", distributionMethod="<IDEDistributionMethodiOSAppStoreValidation: 0x600005835670>", team="<IDEProvisioningDisambiguatableBasicTeam: 0x6000003757c0; teamID='RJ8FB5M6HX', teamName='IAN LAWRENCE FIKE', teamType='Individual', username='fikei@uw.edu', isFreeProvisioningTeam='0'>">
	<IDEDistributionContext: 0x1128520d0; archive = "<IDEArchive: 0x60000bf9db60>", distributionMethod="<IDEDistributionMethodiOSAppStoreValidation: 0x600005835670>", team="<IDEProvisioningDisambiguatableBasicTeam: 0x6000003757c0; teamID='RJ8FB5M6HX', teamName='IAN LAWRENCE FIKE', teamType='Individual', username='fikei@uw.edu', isFreeProvisioningTeam='0'>">
	<IDEDistributionContext: 0x3318a88a0; archive = "<IDEArchive: 0x60000bf9db60>", distributionMethod="<IDEDistributionMethodiOSAppStoreValidation: 0x600005835670>", team="<IDEProvisioningDisambiguatableBasicTeam: 0x6000003757c0; teamID='RJ8FB5M6HX', teamName='IAN LAWRENCE FIKE', teamType='Individual', username='fikei@uw.edu', isFreeProvisioningTeam='0'>">
	<IDEDistributionContext: 0x3318765f0; archive = "<IDEArchive: 0x60000bf9db60>", distributionMethod="<IDEDistributionMethodiOSAppStoreValidation: 0x600005835670>", team="<IDEProvisioningDisambiguatableBasicTeam: 0x6000003757c0; teamID='RJ8FB5M6HX', teamName='IAN LAWRENCE FIKE', teamType='Individual', username='fikei@uw.edu', isFreeProvisioningTeam='0'>">
	<IDEDistributionContext: 0x33119d030; archive = "<IDEArchive: 0x60000bf9db60>", distributionMethod="<IDEDistributionMethodiOSAppStoreValidation: 0x600005835670>", team="<IDEProvisioningDisambiguatableBasicTeam: 0x6000003757c0; teamID='RJ8FB5M6HX', teamName='IAN LAWRENCE FIKE', teamType='Individual', username='fikei@uw.edu', isFreeProvisioningTeam='0'>">
	<IDEDistributionContext: 0x33119df90; archive = "<IDEArchive: 0x60000bf9db60>", distributionMethod="<IDEDistributionMethodiOSAppStoreValidation: 0x600005835670>", team="(null)">
	<IDEDistributionContext: 0x112891050; archive = "<IDEArchive: 0x60000bf9db60>", distributionMethod="<IDEDistributionMethodiOSAppStoreValidation: 0x600005835670>", team="(null)">
	<IDEDistributionContext: 0x12224f5e0; archive = "<IDEArchive: 0x60000bf9db60>", distributionMethod="(null)", team="(null)">
	<IDEDistributionContext: 0x112891510; archive = "<IDEArchive: 0x60000bf9db60>", distributionMethod="(null)", team="(null)">
	<IDEDistributionContext: 0x1128904f0; archive = "<IDEArchive: 0x60000bf9db60>", distributionMethod="(null)", team="(null)">
</IDEDistributionContext: 0x32c3efa80>
2025-11-25 18:50:30 +0000 [MT] Proceeding to distribution step IDEDistributionResultStepViewController, context: <IDEDistributionContext: 0x12622bfb0; archive(resolved)="<IDEArchive: 0x60000bf9db60>", distributionTask(resolved)="1", distributionDestination(resolved)="2", distributionMethod(resolved)="<IDEDistributionMethodiOSAppStoreValidation: 0x600005835670>", team(resolved)="<IDEProvisioningDisambiguatableBasicTeam: 0x6000003757c0; teamID='RJ8FB5M6HX', teamName='IAN LAWRENCE FIKE', teamType='Individual', username='fikei@uw.edu', isFreeProvisioningTeam='0'>">
	Chain (21, self inclusive):
	<IDEDistributionContext: 0x12622bfb0; archive = "<IDEArchive: 0x60000bf9db60>", distributionMethod="<IDEDistributionMethodiOSAppStoreValidation: 0x600005835670>", team="<IDEProvisioningDisambiguatableBasicTeam: 0x6000003757c0; teamID='RJ8FB5M6HX', teamName='IAN LAWRENCE FIKE', teamType='Individual', username='fikei@uw.edu', isFreeProvisioningTeam='0'>">
	<IDEDistributionContext: 0x3311a2db0; archive = "<IDEArchive: 0x60000bf9db60>", distributionMethod="<IDEDistributionMethodiOSAppStoreValidation: 0x600005835670>", team="<IDEProvisioningDisambiguatableBasicTeam: 0x6000003757c0; teamID='RJ8FB5M6HX', teamName='IAN LAWRENCE FIKE', teamType='Individual', username='fikei@uw.edu', isFreeProvisioningTeam='0'>">
	<IDEDistributionContext: 0x12227bc30; archive = "<IDEArchive: 0x60000bf9db60>", distributionMethod="<IDEDistributionMethodiOSAppStoreValidation: 0x600005835670>", team="<IDEProvisioningDisambiguatableBasicTeam: 0x6000003757c0; teamID='RJ8FB5M6HX', teamName='IAN LAWRENCE FIKE', teamType='Individual', username='fikei@uw.edu', isFreeProvisioningTeam='0'>">
	<IDEDistributionContext: 0x32c3efa80; archive = "<IDEArchive: 0x60000bf9db60>", distributionMethod="<IDEDistributionMethodiOSAppStoreValidation: 0x600005835670>", team="<IDEProvisioningDisambiguatableBasicTeam: 0x6000003757c0; teamID='RJ8FB5M6HX', teamName='IAN LAWRENCE FIKE', teamType='Individual', username='fikei@uw.edu', isFreeProvisioningTeam='0'>">
	<IDEDistributionContext: 0x3281418c0; archive = "<IDEArchive: 0x60000bf9db60>", distributionMethod="<IDEDistributionMethodiOSAppStoreValidation: 0x600005835670>", team="<IDEProvisioningDisambiguatableBasicTeam: 0x6000003757c0; teamID='RJ8FB5M6HX', teamName='IAN LAWRENCE FIKE', teamType='Individual', username='fikei@uw.edu', isFreeProvisioningTeam='0'>">
	<IDEDistributionContext: 0x11285b6a0; archive = "<IDEArchive: 0x60000bf9db60>", distributionMethod="<IDEDistributionMethodiOSAppStoreValidation: 0x600005835670>", team="<IDEProvisioningDisambiguatableBasicTeam: 0x6000003757c0; teamID='RJ8FB5M6HX', teamName='IAN LAWRENCE FIKE', teamType='Individual', username='fikei@uw.edu', isFreeProvisioningTeam='0'>">
	<IDEDistributionContext: 0x33182f520; archive = "<IDEArchive: 0x60000bf9db60>", distributionMethod="<IDEDistributionMethodiOSAppStoreValidation: 0x600005835670>", team="<IDEProvisioningDisambiguatableBasicTeam: 0x6000003757c0; teamID='RJ8FB5M6HX', teamName='IAN LAWRENCE FIKE', teamType='Individual', username='fikei@uw.edu', isFreeProvisioningTeam='0'>">
	<IDEDistributionContext: 0x3318687c0; archive = "<IDEArchive: 0x60000bf9db60>", distributionMethod="<IDEDistributionMethodiOSAppStoreValidation: 0x600005835670>", team="<IDEProvisioningDisambiguatableBasicTeam: 0x6000003757c0; teamID='RJ8FB5M6HX', teamName='IAN LAWRENCE FIKE', teamType='Individual', username='fikei@uw.edu', isFreeProvisioningTeam='0'>">
	<IDEDistributionContext: 0x3311a0f50; archive = "<IDEArchive: 0x60000bf9db60>", distributionMethod="<IDEDistributionMethodiOSAppStoreValidation: 0x600005835670>", team="<IDEProvisioningDisambiguatableBasicTeam: 0x6000003757c0; teamID='RJ8FB5M6HX', teamName='IAN LAWRENCE FIKE', teamType='Individual', username='fikei@uw.edu', isFreeProvisioningTeam='0'>">
	<IDEDistributionContext: 0x330df8a10; archive = "<IDEArchive: 0x60000bf9db60>", distributionMethod="<IDEDistributionMethodiOSAppStoreValidation: 0x600005835670>", team="<IDEProvisioningDisambiguatableBasicTeam: 0x6000003757c0; teamID='RJ8FB5M6HX', teamName='IAN LAWRENCE FIKE', teamType='Individual', username='fikei@uw.edu', isFreeProvisioningTeam='0'>">
	<IDEDistributionContext: 0x331867800; archive = "<IDEArchive: 0x60000bf9db60>", distributionMethod="<IDEDistributionMethodiOSAppStoreValidation: 0x600005835670>", team="<IDEProvisioningDisambiguatableBasicTeam: 0x6000003757c0; teamID='RJ8FB5M6HX', teamName='IAN LAWRENCE FIKE', teamType='Individual', username='fikei@uw.edu', isFreeProvisioningTeam='0'>">
	<IDEDistributionContext: 0x112860ce0; archive = "<IDEArchive: 0x60000bf9db60>", distributionMethod="<IDEDistributionMethodiOSAppStoreValidation: 0x600005835670>", team="<IDEProvisioningDisambiguatableBasicTeam: 0x6000003757c0; teamID='RJ8FB5M6HX', teamName='IAN LAWRENCE FIKE', teamType='Individual', username='fikei@uw.edu', isFreeProvisioningTeam='0'>">
	<IDEDistributionContext: 0x1128520d0; archive = "<IDEArchive: 0x60000bf9db60>", distributionMethod="<IDEDistributionMethodiOSAppStoreValidation: 0x600005835670>", team="<IDEProvisioningDisambiguatableBasicTeam: 0x6000003757c0; teamID='RJ8FB5M6HX', teamName='IAN LAWRENCE FIKE', teamType='Individual', username='fikei@uw.edu', isFreeProvisioningTeam='0'>">
	<IDEDistributionContext: 0x3318a88a0; archive = "<IDEArchive: 0x60000bf9db60>", distributionMethod="<IDEDistributionMethodiOSAppStoreValidation: 0x600005835670>", team="<IDEProvisioningDisambiguatableBasicTeam: 0x6000003757c0; teamID='RJ8FB5M6HX', teamName='IAN LAWRENCE FIKE', teamType='Individual', username='fikei@uw.edu', isFreeProvisioningTeam='0'>">
	<IDEDistributionContext: 0x3318765f0; archive = "<IDEArchive: 0x60000bf9db60>", distributionMethod="<IDEDistributionMethodiOSAppStoreValidation: 0x600005835670>", team="<IDEProvisioningDisambiguatableBasicTeam: 0x6000003757c0; teamID='RJ8FB5M6HX', teamName='IAN LAWRENCE FIKE', teamType='Individual', username='fikei@uw.edu', isFreeProvisioningTeam='0'>">
	<IDEDistributionContext: 0x33119d030; archive = "<IDEArchive: 0x60000bf9db60>", distributionMethod="<IDEDistributionMethodiOSAppStoreValidation: 0x600005835670>", team="<IDEProvisioningDisambiguatableBasicTeam: 0x6000003757c0; teamID='RJ8FB5M6HX', teamName='IAN LAWRENCE FIKE', teamType='Individual', username='fikei@uw.edu', isFreeProvisioningTeam='0'>">
	<IDEDistributionContext: 0x33119df90; archive = "<IDEArchive: 0x60000bf9db60>", distributionMethod="<IDEDistributionMethodiOSAppStoreValidation: 0x600005835670>", team="(null)">
	<IDEDistributionContext: 0x112891050; archive = "<IDEArchive: 0x60000bf9db60>", distributionMethod="<IDEDistributionMethodiOSAppStoreValidation: 0x600005835670>", team="(null)">
	<IDEDistributionContext: 0x12224f5e0; archive = "<IDEArchive: 0x60000bf9db60>", distributionMethod="(null)", team="(null)">
	<IDEDistributionContext: 0x112891510; archive = "<IDEArchive: 0x60000bf9db60>", distributionMethod="(null)", team="(null)">
	<IDEDistributionContext: 0x1128904f0; archive = "<IDEArchive: 0x60000bf9db60>", distributionMethod="(null)", team="(null)">
</IDEDistributionContext: 0x12622bfb0>
2025-11-25 18:50:30 +0000 [MT] Validation for archive SFParkingZoneFinder had issues:
(
    "<IDEDistributionIssue: severity(error), error(Error Domain=ContentDelivery Code=409 \"Validation failed\" UserInfo={IDEDistributionIssueSeverity=3, NSLocalizedDescription=Validation failed, NSLocalizedRecoverySuggestion=SDK version issue. This app was built with the iOS 17.5 SDK. All iOS and iPadOS apps must be built with the iOS 18 SDK or later, included in Xcode 16 or later, in order to be uploaded to App Store Connect or submitted for distribution. (ID: 7a3b6504-f5b6-49b3-bf58-10da5c93e32d)})>"
)
